INFO: [SIM 2] *************** CSIM start ***************
INFO: [SIM 4] CSIM will launch GCC as the compiler.
   Generating csim.exe
Makefile.rules:399: recipe for target 'csim.exe' failed
/opt/Xilinx/Vivado/2018.3/tps/lnx64/binutils-2.26/bin/ld: warning: libpng12.so.0, needed by /opt/Xilinx/Vivado/2018.3/lnx64/tools/opencv/opencv_gcc/libopencv_highgui.so, not found (try using -rpath or -rpath-link)
/opt/Xilinx/Vivado/2018.3/lnx64/tools/opencv/opencv_gcc/libopencv_highgui.so: undefined reference to `png_read_info@PNG12_0'
/opt/Xilinx/Vivado/2018.3/lnx64/tools/opencv/opencv_gcc/libopencv_highgui.so: undefined reference to `png_set_packing@PNG12_0'
/opt/Xilinx/Vivado/2018.3/lnx64/tools/opencv/opencv_gcc/libopencv_highgui.so: undefined reference to `png_set_IHDR@PNG12_0'
/opt/Xilinx/Vivado/2018.3/lnx64/tools/opencv/opencv_gcc/libopencv_highgui.so: undefined reference to `png_read_update_info@PNG12_0'
/opt/Xilinx/Vivado/2018.3/lnx64/tools/opencv/opencv_gcc/libopencv_highgui.so: undefined reference to `png_set_write_fn@PNG12_0'
/opt/Xilinx/Vivado/2018.3/lnx64/tools/opencv/opencv_gcc/libopencv_highgui.so: undefined reference to `png_write_end@PNG12_0'
/opt/Xilinx/Vivado/2018.3/lnx64/tools/opencv/opencv_gcc/libopencv_highgui.so: undefined reference to `png_create_read_struct@PNG12_0'
/opt/Xilinx/Vivado/2018.3/lnx64/tools/opencv/opencv_gcc/libopencv_highgui.so: undefined reference to `png_read_image@PNG12_0'
/opt/Xilinx/Vivado/2018.3/lnx64/tools/opencv/opencv_gcc/libopencv_highgui.so: undefined reference to `png_set_strip_alpha@PNG12_0'
/opt/Xilinx/Vivado/2018.3/lnx64/tools/opencv/opencv_gcc/libopencv_highgui.so: undefined reference to `png_set_gray_to_rgb@PNG12_0'
/opt/Xilinx/Vivado/2018.3/lnx64/tools/opencv/opencv_gcc/libopencv_highgui.so: undefined reference to `png_get_IHDR@PNG12_0'
/opt/Xilinx/Vivado/2018.3/lnx64/tools/opencv/opencv_gcc/libopencv_highgui.so: undefined reference to `png_set_strip_16@PNG12_0'
/opt/Xilinx/Vivado/2018.3/lnx64/tools/opencv/opencv_gcc/libopencv_highgui.so: undefined reference to `png_create_write_struct@PNG12_0'
/opt/Xilinx/Vivado/2018.3/lnx64/tools/opencv/opencv_gcc/libopencv_highgui.so: undefined reference to `png_init_io@PNG12_0'
/opt/Xilinx/Vivado/2018.3/lnx64/tools/opencv/opencv_gcc/libopencv_highgui.so: undefined reference to `png_set_swap@PNG12_0'
/opt/Xilinx/Vivado/2018.3/lnx64/tools/opencv/opencv_gcc/libopencv_highgui.so: undefined reference to `png_set_compression_strategy@PNG12_0'
/opt/Xilinx/Vivado/2018.3/lnx64/tools/opencv/opencv_gcc/libopencv_highgui.so: undefined reference to `png_write_info@PNG12_0'
/opt/Xilinx/Vivado/2018.3/lnx64/tools/opencv/opencv_gcc/libopencv_highgui.so: undefined reference to `png_destroy_write_struct@PNG12_0'
/opt/Xilinx/Vivado/2018.3/lnx64/tools/opencv/opencv_gcc/libopencv_highgui.so: undefined reference to `png_get_io_ptr@PNG12_0'
/opt/Xilinx/Vivado/2018.3/lnx64/tools/opencv/opencv_gcc/libopencv_highgui.so: undefined reference to `png_set_palette_to_rgb@PNG12_0'
/opt/Xilinx/Vivado/2018.3/lnx64/tools/opencv/opencv_gcc/libopencv_highgui.so: undefined reference to `png_set_compression_level@PNG12_0'
/opt/Xilinx/Vivado/2018.3/lnx64/tools/opencv/opencv_gcc/libopencv_highgui.so: undefined reference to `png_destroy_read_struct@PNG12_0'
/opt/Xilinx/Vivado/2018.3/lnx64/tools/opencv/opencv_gcc/libopencv_highgui.so: undefined reference to `png_read_end@PNG12_0'
/opt/Xilinx/Vivado/2018.3/lnx64/tools/opencv/opencv_gcc/libopencv_highgui.so: undefined reference to `png_set_rgb_to_gray@PNG12_0'
/opt/Xilinx/Vivado/2018.3/lnx64/tools/opencv/opencv_gcc/libopencv_highgui.so: undefined reference to `png_error@PNG12_0'
/opt/Xilinx/Vivado/2018.3/lnx64/tools/opencv/opencv_gcc/libopencv_highgui.so: undefined reference to `png_write_image@PNG12_0'
/opt/Xilinx/Vivado/2018.3/lnx64/tools/opencv/opencv_gcc/libopencv_highgui.so: undefined reference to `png_set_read_fn@PNG12_0'
/opt/Xilinx/Vivado/2018.3/lnx64/tools/opencv/opencv_gcc/libopencv_highgui.so: undefined reference to `png_create_info_struct@PNG12_0'
/opt/Xilinx/Vivado/2018.3/lnx64/tools/opencv/opencv_gcc/libopencv_highgui.so: undefined reference to `png_set_expand_gray_1_2_4_to_8@PNG12_0'
/opt/Xilinx/Vivado/2018.3/lnx64/tools/opencv/opencv_gcc/libopencv_highgui.so: undefined reference to `png_set_filter@PNG12_0'
/opt/Xilinx/Vivado/2018.3/lnx64/tools/opencv/opencv_gcc/libopencv_highgui.so: undefined reference to `png_set_bgr@PNG12_0'
collect2: error: ld returned 1 exit status
make: *** [csim.exe] Error 1
ERR: [SIM 100] 'csim_design' failed: compilation error(s).
INFO: [SIM 3] *************** CSIM finish ***************
