

================================================================
== Vivado HLS Report for 'fir'
================================================================
* Date:           Wed Nov  6 10:43:21 2019

* Version:        2018.3 (Build 2405991 on Thu Dec 06 23:56:15 MST 2018)
* Project:        FIR_AXI4_new
* Solution:       Solution1
* Product family: zynq
* Target device:  xc7z010clg400-1


================================================================
== Performance Estimates
================================================================
+ Timing (ns): 
    * Summary: 
    +--------+-------+----------+------------+
    |  Clock | Target| Estimated| Uncertainty|
    +--------+-------+----------+------------+
    |ap_clk  |  10.00|     8.742|        1.25|
    +--------+-------+----------+------------+

+ Latency (clock cycles): 
    * Summary: 
    +-----+-----+-----+-----+----------+
    |  Latency  |  Interval | Pipeline |
    | min | max | min | max |   Type   |
    +-----+-----+-----+-----+----------+
    |  604|  604|  605|  605| dataflow |
    +-----+-----+-----+-----+----------+

    + Detail: 
        * Instance: 
        +--------------------------------+----------------------+-----+-----+-----+-----+---------+
        |                                |                      |  Latency  |  Interval | Pipeline|
        |            Instance            |        Module        | min | max | min | max |   Type  |
        +--------------------------------+----------------------+-----+-----+-----+-----+---------+
        |grp_Loop_STREAM_LOOP_pro_fu_94  |Loop_STREAM_LOOP_pro  |  604|  604|  604|  604|   none  |
        +--------------------------------+----------------------+-----+-----+-----+-----+---------+

        * Loop: 
        N/A

============================================================
+ Verbose Summary: Synthesis Manager
============================================================
InlineROM: 1
ExposeGlobal: 0
============================================================
+ Verbose Summary: CDFG Model
============================================================
IsTopModel: 1
ResetActiveHigh: 1
IsCombinational: 2
IsDatapathOnly: 0
HasWiredReturn: 1
HasMFsm: 0
HasVarLatency: 1
IsPipeline: 0
IsRtlPipelined: 0
IsInstanceOverlapped: 0
IsDontTouch: 0
HasImplIP: 0
IsGatedGlobalClock: 0


============================================================
+ Verbose Summary: Schedule
============================================================
* Number of FSM states : 4
* Pipeline : 0
* Dataflow Pipeline: 1
  DF-Pipeline-0: Size = 4, States = { 1 2 3 4 }

* FSM state transitions: 
1 --> 
	2  / true
2 --> 
	3  / true
3 --> 
	4  / true
4 --> 

* FSM state operations: 

State 1 <SV = 0> <Delay = 0.00>

State 2 <SV = 1> <Delay = 8.51>
ST_2 : Operation 5 [2/2] (8.51ns)   --->   "call fastcc void @Loop_STREAM_LOOP_pro(i32* %stream_in_V_data_V, i4* %stream_in_V_keep_V, i4* %stream_in_V_strb_V, i2* %stream_in_V_user_V, i1* %stream_in_V_last_V, i5* %stream_in_V_id_V, i6* %stream_in_V_dest_V, i32* %coeff_9_V, i32* %coeff_8_V, i32* %coeff_7_V, i32* %coeff_6_V, i32* %coeff_5_V, i32* %coeff_4_V, i32* %coeff_3_V, i32* %coeff_2_V, i32* %coeff_1_V, i32* %coeff_0_V, i32* %stream_out_V_data_V, i4* %stream_out_V_keep_V, i4* %stream_out_V_strb_V, i2* %stream_out_V_user_V, i1* %stream_out_V_last_V, i5* %stream_out_V_id_V, i6* %stream_out_V_dest_V)"   --->   Operation 5 'call' <Predicate = true> <Delay = 8.51> <CoreType = "Generic">   --->   Core 0 '' <Latency = 0> <II = 1> <Delay = 1.00> <Generic> <Opcode : >

State 3 <SV = 2> <Delay = 0.00>
ST_3 : Operation 6 [1/2] (0.00ns)   --->   "call fastcc void @Loop_STREAM_LOOP_pro(i32* %stream_in_V_data_V, i4* %stream_in_V_keep_V, i4* %stream_in_V_strb_V, i2* %stream_in_V_user_V, i1* %stream_in_V_last_V, i5* %stream_in_V_id_V, i6* %stream_in_V_dest_V, i32* %coeff_9_V, i32* %coeff_8_V, i32* %coeff_7_V, i32* %coeff_6_V, i32* %coeff_5_V, i32* %coeff_4_V, i32* %coeff_3_V, i32* %coeff_2_V, i32* %coeff_1_V, i32* %coeff_0_V, i32* %stream_out_V_data_V, i4* %stream_out_V_keep_V, i4* %stream_out_V_strb_V, i2* %stream_out_V_user_V, i1* %stream_out_V_last_V, i5* %stream_out_V_id_V, i6* %stream_out_V_dest_V)"   --->   Operation 6 'call' <Predicate = true> <Delay = 0.00> <CoreType = "Generic">   --->   Core 0 '' <Latency = 0> <II = 1> <Delay = 1.00> <Generic> <Opcode : >

State 4 <SV = 3> <Delay = 0.00>
ST_4 : Operation 7 [1/1] (0.00ns)   --->   "call void (...)* @_ssdm_op_SpecDataflowPipeline(i32 -1, i32 0, [1 x i8]* @p_str) nounwind" [FIR_AXI4/.settings/fir.cpp:6]   --->   Operation 7 'specdataflowpipeline' <Predicate = true> <Delay = 0.00>
ST_4 : Operation 8 [1/1] (0.00ns)   --->   "call void (...)* @_ssdm_op_SpecBitsMap(i32* %coeff_9_V), !map !49"   --->   Operation 8 'specbitsmap' <Predicate = true> <Delay = 0.00>
ST_4 : Operation 9 [1/1] (0.00ns)   --->   "call void (...)* @_ssdm_op_SpecBitsMap(i32* %coeff_8_V), !map !55"   --->   Operation 9 'specbitsmap' <Predicate = true> <Delay = 0.00>
ST_4 : Operation 10 [1/1] (0.00ns)   --->   "call void (...)* @_ssdm_op_SpecBitsMap(i32* %coeff_7_V), !map !61"   --->   Operation 10 'specbitsmap' <Predicate = true> <Delay = 0.00>
ST_4 : Operation 11 [1/1] (0.00ns)   --->   "call void (...)* @_ssdm_op_SpecBitsMap(i32* %coeff_6_V), !map !67"   --->   Operation 11 'specbitsmap' <Predicate = true> <Delay = 0.00>
ST_4 : Operation 12 [1/1] (0.00ns)   --->   "call void (...)* @_ssdm_op_SpecBitsMap(i32* %coeff_5_V), !map !73"   --->   Operation 12 'specbitsmap' <Predicate = true> <Delay = 0.00>
ST_4 : Operation 13 [1/1] (0.00ns)   --->   "call void (...)* @_ssdm_op_SpecBitsMap(i32* %coeff_4_V), !map !79"   --->   Operation 13 'specbitsmap' <Predicate = true> <Delay = 0.00>
ST_4 : Operation 14 [1/1] (0.00ns)   --->   "call void (...)* @_ssdm_op_SpecBitsMap(i32* %coeff_3_V), !map !85"   --->   Operation 14 'specbitsmap' <Predicate = true> <Delay = 0.00>
ST_4 : Operation 15 [1/1] (0.00ns)   --->   "call void (...)* @_ssdm_op_SpecBitsMap(i32* %coeff_2_V), !map !91"   --->   Operation 15 'specbitsmap' <Predicate = true> <Delay = 0.00>
ST_4 : Operation 16 [1/1] (0.00ns)   --->   "call void (...)* @_ssdm_op_SpecBitsMap(i32* %coeff_1_V), !map !97"   --->   Operation 16 'specbitsmap' <Predicate = true> <Delay = 0.00>
ST_4 : Operation 17 [1/1] (0.00ns)   --->   "call void (...)* @_ssdm_op_SpecBitsMap(i32* %coeff_0_V), !map !103"   --->   Operation 17 'specbitsmap' <Predicate = true> <Delay = 0.00>
ST_4 : Operation 18 [1/1] (0.00ns)   --->   "call void (...)* @_ssdm_op_SpecBitsMap(i32* %stream_in_V_data_V), !map !109"   --->   Operation 18 'specbitsmap' <Predicate = true> <Delay = 0.00>
ST_4 : Operation 19 [1/1] (0.00ns)   --->   "call void (...)* @_ssdm_op_SpecBitsMap(i4* %stream_in_V_keep_V), !map !115"   --->   Operation 19 'specbitsmap' <Predicate = true> <Delay = 0.00>
ST_4 : Operation 20 [1/1] (0.00ns)   --->   "call void (...)* @_ssdm_op_SpecBitsMap(i4* %stream_in_V_strb_V), !map !119"   --->   Operation 20 'specbitsmap' <Predicate = true> <Delay = 0.00>
ST_4 : Operation 21 [1/1] (0.00ns)   --->   "call void (...)* @_ssdm_op_SpecBitsMap(i2* %stream_in_V_user_V), !map !123"   --->   Operation 21 'specbitsmap' <Predicate = true> <Delay = 0.00>
ST_4 : Operation 22 [1/1] (0.00ns)   --->   "call void (...)* @_ssdm_op_SpecBitsMap(i1* %stream_in_V_last_V), !map !127"   --->   Operation 22 'specbitsmap' <Predicate = true> <Delay = 0.00>
ST_4 : Operation 23 [1/1] (0.00ns)   --->   "call void (...)* @_ssdm_op_SpecBitsMap(i5* %stream_in_V_id_V), !map !131"   --->   Operation 23 'specbitsmap' <Predicate = true> <Delay = 0.00>
ST_4 : Operation 24 [1/1] (0.00ns)   --->   "call void (...)* @_ssdm_op_SpecBitsMap(i6* %stream_in_V_dest_V), !map !135"   --->   Operation 24 'specbitsmap' <Predicate = true> <Delay = 0.00>
ST_4 : Operation 25 [1/1] (0.00ns)   --->   "call void (...)* @_ssdm_op_SpecBitsMap(i32* %stream_out_V_data_V), !map !139"   --->   Operation 25 'specbitsmap' <Predicate = true> <Delay = 0.00>
ST_4 : Operation 26 [1/1] (0.00ns)   --->   "call void (...)* @_ssdm_op_SpecBitsMap(i4* %stream_out_V_keep_V), !map !143"   --->   Operation 26 'specbitsmap' <Predicate = true> <Delay = 0.00>
ST_4 : Operation 27 [1/1] (0.00ns)   --->   "call void (...)* @_ssdm_op_SpecBitsMap(i4* %stream_out_V_strb_V), !map !147"   --->   Operation 27 'specbitsmap' <Predicate = true> <Delay = 0.00>
ST_4 : Operation 28 [1/1] (0.00ns)   --->   "call void (...)* @_ssdm_op_SpecBitsMap(i2* %stream_out_V_user_V), !map !151"   --->   Operation 28 'specbitsmap' <Predicate = true> <Delay = 0.00>
ST_4 : Operation 29 [1/1] (0.00ns)   --->   "call void (...)* @_ssdm_op_SpecBitsMap(i1* %stream_out_V_last_V), !map !155"   --->   Operation 29 'specbitsmap' <Predicate = true> <Delay = 0.00>
ST_4 : Operation 30 [1/1] (0.00ns)   --->   "call void (...)* @_ssdm_op_SpecBitsMap(i5* %stream_out_V_id_V), !map !159"   --->   Operation 30 'specbitsmap' <Predicate = true> <Delay = 0.00>
ST_4 : Operation 31 [1/1] (0.00ns)   --->   "call void (...)* @_ssdm_op_SpecBitsMap(i6* %stream_out_V_dest_V), !map !163"   --->   Operation 31 'specbitsmap' <Predicate = true> <Delay = 0.00>
ST_4 : Operation 32 [1/1] (0.00ns)   --->   "call void (...)* @_ssdm_op_SpecTopModule([4 x i8]* @fir_str) nounwind"   --->   Operation 32 'spectopmodule' <Predicate = true> <Delay = 0.00>
ST_4 : Operation 33 [1/1] (0.00ns)   --->   "call void (...)* @_ssdm_op_SpecInterface(i32 0, [10 x i8]* @p_str2, i32 0, i32 0, [1 x i8]* @p_str, i32 0, i32 0, [7 x i8]* @p_str3, [1 x i8]* @p_str, [1 x i8]* @p_str, i32 0, i32 0, i32 0, i32 0, [1 x i8]* @p_str, [1 x i8]* @p_str) nounwind" [FIR_AXI4/.settings/fir.cpp:7]   --->   Operation 33 'specinterface' <Predicate = true> <Delay = 0.00>
ST_4 : Operation 34 [1/1] (0.00ns)   --->   "call void (...)* @_ssdm_op_SpecInterface(i32* %coeff_0_V, i32* %coeff_1_V, i32* %coeff_2_V, i32* %coeff_3_V, i32* %coeff_4_V, i32* %coeff_5_V, i32* %coeff_6_V, i32* %coeff_7_V, i32* %coeff_8_V, i32* %coeff_9_V, [10 x i8]* @p_str2, i32 0, i32 0, [1 x i8]* @p_str, i32 0, i32 0, [7 x i8]* @p_str3, [1 x i8]* @p_str, [1 x i8]* @p_str, i32 0, i32 0, i32 0, i32 0, [1 x i8]* @p_str, [1 x i8]* @p_str) nounwind" [FIR_AXI4/.settings/fir.cpp:8]   --->   Operation 34 'specinterface' <Predicate = true> <Delay = 0.00>
ST_4 : Operation 35 [1/1] (0.00ns)   --->   "call void (...)* @_ssdm_op_SpecInterface(i32* %stream_out_V_data_V, i4* %stream_out_V_keep_V, i4* %stream_out_V_strb_V, i2* %stream_out_V_user_V, i1* %stream_out_V_last_V, i5* %stream_out_V_id_V, i6* %stream_out_V_dest_V, [5 x i8]* @p_str4, i32 1, i32 1, [5 x i8]* @p_str5, i32 0, i32 0, [1 x i8]* @p_str, [1 x i8]* @p_str, [1 x i8]* @p_str, i32 0, i32 0, i32 0, i32 0, [1 x i8]* @p_str, [1 x i8]* @p_str) nounwind" [FIR_AXI4/.settings/fir.cpp:9]   --->   Operation 35 'specinterface' <Predicate = true> <Delay = 0.00>
ST_4 : Operation 36 [1/1] (0.00ns)   --->   "call void (...)* @_ssdm_op_SpecInterface(i32* %stream_in_V_data_V, i4* %stream_in_V_keep_V, i4* %stream_in_V_strb_V, i2* %stream_in_V_user_V, i1* %stream_in_V_last_V, i5* %stream_in_V_id_V, i6* %stream_in_V_dest_V, [5 x i8]* @p_str4, i32 1, i32 1, [5 x i8]* @p_str5, i32 0, i32 0, [1 x i8]* @p_str, [1 x i8]* @p_str, [1 x i8]* @p_str, i32 0, i32 0, i32 0, i32 0, [1 x i8]* @p_str, [1 x i8]* @p_str) nounwind" [FIR_AXI4/.settings/fir.cpp:10]   --->   Operation 36 'specinterface' <Predicate = true> <Delay = 0.00>
ST_4 : Operation 37 [1/1] (0.00ns)   --->   "ret void" [FIR_AXI4/.settings/fir.cpp:47]   --->   Operation 37 'ret' <Predicate = true> <Delay = 0.00>


============================================================
+ Verbose Summary: Binding
============================================================
STG Binding: 
---------------- STG Properties BEGIN ----------------
- Is combinational: 0
- Is one-state seq: 0
- Is datapath-only: 0
- Is pipelined: 0
- Is top level: 1
Port [ Return ] is wired: 1; IO mode=ap_ctrl_hs:ce=0
Port [ stream_in_V_data_V]:  wired=1; compound=1; hidden=0; nouse=0; global=0; static=0; extern=0; dir=0; type=0; pingpong=0; private_global=0; IO mode=axis:ce=0
Port [ stream_in_V_keep_V]:  wired=1; compound=1; hidden=0; nouse=0; global=0; static=0; extern=0; dir=0; type=0; pingpong=0; private_global=0; IO mode=axis:ce=0
Port [ stream_in_V_strb_V]:  wired=1; compound=1; hidden=0; nouse=0; global=0; static=0; extern=0; dir=0; type=0; pingpong=0; private_global=0; IO mode=axis:ce=0
Port [ stream_in_V_user_V]:  wired=1; compound=1; hidden=0; nouse=0; global=0; static=0; extern=0; dir=0; type=0; pingpong=0; private_global=0; IO mode=axis:ce=0
Port [ stream_in_V_last_V]:  wired=1; compound=1; hidden=0; nouse=0; global=0; static=0; extern=0; dir=0; type=0; pingpong=0; private_global=0; IO mode=axis:ce=0
Port [ stream_in_V_id_V]:  wired=1; compound=1; hidden=0; nouse=0; global=0; static=0; extern=0; dir=0; type=0; pingpong=0; private_global=0; IO mode=axis:ce=0
Port [ stream_in_V_dest_V]:  wired=1; compound=1; hidden=0; nouse=0; global=0; static=0; extern=0; dir=0; type=0; pingpong=0; private_global=0; IO mode=axis:ce=0
Port [ stream_out_V_data_V]:  wired=1; compound=1; hidden=0; nouse=0; global=0; static=0; extern=0; dir=1; type=0; pingpong=0; private_global=0; IO mode=axis:ce=0
Port [ stream_out_V_keep_V]:  wired=1; compound=1; hidden=0; nouse=0; global=0; static=0; extern=0; dir=1; type=0; pingpong=0; private_global=0; IO mode=axis:ce=0
Port [ stream_out_V_strb_V]:  wired=1; compound=1; hidden=0; nouse=0; global=0; static=0; extern=0; dir=1; type=0; pingpong=0; private_global=0; IO mode=axis:ce=0
Port [ stream_out_V_user_V]:  wired=1; compound=1; hidden=0; nouse=0; global=0; static=0; extern=0; dir=1; type=0; pingpong=0; private_global=0; IO mode=axis:ce=0
Port [ stream_out_V_last_V]:  wired=1; compound=1; hidden=0; nouse=0; global=0; static=0; extern=0; dir=1; type=0; pingpong=0; private_global=0; IO mode=axis:ce=0
Port [ stream_out_V_id_V]:  wired=1; compound=1; hidden=0; nouse=0; global=0; static=0; extern=0; dir=1; type=0; pingpong=0; private_global=0; IO mode=axis:ce=0
Port [ stream_out_V_dest_V]:  wired=1; compound=1; hidden=0; nouse=0; global=0; static=0; extern=0; dir=1; type=0; pingpong=0; private_global=0; IO mode=axis:ce=0
Port [ coeff_0_V]:  wired=1; compound=0; hidden=0; nouse=0; global=0; static=0; extern=0; dir=0; type=0; pingpong=0; private_global=0; IO mode=ap_none:ce=0
Port [ coeff_1_V]:  wired=1; compound=0; hidden=0; nouse=0; global=0; static=0; extern=0; dir=0; type=0; pingpong=0; private_global=0; IO mode=ap_none:ce=0
Port [ coeff_2_V]:  wired=1; compound=0; hidden=0; nouse=0; global=0; static=0; extern=0; dir=0; type=0; pingpong=0; private_global=0; IO mode=ap_none:ce=0
Port [ coeff_3_V]:  wired=1; compound=0; hidden=0; nouse=0; global=0; static=0; extern=0; dir=0; type=0; pingpong=0; private_global=0; IO mode=ap_none:ce=0
Port [ coeff_4_V]:  wired=1; compound=0; hidden=0; nouse=0; global=0; static=0; extern=0; dir=0; type=0; pingpong=0; private_global=0; IO mode=ap_none:ce=0
Port [ coeff_5_V]:  wired=1; compound=0; hidden=0; nouse=0; global=0; static=0; extern=0; dir=0; type=0; pingpong=0; private_global=0; IO mode=ap_none:ce=0
Port [ coeff_6_V]:  wired=1; compound=0; hidden=0; nouse=0; global=0; static=0; extern=0; dir=0; type=0; pingpong=0; private_global=0; IO mode=ap_none:ce=0
Port [ coeff_7_V]:  wired=1; compound=0; hidden=0; nouse=0; global=0; static=0; extern=0; dir=0; type=0; pingpong=0; private_global=0; IO mode=ap_none:ce=0
Port [ coeff_8_V]:  wired=1; compound=0; hidden=0; nouse=0; global=0; static=0; extern=0; dir=0; type=0; pingpong=0; private_global=0; IO mode=ap_none:ce=0
Port [ coeff_9_V]:  wired=1; compound=0; hidden=0; nouse=0; global=0; static=0; extern=0; dir=0; type=0; pingpong=0; private_global=0; IO mode=ap_none:ce=0
Port [ data_in_V_8]:  wired=0; compound=0; hidden=1; nouse=1; global=1; static=1; extern=0; dir=2; type=0; pingpong=0; private_global=0; linkage=7; visibility=0; IO mode=ap_ovld:ce=0
Port [ data_in_V_7]:  wired=0; compound=0; hidden=1; nouse=1; global=1; static=1; extern=0; dir=2; type=0; pingpong=0; private_global=0; linkage=7; visibility=0; IO mode=ap_ovld:ce=0
Port [ data_in_V_6]:  wired=0; compound=0; hidden=1; nouse=1; global=1; static=1; extern=0; dir=2; type=0; pingpong=0; private_global=0; linkage=7; visibility=0; IO mode=ap_ovld:ce=0
Port [ data_in_V_5]:  wired=0; compound=0; hidden=1; nouse=1; global=1; static=1; extern=0; dir=2; type=0; pingpong=0; private_global=0; linkage=7; visibility=0; IO mode=ap_ovld:ce=0
Port [ data_in_V_4]:  wired=0; compound=0; hidden=1; nouse=1; global=1; static=1; extern=0; dir=2; type=0; pingpong=0; private_global=0; linkage=7; visibility=0; IO mode=ap_ovld:ce=0
Port [ data_in_V_3]:  wired=0; compound=0; hidden=1; nouse=1; global=1; static=1; extern=0; dir=2; type=0; pingpong=0; private_global=0; linkage=7; visibility=0; IO mode=ap_ovld:ce=0
Port [ data_in_V_2]:  wired=0; compound=0; hidden=1; nouse=1; global=1; static=1; extern=0; dir=2; type=0; pingpong=0; private_global=0; linkage=7; visibility=0; IO mode=ap_ovld:ce=0
Port [ data_in_V_1]:  wired=0; compound=0; hidden=1; nouse=1; global=1; static=1; extern=0; dir=2; type=0; pingpong=0; private_global=0; linkage=7; visibility=0; IO mode=ap_ovld:ce=0
Port [ data_in_V_0]:  wired=0; compound=0; hidden=1; nouse=1; global=1; static=1; extern=0; dir=2; type=0; pingpong=0; private_global=0; linkage=7; visibility=0; IO mode=ap_ovld:ce=0
---------------- STG Properties END ------------------

---------------- Datapath Model BEGIN ----------------

<LifeTime>
<method=bitvector/>
StgValue_6  (call                ) [ 00000]
StgValue_7  (specdataflowpipeline) [ 00000]
StgValue_8  (specbitsmap         ) [ 00000]
StgValue_9  (specbitsmap         ) [ 00000]
StgValue_10 (specbitsmap         ) [ 00000]
StgValue_11 (specbitsmap         ) [ 00000]
StgValue_12 (specbitsmap         ) [ 00000]
StgValue_13 (specbitsmap         ) [ 00000]
StgValue_14 (specbitsmap         ) [ 00000]
StgValue_15 (specbitsmap         ) [ 00000]
StgValue_16 (specbitsmap         ) [ 00000]
StgValue_17 (specbitsmap         ) [ 00000]
StgValue_18 (specbitsmap         ) [ 00000]
StgValue_19 (specbitsmap         ) [ 00000]
StgValue_20 (specbitsmap         ) [ 00000]
StgValue_21 (specbitsmap         ) [ 00000]
StgValue_22 (specbitsmap         ) [ 00000]
StgValue_23 (specbitsmap         ) [ 00000]
StgValue_24 (specbitsmap         ) [ 00000]
StgValue_25 (specbitsmap         ) [ 00000]
StgValue_26 (specbitsmap         ) [ 00000]
StgValue_27 (specbitsmap         ) [ 00000]
StgValue_28 (specbitsmap         ) [ 00000]
StgValue_29 (specbitsmap         ) [ 00000]
StgValue_30 (specbitsmap         ) [ 00000]
StgValue_31 (specbitsmap         ) [ 00000]
StgValue_32 (spectopmodule       ) [ 00000]
StgValue_33 (specinterface       ) [ 00000]
StgValue_34 (specinterface       ) [ 00000]
StgValue_35 (specinterface       ) [ 00000]
StgValue_36 (specinterface       ) [ 00000]
StgValue_37 (ret                 ) [ 00000]
</LifeTime>

<model>

<comp_list>
<comp id="0" class="1000" name="stream_in_V_data_V">
<pin_list>
<pin id="1" dir="1" index="0" bw="1" slack="0"/>
</pin_list>
<bind>
<StgValue><ssdm name="stream_in_V_data_V"/></StgValue>
</bind>
</comp>

<comp id="2" class="1000" name="stream_in_V_keep_V">
<pin_list>
<pin id="3" dir="1" index="0" bw="1" slack="0"/>
</pin_list>
<bind>
<StgValue><ssdm name="stream_in_V_keep_V"/></StgValue>
</bind>
</comp>

<comp id="4" class="1000" name="stream_in_V_strb_V">
<pin_list>
<pin id="5" dir="1" index="0" bw="1" slack="0"/>
</pin_list>
<bind>
<StgValue><ssdm name="stream_in_V_strb_V"/></StgValue>
</bind>
</comp>

<comp id="6" class="1000" name="stream_in_V_user_V">
<pin_list>
<pin id="7" dir="1" index="0" bw="1" slack="0"/>
</pin_list>
<bind>
<StgValue><ssdm name="stream_in_V_user_V"/></StgValue>
</bind>
</comp>

<comp id="8" class="1000" name="stream_in_V_last_V">
<pin_list>
<pin id="9" dir="1" index="0" bw="1" slack="0"/>
</pin_list>
<bind>
<StgValue><ssdm name="stream_in_V_last_V"/></StgValue>
</bind>
</comp>

<comp id="10" class="1000" name="stream_in_V_id_V">
<pin_list>
<pin id="11" dir="1" index="0" bw="1" slack="0"/>
</pin_list>
<bind>
<StgValue><ssdm name="stream_in_V_id_V"/></StgValue>
</bind>
</comp>

<comp id="12" class="1000" name="stream_in_V_dest_V">
<pin_list>
<pin id="13" dir="1" index="0" bw="1" slack="0"/>
</pin_list>
<bind>
<StgValue><ssdm name="stream_in_V_dest_V"/></StgValue>
</bind>
</comp>

<comp id="14" class="1000" name="stream_out_V_data_V">
<pin_list>
<pin id="15" dir="1" index="0" bw="1" slack="0"/>
</pin_list>
<bind>
<StgValue><ssdm name="stream_out_V_data_V"/></StgValue>
</bind>
</comp>

<comp id="16" class="1000" name="stream_out_V_keep_V">
<pin_list>
<pin id="17" dir="1" index="0" bw="1" slack="0"/>
</pin_list>
<bind>
<StgValue><ssdm name="stream_out_V_keep_V"/></StgValue>
</bind>
</comp>

<comp id="18" class="1000" name="stream_out_V_strb_V">
<pin_list>
<pin id="19" dir="1" index="0" bw="1" slack="0"/>
</pin_list>
<bind>
<StgValue><ssdm name="stream_out_V_strb_V"/></StgValue>
</bind>
</comp>

<comp id="20" class="1000" name="stream_out_V_user_V">
<pin_list>
<pin id="21" dir="1" index="0" bw="1" slack="0"/>
</pin_list>
<bind>
<StgValue><ssdm name="stream_out_V_user_V"/></StgValue>
</bind>
</comp>

<comp id="22" class="1000" name="stream_out_V_last_V">
<pin_list>
<pin id="23" dir="1" index="0" bw="1" slack="0"/>
</pin_list>
<bind>
<StgValue><ssdm name="stream_out_V_last_V"/></StgValue>
</bind>
</comp>

<comp id="24" class="1000" name="stream_out_V_id_V">
<pin_list>
<pin id="25" dir="1" index="0" bw="1" slack="0"/>
</pin_list>
<bind>
<StgValue><ssdm name="stream_out_V_id_V"/></StgValue>
</bind>
</comp>

<comp id="26" class="1000" name="stream_out_V_dest_V">
<pin_list>
<pin id="27" dir="1" index="0" bw="1" slack="0"/>
</pin_list>
<bind>
<StgValue><ssdm name="stream_out_V_dest_V"/></StgValue>
</bind>
</comp>

<comp id="28" class="1000" name="coeff_0_V">
<pin_list>
<pin id="29" dir="1" index="0" bw="1" slack="0"/>
</pin_list>
<bind>
<StgValue><ssdm name="coeff_0_V"/></StgValue>
</bind>
</comp>

<comp id="30" class="1000" name="coeff_1_V">
<pin_list>
<pin id="31" dir="1" index="0" bw="1" slack="0"/>
</pin_list>
<bind>
<StgValue><ssdm name="coeff_1_V"/></StgValue>
</bind>
</comp>

<comp id="32" class="1000" name="coeff_2_V">
<pin_list>
<pin id="33" dir="1" index="0" bw="1" slack="0"/>
</pin_list>
<bind>
<StgValue><ssdm name="coeff_2_V"/></StgValue>
</bind>
</comp>

<comp id="34" class="1000" name="coeff_3_V">
<pin_list>
<pin id="35" dir="1" index="0" bw="1" slack="0"/>
</pin_list>
<bind>
<StgValue><ssdm name="coeff_3_V"/></StgValue>
</bind>
</comp>

<comp id="36" class="1000" name="coeff_4_V">
<pin_list>
<pin id="37" dir="1" index="0" bw="1" slack="0"/>
</pin_list>
<bind>
<StgValue><ssdm name="coeff_4_V"/></StgValue>
</bind>
</comp>

<comp id="38" class="1000" name="coeff_5_V">
<pin_list>
<pin id="39" dir="1" index="0" bw="1" slack="0"/>
</pin_list>
<bind>
<StgValue><ssdm name="coeff_5_V"/></StgValue>
</bind>
</comp>

<comp id="40" class="1000" name="coeff_6_V">
<pin_list>
<pin id="41" dir="1" index="0" bw="1" slack="0"/>
</pin_list>
<bind>
<StgValue><ssdm name="coeff_6_V"/></StgValue>
</bind>
</comp>

<comp id="42" class="1000" name="coeff_7_V">
<pin_list>
<pin id="43" dir="1" index="0" bw="1" slack="0"/>
</pin_list>
<bind>
<StgValue><ssdm name="coeff_7_V"/></StgValue>
</bind>
</comp>

<comp id="44" class="1000" name="coeff_8_V">
<pin_list>
<pin id="45" dir="1" index="0" bw="1" slack="0"/>
</pin_list>
<bind>
<StgValue><ssdm name="coeff_8_V"/></StgValue>
</bind>
</comp>

<comp id="46" class="1000" name="coeff_9_V">
<pin_list>
<pin id="47" dir="1" index="0" bw="1" slack="0"/>
</pin_list>
<bind>
<StgValue><ssdm name="coeff_9_V"/></StgValue>
</bind>
</comp>

<comp id="48" class="1000" name="data_in_V_8">
<pin_list>
<pin id="49" dir="1" index="0" bw="1" slack="0"/>
</pin_list>
<bind>
<StgValue><ssdm name="data_in_V_8"/></StgValue>
</bind>
</comp>

<comp id="50" class="1000" name="data_in_V_7">
<pin_list>
<pin id="51" dir="1" index="0" bw="1" slack="0"/>
</pin_list>
<bind>
<StgValue><ssdm name="data_in_V_7"/></StgValue>
</bind>
</comp>

<comp id="52" class="1000" name="data_in_V_6">
<pin_list>
<pin id="53" dir="1" index="0" bw="1" slack="0"/>
</pin_list>
<bind>
<StgValue><ssdm name="data_in_V_6"/></StgValue>
</bind>
</comp>

<comp id="54" class="1000" name="data_in_V_5">
<pin_list>
<pin id="55" dir="1" index="0" bw="1" slack="0"/>
</pin_list>
<bind>
<StgValue><ssdm name="data_in_V_5"/></StgValue>
</bind>
</comp>

<comp id="56" class="1000" name="data_in_V_4">
<pin_list>
<pin id="57" dir="1" index="0" bw="1" slack="0"/>
</pin_list>
<bind>
<StgValue><ssdm name="data_in_V_4"/></StgValue>
</bind>
</comp>

<comp id="58" class="1000" name="data_in_V_3">
<pin_list>
<pin id="59" dir="1" index="0" bw="1" slack="0"/>
</pin_list>
<bind>
<StgValue><ssdm name="data_in_V_3"/></StgValue>
</bind>
</comp>

<comp id="60" class="1000" name="data_in_V_2">
<pin_list>
<pin id="61" dir="1" index="0" bw="1" slack="0"/>
</pin_list>
<bind>
<StgValue><ssdm name="data_in_V_2"/></StgValue>
</bind>
</comp>

<comp id="62" class="1000" name="data_in_V_1">
<pin_list>
<pin id="63" dir="1" index="0" bw="1" slack="0"/>
</pin_list>
<bind>
<StgValue><ssdm name="data_in_V_1"/></StgValue>
</bind>
</comp>

<comp id="64" class="1000" name="data_in_V_0">
<pin_list>
<pin id="65" dir="1" index="0" bw="1" slack="0"/>
</pin_list>
<bind>
<StgValue><ssdm name="data_in_V_0"/></StgValue>
</bind>
</comp>

<comp id="66" class="1001" name="const_66">
<pin_list>
<pin id="67" dir="1" index="0" bw="1" slack="0"/>
</pin_list>
<bind>
<StgValue><ssdm name="Loop_STREAM_LOOP_pro"/></StgValue>
</bind>
</comp>

<comp id="68" class="1001" name="const_68">
<pin_list>
<pin id="69" dir="1" index="0" bw="1" slack="2147483647"/>
</pin_list>
<bind>
<StgValue><ssdm name="_ssdm_op_SpecDataflowPipeline"/></StgValue>
</bind>
</comp>

<comp id="70" class="1001" name="const_70">
<pin_list>
<pin id="71" dir="1" index="0" bw="1" slack="2147483647"/>
</pin_list>
<bind>
<StgValue><ssdm name=""/></StgValue>
</bind>
</comp>

<comp id="72" class="1001" name="const_72">
<pin_list>
<pin id="73" dir="1" index="0" bw="1" slack="2147483647"/>
</pin_list>
<bind>
<StgValue><ssdm name=""/></StgValue>
</bind>
</comp>

<comp id="74" class="1001" name="const_74">
<pin_list>
<pin id="75" dir="1" index="0" bw="1" slack="2147483647"/>
</pin_list>
<bind>
<StgValue><ssdm name="p_str"/></StgValue>
</bind>
</comp>

<comp id="76" class="1001" name="const_76">
<pin_list>
<pin id="77" dir="1" index="0" bw="1" slack="2147483647"/>
</pin_list>
<bind>
<StgValue><ssdm name="_ssdm_op_SpecBitsMap"/></StgValue>
</bind>
</comp>

<comp id="78" class="1001" name="const_78">
<pin_list>
<pin id="79" dir="1" index="0" bw="1" slack="2147483647"/>
</pin_list>
<bind>
<StgValue><ssdm name="_ssdm_op_SpecTopModule"/></StgValue>
</bind>
</comp>

<comp id="80" class="1001" name="const_80">
<pin_list>
<pin id="81" dir="1" index="0" bw="1" slack="2147483647"/>
</pin_list>
<bind>
<StgValue><ssdm name="fir_str"/></StgValue>
</bind>
</comp>

<comp id="82" class="1001" name="const_82">
<pin_list>
<pin id="83" dir="1" index="0" bw="1" slack="2147483647"/>
</pin_list>
<bind>
<StgValue><ssdm name="_ssdm_op_SpecInterface"/></StgValue>
</bind>
</comp>

<comp id="84" class="1001" name="const_84">
<pin_list>
<pin id="85" dir="1" index="0" bw="1" slack="2147483647"/>
</pin_list>
<bind>
<StgValue><ssdm name="p_str2"/></StgValue>
</bind>
</comp>

<comp id="86" class="1001" name="const_86">
<pin_list>
<pin id="87" dir="1" index="0" bw="1" slack="2147483647"/>
</pin_list>
<bind>
<StgValue><ssdm name="p_str3"/></StgValue>
</bind>
</comp>

<comp id="88" class="1001" name="const_88">
<pin_list>
<pin id="89" dir="1" index="0" bw="1" slack="2147483647"/>
</pin_list>
<bind>
<StgValue><ssdm name="p_str4"/></StgValue>
</bind>
</comp>

<comp id="90" class="1001" name="const_90">
<pin_list>
<pin id="91" dir="1" index="0" bw="1" slack="2147483647"/>
</pin_list>
<bind>
<StgValue><ssdm name=""/></StgValue>
</bind>
</comp>

<comp id="92" class="1001" name="const_92">
<pin_list>
<pin id="93" dir="1" index="0" bw="1" slack="2147483647"/>
</pin_list>
<bind>
<StgValue><ssdm name="p_str5"/></StgValue>
</bind>
</comp>

<comp id="94" class="1004" name="grp_Loop_STREAM_LOOP_pro_fu_94">
<pin_list>
<pin id="95" dir="0" index="0" bw="0" slack="0"/>
<pin id="96" dir="0" index="1" bw="32" slack="0"/>
<pin id="97" dir="0" index="2" bw="4" slack="0"/>
<pin id="98" dir="0" index="3" bw="4" slack="0"/>
<pin id="99" dir="0" index="4" bw="2" slack="0"/>
<pin id="100" dir="0" index="5" bw="1" slack="0"/>
<pin id="101" dir="0" index="6" bw="5" slack="0"/>
<pin id="102" dir="0" index="7" bw="6" slack="0"/>
<pin id="103" dir="0" index="8" bw="32" slack="0"/>
<pin id="104" dir="0" index="9" bw="32" slack="0"/>
<pin id="105" dir="0" index="10" bw="32" slack="0"/>
<pin id="106" dir="0" index="11" bw="32" slack="0"/>
<pin id="107" dir="0" index="12" bw="32" slack="0"/>
<pin id="108" dir="0" index="13" bw="32" slack="0"/>
<pin id="109" dir="0" index="14" bw="32" slack="0"/>
<pin id="110" dir="0" index="15" bw="32" slack="0"/>
<pin id="111" dir="0" index="16" bw="32" slack="0"/>
<pin id="112" dir="0" index="17" bw="32" slack="0"/>
<pin id="113" dir="0" index="18" bw="32" slack="0"/>
<pin id="114" dir="0" index="19" bw="4" slack="0"/>
<pin id="115" dir="0" index="20" bw="4" slack="0"/>
<pin id="116" dir="0" index="21" bw="2" slack="0"/>
<pin id="117" dir="0" index="22" bw="1" slack="0"/>
<pin id="118" dir="0" index="23" bw="5" slack="0"/>
<pin id="119" dir="0" index="24" bw="6" slack="0"/>
<pin id="120" dir="0" index="25" bw="32" slack="0"/>
<pin id="121" dir="0" index="26" bw="32" slack="0"/>
<pin id="122" dir="0" index="27" bw="32" slack="0"/>
<pin id="123" dir="0" index="28" bw="32" slack="0"/>
<pin id="124" dir="0" index="29" bw="32" slack="0"/>
<pin id="125" dir="0" index="30" bw="32" slack="0"/>
<pin id="126" dir="0" index="31" bw="32" slack="0"/>
<pin id="127" dir="0" index="32" bw="32" slack="0"/>
<pin id="128" dir="0" index="33" bw="32" slack="0"/>
<pin id="129" dir="1" index="34" bw="0" slack="2147483647"/>
</pin_list>
<bind>
<opcode="call(48) " fcode="call"/>
<opset="StgValue_5/2 "/>
</bind>
</comp>

</comp_list>

<net_list>
<net id="130"><net_src comp="66" pin="0"/><net_sink comp="94" pin=0"/></net>

<net id="131"><net_src comp="0" pin="0"/><net_sink comp="94" pin=1"/></net>

<net id="132"><net_src comp="2" pin="0"/><net_sink comp="94" pin=2"/></net>

<net id="133"><net_src comp="4" pin="0"/><net_sink comp="94" pin=3"/></net>

<net id="134"><net_src comp="6" pin="0"/><net_sink comp="94" pin=4"/></net>

<net id="135"><net_src comp="8" pin="0"/><net_sink comp="94" pin=5"/></net>

<net id="136"><net_src comp="10" pin="0"/><net_sink comp="94" pin=6"/></net>

<net id="137"><net_src comp="12" pin="0"/><net_sink comp="94" pin=7"/></net>

<net id="138"><net_src comp="46" pin="0"/><net_sink comp="94" pin=8"/></net>

<net id="139"><net_src comp="44" pin="0"/><net_sink comp="94" pin=9"/></net>

<net id="140"><net_src comp="42" pin="0"/><net_sink comp="94" pin=10"/></net>

<net id="141"><net_src comp="40" pin="0"/><net_sink comp="94" pin=11"/></net>

<net id="142"><net_src comp="38" pin="0"/><net_sink comp="94" pin=12"/></net>

<net id="143"><net_src comp="36" pin="0"/><net_sink comp="94" pin=13"/></net>

<net id="144"><net_src comp="34" pin="0"/><net_sink comp="94" pin=14"/></net>

<net id="145"><net_src comp="32" pin="0"/><net_sink comp="94" pin=15"/></net>

<net id="146"><net_src comp="30" pin="0"/><net_sink comp="94" pin=16"/></net>

<net id="147"><net_src comp="28" pin="0"/><net_sink comp="94" pin=17"/></net>

<net id="148"><net_src comp="14" pin="0"/><net_sink comp="94" pin=18"/></net>

<net id="149"><net_src comp="16" pin="0"/><net_sink comp="94" pin=19"/></net>

<net id="150"><net_src comp="18" pin="0"/><net_sink comp="94" pin=20"/></net>

<net id="151"><net_src comp="20" pin="0"/><net_sink comp="94" pin=21"/></net>

<net id="152"><net_src comp="22" pin="0"/><net_sink comp="94" pin=22"/></net>

<net id="153"><net_src comp="24" pin="0"/><net_sink comp="94" pin=23"/></net>

<net id="154"><net_src comp="26" pin="0"/><net_sink comp="94" pin=24"/></net>

<net id="155"><net_src comp="48" pin="0"/><net_sink comp="94" pin=25"/></net>

<net id="156"><net_src comp="50" pin="0"/><net_sink comp="94" pin=26"/></net>

<net id="157"><net_src comp="52" pin="0"/><net_sink comp="94" pin=27"/></net>

<net id="158"><net_src comp="54" pin="0"/><net_sink comp="94" pin=28"/></net>

<net id="159"><net_src comp="56" pin="0"/><net_sink comp="94" pin=29"/></net>

<net id="160"><net_src comp="58" pin="0"/><net_sink comp="94" pin=30"/></net>

<net id="161"><net_src comp="60" pin="0"/><net_sink comp="94" pin=31"/></net>

<net id="162"><net_src comp="62" pin="0"/><net_sink comp="94" pin=32"/></net>

<net id="163"><net_src comp="64" pin="0"/><net_sink comp="94" pin=33"/></net>

</net_list>

</model> 
---------------- Datapath Model END ------------------

* FSMD analyzer results:
  - Output states:
	Port: stream_out_V_data_V | {2 3 }
	Port: stream_out_V_keep_V | {2 3 }
	Port: stream_out_V_strb_V | {2 3 }
	Port: stream_out_V_user_V | {2 3 }
	Port: stream_out_V_last_V | {2 3 }
	Port: stream_out_V_id_V | {2 3 }
	Port: stream_out_V_dest_V | {2 3 }
	Port: data_in_V_8 | {2 3 }
	Port: data_in_V_7 | {2 3 }
	Port: data_in_V_6 | {2 3 }
	Port: data_in_V_5 | {2 3 }
	Port: data_in_V_4 | {2 3 }
	Port: data_in_V_3 | {2 3 }
	Port: data_in_V_2 | {2 3 }
	Port: data_in_V_1 | {2 3 }
	Port: data_in_V_0 | {2 3 }
 - Input state : 
	Port: fir : stream_in_V_data_V | {2 3 }
	Port: fir : stream_in_V_keep_V | {2 3 }
	Port: fir : stream_in_V_strb_V | {2 3 }
	Port: fir : stream_in_V_user_V | {2 3 }
	Port: fir : stream_in_V_last_V | {2 3 }
	Port: fir : stream_in_V_id_V | {2 3 }
	Port: fir : stream_in_V_dest_V | {2 3 }
	Port: fir : coeff_0_V | {2 3 }
	Port: fir : coeff_1_V | {2 3 }
	Port: fir : coeff_2_V | {2 3 }
	Port: fir : coeff_3_V | {2 3 }
	Port: fir : coeff_4_V | {2 3 }
	Port: fir : coeff_5_V | {2 3 }
	Port: fir : coeff_6_V | {2 3 }
	Port: fir : coeff_7_V | {2 3 }
	Port: fir : coeff_8_V | {2 3 }
	Port: fir : coeff_9_V | {2 3 }
	Port: fir : data_in_V_8 | {2 3 }
	Port: fir : data_in_V_7 | {2 3 }
	Port: fir : data_in_V_6 | {2 3 }
	Port: fir : data_in_V_5 | {2 3 }
	Port: fir : data_in_V_4 | {2 3 }
	Port: fir : data_in_V_3 | {2 3 }
	Port: fir : data_in_V_2 | {2 3 }
	Port: fir : data_in_V_1 | {2 3 }
	Port: fir : data_in_V_0 | {2 3 }
  - Chain level:
	State 1
	State 2
	State 3
	State 4


============================================================
+ Verbose Summary: Datapath Resource usage 
============================================================

* Functional unit list:
|----------|--------------------------------|---------|---------|---------|---------|
| Operation|         Functional Unit        |  DSP48E |  Delay  |    FF   |   LUT   |
|----------|--------------------------------|---------|---------|---------|---------|
|   call   | grp_Loop_STREAM_LOOP_pro_fu_94 |    30   |  1.769  |   491   |   531   |
|----------|--------------------------------|---------|---------|---------|---------|
|   Total  |                                |    30   |  1.769  |   491   |   531   |
|----------|--------------------------------|---------|---------|---------|---------|

Memories:
N/A

* Register list:
N/A

* Multiplexer (MUX) list: 
|--------|------|------|------|--------|
|  Comp  |  Pin | Size |  BW  | S x BW |
|--------|------|------|------|--------|
|  Total |      |      |      |    0   |
|--------|------|------|------|--------|



* Summary:
+-----------+--------+--------+--------+--------+
|           | DSP48E |  Delay |   FF   |   LUT  |
+-----------+--------+--------+--------+--------+
|  Function |   30   |    1   |   491  |   531  |
|   Memory  |    -   |    -   |    -   |    -   |
|Multiplexer|    -   |    -   |    -   |    -   |
|  Register |    -   |    -   |    -   |    -   |
+-----------+--------+--------+--------+--------+
|   Total   |   30   |    1   |   491  |   531  |
+-----------+--------+--------+--------+--------+
