
*** Running vivado
    with args -log design_1_filtr_Gauss_0_1.vds -m64 -product Vivado -mode batch -messageDb vivado.pb -notrace -source design_1_filtr_Gauss_0_1.tcl


****** Vivado v2018.3 (64-bit)
  **** SW Build 2405991 on Thu Dec  6 23:36:41 MST 2018
  **** IP Build 2404404 on Fri Dec  7 01:43:56 MST 2018
    ** Copyright 1986-2018 Xilinx, Inc. All Rights Reserved.

source design_1_filtr_Gauss_0_1.tcl -notrace
INFO: [IP_Flow 19-234] Refreshing IP repositories
INFO: [IP_Flow 19-1700] Loaded user IP repository '/home/lsriw/HLS/HLS/VIVADO_GAUSS/vivado-library'.
INFO: [IP_Flow 19-2313] Loaded Vivado IP repository '/opt/Xilinx/Vivado/2018.3/data/ip'.
Command: synth_design -top design_1_filtr_Gauss_0_1 -part xc7z010clg400-1 -mode out_of_context
Starting synth_design
Attempting to get a license for feature 'Synthesis' and/or device 'xc7z010'
INFO: [Common 17-349] Got license for feature 'Synthesis' and/or device 'xc7z010'
INFO: Launching helper process for spawning children vivado processes
INFO: Helper process launched with PID 11144 
---------------------------------------------------------------------------------
Starting RTL Elaboration : Time (s): cpu = 00:00:02 ; elapsed = 00:00:02 . Memory (MB): peak = 1487.629 ; gain = 87.809 ; free physical = 4902 ; free virtual = 11835
---------------------------------------------------------------------------------
INFO: [Synth 8-6157] synthesizing module 'design_1_filtr_Gauss_0_1' [/home/lsriw/HLS/HLS/VIVADO_GAUSS/VIVADO_GAUSS.srcs/sources_1/bd/design_1/ip/design_1_filtr_Gauss_0_1/synth/design_1_filtr_Gauss_0_1.v:58]
INFO: [Synth 8-6157] synthesizing module 'filtr_Gauss' [/home/lsriw/HLS/HLS/VIVADO_GAUSS/VIVADO_GAUSS.srcs/sources_1/bd/design_1/ipshared/874e/hdl/verilog/filtr_Gauss.v:12]
INFO: [Synth 8-6157] synthesizing module 'AXIvideo2Mat' [/home/lsriw/HLS/HLS/VIVADO_GAUSS/VIVADO_GAUSS.srcs/sources_1/bd/design_1/ipshared/874e/hdl/verilog/AXIvideo2Mat.v:10]
	Parameter ap_ST_fsm_state1 bound to: 8'b00000001 
	Parameter ap_ST_fsm_state2 bound to: 8'b00000010 
	Parameter ap_ST_fsm_state3 bound to: 8'b00000100 
	Parameter ap_ST_fsm_state4 bound to: 8'b00001000 
	Parameter ap_ST_fsm_pp1_stage0 bound to: 8'b00010000 
	Parameter ap_ST_fsm_state7 bound to: 8'b00100000 
	Parameter ap_ST_fsm_state8 bound to: 8'b01000000 
	Parameter ap_ST_fsm_state9 bound to: 8'b10000000 
INFO: [Synth 8-5534] Detected attribute (* fsm_encoding = "none" *) [/home/lsriw/HLS/HLS/VIVADO_GAUSS/VIVADO_GAUSS.srcs/sources_1/bd/design_1/ipshared/874e/hdl/verilog/AXIvideo2Mat.v:75]
INFO: [Synth 8-6155] done synthesizing module 'AXIvideo2Mat' (1#1) [/home/lsriw/HLS/HLS/VIVADO_GAUSS/VIVADO_GAUSS.srcs/sources_1/bd/design_1/ipshared/874e/hdl/verilog/AXIvideo2Mat.v:10]
INFO: [Synth 8-6157] synthesizing module 'rozmycie' [/home/lsriw/HLS/HLS/VIVADO_GAUSS/VIVADO_GAUSS.srcs/sources_1/bd/design_1/ipshared/874e/hdl/verilog/rozmycie.v:10]
	Parameter ap_ST_fsm_state1 bound to: 4'b0001 
	Parameter ap_ST_fsm_state2 bound to: 4'b0010 
	Parameter ap_ST_fsm_pp0_stage0 bound to: 4'b0100 
	Parameter ap_ST_fsm_state8 bound to: 4'b1000 
INFO: [Synth 8-5534] Detected attribute (* fsm_encoding = "none" *) [/home/lsriw/HLS/HLS/VIVADO_GAUSS/VIVADO_GAUSS.srcs/sources_1/bd/design_1/ipshared/874e/hdl/verilog/rozmycie.v:60]
INFO: [Synth 8-6157] synthesizing module 'rozmycie_buffer_val_0' [/home/lsriw/HLS/HLS/VIVADO_GAUSS/VIVADO_GAUSS.srcs/sources_1/bd/design_1/ipshared/874e/hdl/verilog/rozmycie_buffer_val_0.v:53]
	Parameter DataWidth bound to: 8 - type: integer 
	Parameter AddressRange bound to: 1280 - type: integer 
	Parameter AddressWidth bound to: 11 - type: integer 
INFO: [Synth 8-6157] synthesizing module 'rozmycie_buffer_val_0_ram' [/home/lsriw/HLS/HLS/VIVADO_GAUSS/VIVADO_GAUSS.srcs/sources_1/bd/design_1/ipshared/874e/hdl/verilog/rozmycie_buffer_val_0.v:9]
	Parameter DWIDTH bound to: 8 - type: integer 
	Parameter AWIDTH bound to: 11 - type: integer 
	Parameter MEM_SIZE bound to: 1280 - type: integer 
INFO: [Synth 8-5534] Detected attribute (* ram_style = "block" *) [/home/lsriw/HLS/HLS/VIVADO_GAUSS/VIVADO_GAUSS.srcs/sources_1/bd/design_1/ipshared/874e/hdl/verilog/rozmycie_buffer_val_0.v:24]
INFO: [Synth 8-6155] done synthesizing module 'rozmycie_buffer_val_0_ram' (2#1) [/home/lsriw/HLS/HLS/VIVADO_GAUSS/VIVADO_GAUSS.srcs/sources_1/bd/design_1/ipshared/874e/hdl/verilog/rozmycie_buffer_val_0.v:9]
INFO: [Synth 8-6155] done synthesizing module 'rozmycie_buffer_val_0' (3#1) [/home/lsriw/HLS/HLS/VIVADO_GAUSS/VIVADO_GAUSS.srcs/sources_1/bd/design_1/ipshared/874e/hdl/verilog/rozmycie_buffer_val_0.v:53]
INFO: [Synth 8-6157] synthesizing module 'filtr_Gauss_mac_muladd_6ns_8ns_14ns_14_1_1' [/home/lsriw/HLS/HLS/VIVADO_GAUSS/VIVADO_GAUSS.srcs/sources_1/bd/design_1/ipshared/874e/hdl/verilog/filtr_Gauss_mac_muladd_6ns_8ns_14ns_14_1_1.v:33]
	Parameter ID bound to: 1 - type: integer 
	Parameter NUM_STAGE bound to: 1 - type: integer 
	Parameter din0_WIDTH bound to: 6 - type: integer 
	Parameter din1_WIDTH bound to: 8 - type: integer 
	Parameter din2_WIDTH bound to: 14 - type: integer 
	Parameter dout_WIDTH bound to: 14 - type: integer 
INFO: [Synth 8-6157] synthesizing module 'filtr_Gauss_mac_muladd_6ns_8ns_14ns_14_1_1_DSP48_0' [/home/lsriw/HLS/HLS/VIVADO_GAUSS/VIVADO_GAUSS.srcs/sources_1/bd/design_1/ipshared/874e/hdl/verilog/filtr_Gauss_mac_muladd_6ns_8ns_14ns_14_1_1.v:10]
INFO: [Synth 8-6155] done synthesizing module 'filtr_Gauss_mac_muladd_6ns_8ns_14ns_14_1_1_DSP48_0' (4#1) [/home/lsriw/HLS/HLS/VIVADO_GAUSS/VIVADO_GAUSS.srcs/sources_1/bd/design_1/ipshared/874e/hdl/verilog/filtr_Gauss_mac_muladd_6ns_8ns_14ns_14_1_1.v:10]
INFO: [Synth 8-6155] done synthesizing module 'filtr_Gauss_mac_muladd_6ns_8ns_14ns_14_1_1' (5#1) [/home/lsriw/HLS/HLS/VIVADO_GAUSS/VIVADO_GAUSS.srcs/sources_1/bd/design_1/ipshared/874e/hdl/verilog/filtr_Gauss_mac_muladd_6ns_8ns_14ns_14_1_1.v:33]
INFO: [Synth 8-6157] synthesizing module 'filtr_Gauss_mac_muladd_7ns_8ns_14ns_15_1_1' [/home/lsriw/HLS/HLS/VIVADO_GAUSS/VIVADO_GAUSS.srcs/sources_1/bd/design_1/ipshared/874e/hdl/verilog/filtr_Gauss_mac_muladd_7ns_8ns_14ns_15_1_1.v:33]
	Parameter ID bound to: 1 - type: integer 
	Parameter NUM_STAGE bound to: 1 - type: integer 
	Parameter din0_WIDTH bound to: 7 - type: integer 
	Parameter din1_WIDTH bound to: 8 - type: integer 
	Parameter din2_WIDTH bound to: 14 - type: integer 
	Parameter dout_WIDTH bound to: 15 - type: integer 
INFO: [Synth 8-6157] synthesizing module 'filtr_Gauss_mac_muladd_7ns_8ns_14ns_15_1_1_DSP48_1' [/home/lsriw/HLS/HLS/VIVADO_GAUSS/VIVADO_GAUSS.srcs/sources_1/bd/design_1/ipshared/874e/hdl/verilog/filtr_Gauss_mac_muladd_7ns_8ns_14ns_15_1_1.v:10]
INFO: [Synth 8-6155] done synthesizing module 'filtr_Gauss_mac_muladd_7ns_8ns_14ns_15_1_1_DSP48_1' (6#1) [/home/lsriw/HLS/HLS/VIVADO_GAUSS/VIVADO_GAUSS.srcs/sources_1/bd/design_1/ipshared/874e/hdl/verilog/filtr_Gauss_mac_muladd_7ns_8ns_14ns_15_1_1.v:10]
INFO: [Synth 8-6155] done synthesizing module 'filtr_Gauss_mac_muladd_7ns_8ns_14ns_15_1_1' (7#1) [/home/lsriw/HLS/HLS/VIVADO_GAUSS/VIVADO_GAUSS.srcs/sources_1/bd/design_1/ipshared/874e/hdl/verilog/filtr_Gauss_mac_muladd_7ns_8ns_14ns_15_1_1.v:33]
INFO: [Synth 8-6157] synthesizing module 'filtr_Gauss_mac_muladd_6ns_8ns_14ns_15_1_1' [/home/lsriw/HLS/HLS/VIVADO_GAUSS/VIVADO_GAUSS.srcs/sources_1/bd/design_1/ipshared/874e/hdl/verilog/filtr_Gauss_mac_muladd_6ns_8ns_14ns_15_1_1.v:33]
	Parameter ID bound to: 1 - type: integer 
	Parameter NUM_STAGE bound to: 1 - type: integer 
	Parameter din0_WIDTH bound to: 6 - type: integer 
	Parameter din1_WIDTH bound to: 8 - type: integer 
	Parameter din2_WIDTH bound to: 14 - type: integer 
	Parameter dout_WIDTH bound to: 15 - type: integer 
INFO: [Synth 8-6157] synthesizing module 'filtr_Gauss_mac_muladd_6ns_8ns_14ns_15_1_1_DSP48_2' [/home/lsriw/HLS/HLS/VIVADO_GAUSS/VIVADO_GAUSS.srcs/sources_1/bd/design_1/ipshared/874e/hdl/verilog/filtr_Gauss_mac_muladd_6ns_8ns_14ns_15_1_1.v:10]
INFO: [Synth 8-6155] done synthesizing module 'filtr_Gauss_mac_muladd_6ns_8ns_14ns_15_1_1_DSP48_2' (8#1) [/home/lsriw/HLS/HLS/VIVADO_GAUSS/VIVADO_GAUSS.srcs/sources_1/bd/design_1/ipshared/874e/hdl/verilog/filtr_Gauss_mac_muladd_6ns_8ns_14ns_15_1_1.v:10]
INFO: [Synth 8-6155] done synthesizing module 'filtr_Gauss_mac_muladd_6ns_8ns_14ns_15_1_1' (9#1) [/home/lsriw/HLS/HLS/VIVADO_GAUSS/VIVADO_GAUSS.srcs/sources_1/bd/design_1/ipshared/874e/hdl/verilog/filtr_Gauss_mac_muladd_6ns_8ns_14ns_15_1_1.v:33]
WARNING: [Synth 8-589] replacing case/wildcard equality operator === with logical equality operator == [/home/lsriw/HLS/HLS/VIVADO_GAUSS/VIVADO_GAUSS.srcs/sources_1/bd/design_1/ipshared/874e/hdl/verilog/rozmycie.v:791]
WARNING: [Synth 8-589] replacing case/wildcard equality operator === with logical equality operator == [/home/lsriw/HLS/HLS/VIVADO_GAUSS/VIVADO_GAUSS.srcs/sources_1/bd/design_1/ipshared/874e/hdl/verilog/rozmycie.v:795]
WARNING: [Synth 8-589] replacing case/wildcard equality operator === with logical equality operator == [/home/lsriw/HLS/HLS/VIVADO_GAUSS/VIVADO_GAUSS.srcs/sources_1/bd/design_1/ipshared/874e/hdl/verilog/rozmycie.v:799]
WARNING: [Synth 8-589] replacing case/wildcard equality operator === with logical equality operator == [/home/lsriw/HLS/HLS/VIVADO_GAUSS/VIVADO_GAUSS.srcs/sources_1/bd/design_1/ipshared/874e/hdl/verilog/rozmycie.v:847]
INFO: [Synth 8-6155] done synthesizing module 'rozmycie' (10#1) [/home/lsriw/HLS/HLS/VIVADO_GAUSS/VIVADO_GAUSS.srcs/sources_1/bd/design_1/ipshared/874e/hdl/verilog/rozmycie.v:10]
INFO: [Synth 8-6157] synthesizing module 'Mat2AXIvideo' [/home/lsriw/HLS/HLS/VIVADO_GAUSS/VIVADO_GAUSS.srcs/sources_1/bd/design_1/ipshared/874e/hdl/verilog/Mat2AXIvideo.v:10]
	Parameter ap_ST_fsm_state1 bound to: 4'b0001 
	Parameter ap_ST_fsm_state2 bound to: 4'b0010 
	Parameter ap_ST_fsm_pp0_stage0 bound to: 4'b0100 
	Parameter ap_ST_fsm_state6 bound to: 4'b1000 
INFO: [Synth 8-5534] Detected attribute (* fsm_encoding = "none" *) [/home/lsriw/HLS/HLS/VIVADO_GAUSS/VIVADO_GAUSS.srcs/sources_1/bd/design_1/ipshared/874e/hdl/verilog/Mat2AXIvideo.v:63]
WARNING: [Synth 8-6014] Unused sequential element AXI_video_strm_V_dest_V_1_sel_rd_reg was removed.  [/home/lsriw/HLS/HLS/VIVADO_GAUSS/VIVADO_GAUSS.srcs/sources_1/bd/design_1/ipshared/874e/hdl/verilog/Mat2AXIvideo.v:239]
WARNING: [Synth 8-6014] Unused sequential element AXI_video_strm_V_id_V_1_sel_rd_reg was removed.  [/home/lsriw/HLS/HLS/VIVADO_GAUSS/VIVADO_GAUSS.srcs/sources_1/bd/design_1/ipshared/874e/hdl/verilog/Mat2AXIvideo.v:265]
WARNING: [Synth 8-6014] Unused sequential element AXI_video_strm_V_keep_V_1_sel_rd_reg was removed.  [/home/lsriw/HLS/HLS/VIVADO_GAUSS/VIVADO_GAUSS.srcs/sources_1/bd/design_1/ipshared/874e/hdl/verilog/Mat2AXIvideo.v:291]
WARNING: [Synth 8-6014] Unused sequential element AXI_video_strm_V_strb_V_1_sel_rd_reg was removed.  [/home/lsriw/HLS/HLS/VIVADO_GAUSS/VIVADO_GAUSS.srcs/sources_1/bd/design_1/ipshared/874e/hdl/verilog/Mat2AXIvideo.v:353]
INFO: [Synth 8-6155] done synthesizing module 'Mat2AXIvideo' (11#1) [/home/lsriw/HLS/HLS/VIVADO_GAUSS/VIVADO_GAUSS.srcs/sources_1/bd/design_1/ipshared/874e/hdl/verilog/Mat2AXIvideo.v:10]
INFO: [Synth 8-6157] synthesizing module 'fifo_w8_d2_A' [/home/lsriw/HLS/HLS/VIVADO_GAUSS/VIVADO_GAUSS.srcs/sources_1/bd/design_1/ipshared/874e/hdl/verilog/fifo_w8_d2_A.v:45]
	Parameter MEM_STYLE bound to: shiftreg - type: string 
	Parameter DATA_WIDTH bound to: 8 - type: integer 
	Parameter ADDR_WIDTH bound to: 1 - type: integer 
	Parameter DEPTH bound to: 2'b10 
INFO: [Synth 8-6157] synthesizing module 'fifo_w8_d2_A_shiftReg' [/home/lsriw/HLS/HLS/VIVADO_GAUSS/VIVADO_GAUSS.srcs/sources_1/bd/design_1/ipshared/874e/hdl/verilog/fifo_w8_d2_A.v:11]
	Parameter DATA_WIDTH bound to: 8 - type: integer 
	Parameter ADDR_WIDTH bound to: 1 - type: integer 
	Parameter DEPTH bound to: 2'b10 
INFO: [Synth 8-6155] done synthesizing module 'fifo_w8_d2_A_shiftReg' (12#1) [/home/lsriw/HLS/HLS/VIVADO_GAUSS/VIVADO_GAUSS.srcs/sources_1/bd/design_1/ipshared/874e/hdl/verilog/fifo_w8_d2_A.v:11]
INFO: [Synth 8-6155] done synthesizing module 'fifo_w8_d2_A' (13#1) [/home/lsriw/HLS/HLS/VIVADO_GAUSS/VIVADO_GAUSS.srcs/sources_1/bd/design_1/ipshared/874e/hdl/verilog/fifo_w8_d2_A.v:45]
INFO: [Synth 8-6157] synthesizing module 'start_for_rozmycie_U0' [/home/lsriw/HLS/HLS/VIVADO_GAUSS/VIVADO_GAUSS.srcs/sources_1/bd/design_1/ipshared/874e/hdl/verilog/start_for_rozmycie_U0.v:45]
	Parameter MEM_STYLE bound to: shiftreg - type: string 
	Parameter DATA_WIDTH bound to: 1 - type: integer 
	Parameter ADDR_WIDTH bound to: 1 - type: integer 
	Parameter DEPTH bound to: 2'b10 
INFO: [Synth 8-6157] synthesizing module 'start_for_rozmycie_U0_shiftReg' [/home/lsriw/HLS/HLS/VIVADO_GAUSS/VIVADO_GAUSS.srcs/sources_1/bd/design_1/ipshared/874e/hdl/verilog/start_for_rozmycie_U0.v:11]
	Parameter DATA_WIDTH bound to: 1 - type: integer 
	Parameter ADDR_WIDTH bound to: 1 - type: integer 
	Parameter DEPTH bound to: 2'b10 
INFO: [Synth 8-6155] done synthesizing module 'start_for_rozmycie_U0_shiftReg' (14#1) [/home/lsriw/HLS/HLS/VIVADO_GAUSS/VIVADO_GAUSS.srcs/sources_1/bd/design_1/ipshared/874e/hdl/verilog/start_for_rozmycie_U0.v:11]
INFO: [Synth 8-6155] done synthesizing module 'start_for_rozmycie_U0' (15#1) [/home/lsriw/HLS/HLS/VIVADO_GAUSS/VIVADO_GAUSS.srcs/sources_1/bd/design_1/ipshared/874e/hdl/verilog/start_for_rozmycie_U0.v:45]
INFO: [Synth 8-6157] synthesizing module 'start_for_Mat2AXIvideo_U0' [/home/lsriw/HLS/HLS/VIVADO_GAUSS/VIVADO_GAUSS.srcs/sources_1/bd/design_1/ipshared/874e/hdl/verilog/start_for_Mat2AXIvideo_U0.v:45]
	Parameter MEM_STYLE bound to: shiftreg - type: string 
	Parameter DATA_WIDTH bound to: 1 - type: integer 
	Parameter ADDR_WIDTH bound to: 1 - type: integer 
	Parameter DEPTH bound to: 2'b10 
INFO: [Synth 8-6157] synthesizing module 'start_for_Mat2AXIvideo_U0_shiftReg' [/home/lsriw/HLS/HLS/VIVADO_GAUSS/VIVADO_GAUSS.srcs/sources_1/bd/design_1/ipshared/874e/hdl/verilog/start_for_Mat2AXIvideo_U0.v:11]
	Parameter DATA_WIDTH bound to: 1 - type: integer 
	Parameter ADDR_WIDTH bound to: 1 - type: integer 
	Parameter DEPTH bound to: 2'b10 
INFO: [Synth 8-6155] done synthesizing module 'start_for_Mat2AXIvideo_U0_shiftReg' (16#1) [/home/lsriw/HLS/HLS/VIVADO_GAUSS/VIVADO_GAUSS.srcs/sources_1/bd/design_1/ipshared/874e/hdl/verilog/start_for_Mat2AXIvideo_U0.v:11]
INFO: [Synth 8-6155] done synthesizing module 'start_for_Mat2AXIvideo_U0' (17#1) [/home/lsriw/HLS/HLS/VIVADO_GAUSS/VIVADO_GAUSS.srcs/sources_1/bd/design_1/ipshared/874e/hdl/verilog/start_for_Mat2AXIvideo_U0.v:45]
INFO: [Synth 8-6155] done synthesizing module 'filtr_Gauss' (18#1) [/home/lsriw/HLS/HLS/VIVADO_GAUSS/VIVADO_GAUSS.srcs/sources_1/bd/design_1/ipshared/874e/hdl/verilog/filtr_Gauss.v:12]
INFO: [Synth 8-6155] done synthesizing module 'design_1_filtr_Gauss_0_1' (19#1) [/home/lsriw/HLS/HLS/VIVADO_GAUSS/VIVADO_GAUSS.srcs/sources_1/bd/design_1/ip/design_1_filtr_Gauss_0_1/synth/design_1_filtr_Gauss_0_1.v:58]
WARNING: [Synth 8-3331] design rozmycie_buffer_val_0 has unconnected port reset
WARNING: [Synth 8-3331] design AXIvideo2Mat has unconnected port in_r_TKEEP[0]
WARNING: [Synth 8-3331] design AXIvideo2Mat has unconnected port in_r_TSTRB[0]
WARNING: [Synth 8-3331] design AXIvideo2Mat has unconnected port in_r_TID[0]
WARNING: [Synth 8-3331] design AXIvideo2Mat has unconnected port in_r_TDEST[0]
---------------------------------------------------------------------------------
Finished RTL Elaboration : Time (s): cpu = 00:00:03 ; elapsed = 00:00:03 . Memory (MB): peak = 1535.379 ; gain = 135.559 ; free physical = 4909 ; free virtual = 11844
---------------------------------------------------------------------------------

Report Check Netlist: 
+------+------------------+-------+---------+-------+------------------+
|      |Item              |Errors |Warnings |Status |Description       |
+------+------------------+-------+---------+-------+------------------+
|1     |multi_driven_nets |      0|        0|Passed |Multi driven nets |
+------+------------------+-------+---------+-------+------------------+
---------------------------------------------------------------------------------
Start Handling Custom Attributes
---------------------------------------------------------------------------------
---------------------------------------------------------------------------------
Finished Handling Custom Attributes : Time (s): cpu = 00:00:03 ; elapsed = 00:00:03 . Memory (MB): peak = 1535.379 ; gain = 135.559 ; free physical = 4911 ; free virtual = 11846
---------------------------------------------------------------------------------
---------------------------------------------------------------------------------
Finished RTL Optimization Phase 1 : Time (s): cpu = 00:00:03 ; elapsed = 00:00:03 . Memory (MB): peak = 1535.379 ; gain = 135.559 ; free physical = 4911 ; free virtual = 11846
---------------------------------------------------------------------------------
INFO: [Device 21-403] Loading part xc7z010clg400-1
INFO: [Project 1-570] Preparing netlist for logic optimization

Processing XDC Constraints
Initializing timing engine
Parsing XDC File [/home/lsriw/HLS/HLS/VIVADO_GAUSS/VIVADO_GAUSS.srcs/sources_1/bd/design_1/ip/design_1_filtr_Gauss_0_1/constraints/filtr_Gauss_ooc.xdc] for cell 'inst'
Finished Parsing XDC File [/home/lsriw/HLS/HLS/VIVADO_GAUSS/VIVADO_GAUSS.srcs/sources_1/bd/design_1/ip/design_1_filtr_Gauss_0_1/constraints/filtr_Gauss_ooc.xdc] for cell 'inst'
Parsing XDC File [/home/lsriw/HLS/HLS/VIVADO_GAUSS/VIVADO_GAUSS.runs/design_1_filtr_Gauss_0_1_synth_1/dont_touch.xdc]
Finished Parsing XDC File [/home/lsriw/HLS/HLS/VIVADO_GAUSS/VIVADO_GAUSS.runs/design_1_filtr_Gauss_0_1_synth_1/dont_touch.xdc]
Completed Processing XDC Constraints

Netlist sorting complete. Time (s): cpu = 00:00:00 ; elapsed = 00:00:00 . Memory (MB): peak = 1901.238 ; gain = 0.000 ; free physical = 4661 ; free virtual = 11595
INFO: [Project 1-111] Unisim Transformation Summary:
No Unisim elements were transformed.

Netlist sorting complete. Time (s): cpu = 00:00:00 ; elapsed = 00:00:00 . Memory (MB): peak = 1901.238 ; gain = 0.000 ; free physical = 4661 ; free virtual = 11595
Constraint Validation Runtime : Time (s): cpu = 00:00:00.03 ; elapsed = 00:00:00.03 . Memory (MB): peak = 1901.238 ; gain = 0.000 ; free physical = 4660 ; free virtual = 11594
---------------------------------------------------------------------------------
Finished Constraint Validation : Time (s): cpu = 00:00:08 ; elapsed = 00:00:10 . Memory (MB): peak = 1901.238 ; gain = 501.418 ; free physical = 4742 ; free virtual = 11676
---------------------------------------------------------------------------------
---------------------------------------------------------------------------------
Start Loading Part and Timing Information
---------------------------------------------------------------------------------
Loading part: xc7z010clg400-1
---------------------------------------------------------------------------------
Finished Loading Part and Timing Information : Time (s): cpu = 00:00:08 ; elapsed = 00:00:10 . Memory (MB): peak = 1901.238 ; gain = 501.418 ; free physical = 4742 ; free virtual = 11676
---------------------------------------------------------------------------------
---------------------------------------------------------------------------------
Start Applying 'set_property' XDC Constraints
---------------------------------------------------------------------------------
Applied set_property DONT_TOUCH = true for inst. (constraint file  /home/lsriw/HLS/HLS/VIVADO_GAUSS/VIVADO_GAUSS.runs/design_1_filtr_Gauss_0_1_synth_1/dont_touch.xdc, line 9).
---------------------------------------------------------------------------------
Finished applying 'set_property' XDC Constraints : Time (s): cpu = 00:00:08 ; elapsed = 00:00:10 . Memory (MB): peak = 1901.238 ; gain = 501.418 ; free physical = 4744 ; free virtual = 11678
---------------------------------------------------------------------------------
INFO: [Synth 8-4490] FSM extraction disabled for register 'ap_CS_fsm_reg' through user attribute
INFO: [Synth 8-5546] ROM "exitcond3_fu_268_p2" won't be mapped to RAM because it is too sparse
INFO: [Synth 8-5546] ROM "exitcond_fu_280_p2" won't be mapped to RAM because it is too sparse
INFO: [Synth 8-4471] merging register 'buffer_val_1_addr_reg_738_reg[10:0]' into 'buffer_val_0_addr_reg_744_reg[10:0]' [/home/lsriw/HLS/HLS/VIVADO_GAUSS/VIVADO_GAUSS.srcs/sources_1/bd/design_1/ipshared/874e/hdl/verilog/rozmycie.v:245]
INFO: [Synth 8-4471] merging register 'tmp1_1_fu_100_reg[31:8]' into 'tmp2_1_fu_96_reg[31:8]' [/home/lsriw/HLS/HLS/VIVADO_GAUSS/VIVADO_GAUSS.srcs/sources_1/bd/design_1/ipshared/874e/hdl/verilog/rozmycie.v:793]
INFO: [Synth 8-4490] FSM extraction disabled for register 'ap_CS_fsm_reg' through user attribute
INFO: [Synth 8-4490] FSM extraction disabled for register 'ap_CS_fsm_reg' through user attribute
INFO: [Synth 8-5546] ROM "exitcond3_fu_209_p2" won't be mapped to RAM because it is too sparse
INFO: [Synth 8-5546] ROM "exitcond_fu_249_p2" won't be mapped to RAM because it is too sparse
INFO: [Synth 8-4490] FSM extraction disabled for register 'ap_CS_fsm_reg' through user attribute
INFO: [Synth 8-5546] ROM "exitcond2_fu_151_p2" won't be mapped to RAM because it is too sparse
INFO: [Synth 8-5546] ROM "exitcond_fu_163_p2" won't be mapped to RAM because it is too sparse
INFO: [Synth 8-5546] ROM "axi_last_V_fu_175_p2" won't be mapped to RAM because it is too sparse
INFO: [Synth 8-5544] ROM "internal_empty_n" won't be mapped to Block RAM because address size (2) smaller than threshold (5)
INFO: [Synth 8-5544] ROM "internal_empty_n" won't be mapped to Block RAM because address size (2) smaller than threshold (5)
INFO: [Synth 8-5544] ROM "internal_empty_n" won't be mapped to Block RAM because address size (2) smaller than threshold (5)
---------------------------------------------------------------------------------
Finished RTL Optimization Phase 2 : Time (s): cpu = 00:00:09 ; elapsed = 00:00:11 . Memory (MB): peak = 1901.238 ; gain = 501.418 ; free physical = 4734 ; free virtual = 11669
---------------------------------------------------------------------------------

Report RTL Partitions: 
+-+--------------+------------+----------+
| |RTL Partition |Replication |Instances |
+-+--------------+------------+----------+
+-+--------------+------------+----------+
---------------------------------------------------------------------------------
Start RTL Component Statistics 
---------------------------------------------------------------------------------
Detailed RTL Component Info : 
+---Adders : 
	   4 Input     16 Bit       Adders := 1     
	   3 Input     14 Bit       Adders := 4     
	   2 Input     11 Bit       Adders := 3     
	   2 Input     10 Bit       Adders := 3     
	   2 Input      2 Bit       Adders := 4     
+---XORs : 
	   2 Input      1 Bit         XORs := 1     
+---Registers : 
	               15 Bit    Registers := 2     
	               14 Bit    Registers := 2     
	               11 Bit    Registers := 4     
	               10 Bit    Registers := 6     
	                8 Bit    Registers := 26    
	                4 Bit    Registers := 2     
	                2 Bit    Registers := 15    
	                1 Bit    Registers := 75    
+---RAMs : 
	              10K Bit         RAMs := 2     
+---Muxes : 
	   3 Input      8 Bit        Muxes := 1     
	   2 Input      8 Bit        Muxes := 15    
	   3 Input      6 Bit        Muxes := 1     
	   2 Input      5 Bit        Muxes := 1     
	   3 Input      4 Bit        Muxes := 1     
	   2 Input      4 Bit        Muxes := 2     
	   3 Input      3 Bit        Muxes := 2     
	   2 Input      3 Bit        Muxes := 1     
	   2 Input      2 Bit        Muxes := 14    
	   4 Input      2 Bit        Muxes := 11    
	   2 Input      1 Bit        Muxes := 72    
---------------------------------------------------------------------------------
Finished RTL Component Statistics 
---------------------------------------------------------------------------------
---------------------------------------------------------------------------------
Start RTL Hierarchical Component Statistics 
---------------------------------------------------------------------------------
Hierarchical RTL Component report 
Module AXIvideo2Mat 
Detailed RTL Component Info : 
+---Adders : 
	   2 Input     11 Bit       Adders := 1     
	   2 Input     10 Bit       Adders := 1     
+---XORs : 
	   2 Input      1 Bit         XORs := 1     
+---Registers : 
	               11 Bit    Registers := 1     
	               10 Bit    Registers := 2     
	                8 Bit    Registers := 8     
	                2 Bit    Registers := 4     
	                1 Bit    Registers := 23    
+---Muxes : 
	   3 Input      8 Bit        Muxes := 1     
	   2 Input      8 Bit        Muxes := 5     
	   3 Input      6 Bit        Muxes := 1     
	   2 Input      5 Bit        Muxes := 1     
	   3 Input      3 Bit        Muxes := 1     
	   2 Input      2 Bit        Muxes := 5     
	   4 Input      2 Bit        Muxes := 4     
	   2 Input      1 Bit        Muxes := 29    
Module rozmycie_buffer_val_0_ram 
Detailed RTL Component Info : 
+---Registers : 
	                8 Bit    Registers := 1     
+---RAMs : 
	              10K Bit         RAMs := 1     
Module rozmycie 
Detailed RTL Component Info : 
+---Adders : 
	   4 Input     16 Bit       Adders := 1     
	   3 Input     14 Bit       Adders := 4     
	   2 Input     11 Bit       Adders := 1     
	   2 Input     10 Bit       Adders := 1     
+---Registers : 
	               15 Bit    Registers := 2     
	               14 Bit    Registers := 2     
	               11 Bit    Registers := 2     
	               10 Bit    Registers := 2     
	                8 Bit    Registers := 10    
	                4 Bit    Registers := 1     
	                1 Bit    Registers := 22    
+---Muxes : 
	   2 Input      8 Bit        Muxes := 7     
	   3 Input      4 Bit        Muxes := 1     
	   2 Input      3 Bit        Muxes := 1     
	   2 Input      2 Bit        Muxes := 1     
	   2 Input      1 Bit        Muxes := 8     
Module Mat2AXIvideo 
Detailed RTL Component Info : 
+---Adders : 
	   2 Input     11 Bit       Adders := 1     
	   2 Input     10 Bit       Adders := 1     
+---Registers : 
	               11 Bit    Registers := 1     
	               10 Bit    Registers := 2     
	                8 Bit    Registers := 2     
	                4 Bit    Registers := 1     
	                2 Bit    Registers := 7     
	                1 Bit    Registers := 18    
+---Muxes : 
	   2 Input      8 Bit        Muxes := 1     
	   2 Input      4 Bit        Muxes := 2     
	   3 Input      3 Bit        Muxes := 1     
	   2 Input      2 Bit        Muxes := 8     
	   4 Input      2 Bit        Muxes := 7     
	   2 Input      1 Bit        Muxes := 17    
Module fifo_w8_d2_A_shiftReg 
Detailed RTL Component Info : 
+---Registers : 
	                8 Bit    Registers := 2     
+---Muxes : 
	   2 Input      8 Bit        Muxes := 1     
Module fifo_w8_d2_A 
Detailed RTL Component Info : 
+---Adders : 
	   2 Input      2 Bit       Adders := 1     
+---Registers : 
	                2 Bit    Registers := 1     
	                1 Bit    Registers := 2     
+---Muxes : 
	   2 Input      1 Bit        Muxes := 4     
Module start_for_rozmycie_U0_shiftReg 
Detailed RTL Component Info : 
+---Registers : 
	                1 Bit    Registers := 2     
+---Muxes : 
	   2 Input      1 Bit        Muxes := 1     
Module start_for_rozmycie_U0 
Detailed RTL Component Info : 
+---Adders : 
	   2 Input      2 Bit       Adders := 1     
+---Registers : 
	                2 Bit    Registers := 1     
	                1 Bit    Registers := 2     
+---Muxes : 
	   2 Input      1 Bit        Muxes := 4     
Module start_for_Mat2AXIvideo_U0_shiftReg 
Detailed RTL Component Info : 
+---Registers : 
	                1 Bit    Registers := 2     
+---Muxes : 
	   2 Input      1 Bit        Muxes := 1     
Module start_for_Mat2AXIvideo_U0 
Detailed RTL Component Info : 
+---Adders : 
	   2 Input      2 Bit       Adders := 1     
+---Registers : 
	                2 Bit    Registers := 1     
	                1 Bit    Registers := 2     
+---Muxes : 
	   2 Input      1 Bit        Muxes := 4     
---------------------------------------------------------------------------------
Finished RTL Hierarchical Component Statistics
---------------------------------------------------------------------------------
---------------------------------------------------------------------------------
Start Part Resource Summary
---------------------------------------------------------------------------------
Part Resources:
DSPs: 80 (col length:40)
BRAMs: 120 (col length: RAMB18 40 RAMB36 20)
---------------------------------------------------------------------------------
Finished Part Resource Summary
---------------------------------------------------------------------------------
---------------------------------------------------------------------------------
Start Cross Boundary and Area Optimization
---------------------------------------------------------------------------------
Warning: Parallel synthesis criteria is not met 
INFO: [Synth 8-5546] ROM "AXIvideo2Mat_U0/exitcond_fu_280_p2" won't be mapped to RAM because it is too sparse
INFO: [Synth 8-5546] ROM "AXIvideo2Mat_U0/exitcond3_fu_268_p2" won't be mapped to RAM because it is too sparse
INFO: [Synth 8-5546] ROM "rozmycie_U0/exitcond_fu_249_p2" won't be mapped to RAM because it is too sparse
INFO: [Synth 8-5546] ROM "rozmycie_U0/exitcond3_fu_209_p2" won't be mapped to RAM because it is too sparse
INFO: [Synth 8-5546] ROM "Mat2AXIvideo_U0/exitcond_fu_163_p2" won't be mapped to RAM because it is too sparse
INFO: [Synth 8-5546] ROM "Mat2AXIvideo_U0/exitcond2_fu_151_p2" won't be mapped to RAM because it is too sparse
INFO: [Synth 8-5546] ROM "Mat2AXIvideo_U0/axi_last_V_fu_175_p2" won't be mapped to RAM because it is too sparse
DSP Report: Generating DSP rozmycie_U0/filtr_Gauss_mac_muladd_6ns_8ns_14ns_14_1_1_U13/filtr_Gauss_mac_muladd_6ns_8ns_14ns_14_1_1_DSP48_0_U/p, operation Mode is: C+A''*(B:0x13).
DSP Report: register A is absorbed into DSP rozmycie_U0/filtr_Gauss_mac_muladd_6ns_8ns_14ns_14_1_1_U13/filtr_Gauss_mac_muladd_6ns_8ns_14ns_14_1_1_DSP48_0_U/p.
DSP Report: register A is absorbed into DSP rozmycie_U0/filtr_Gauss_mac_muladd_6ns_8ns_14ns_14_1_1_U13/filtr_Gauss_mac_muladd_6ns_8ns_14ns_14_1_1_DSP48_0_U/p.
DSP Report: operator rozmycie_U0/filtr_Gauss_mac_muladd_6ns_8ns_14ns_14_1_1_U13/filtr_Gauss_mac_muladd_6ns_8ns_14ns_14_1_1_DSP48_0_U/p is absorbed into DSP rozmycie_U0/filtr_Gauss_mac_muladd_6ns_8ns_14ns_14_1_1_U13/filtr_Gauss_mac_muladd_6ns_8ns_14ns_14_1_1_DSP48_0_U/p.
DSP Report: operator rozmycie_U0/filtr_Gauss_mac_muladd_6ns_8ns_14ns_14_1_1_U13/filtr_Gauss_mac_muladd_6ns_8ns_14ns_14_1_1_DSP48_0_U/m is absorbed into DSP rozmycie_U0/filtr_Gauss_mac_muladd_6ns_8ns_14ns_14_1_1_U13/filtr_Gauss_mac_muladd_6ns_8ns_14ns_14_1_1_DSP48_0_U/p.
DSP Report: Generating DSP rozmycie_U0/tmp10_reg_774_reg, operation Mode is: C+A*(B:0x13).
DSP Report: register rozmycie_U0/tmp10_reg_774_reg is absorbed into DSP rozmycie_U0/tmp10_reg_774_reg.
DSP Report: operator rozmycie_U0/filtr_Gauss_mac_muladd_6ns_8ns_14ns_15_1_1_U12/filtr_Gauss_mac_muladd_6ns_8ns_14ns_15_1_1_DSP48_2_U/p is absorbed into DSP rozmycie_U0/tmp10_reg_774_reg.
DSP Report: operator rozmycie_U0/filtr_Gauss_mac_muladd_6ns_8ns_14ns_15_1_1_U12/filtr_Gauss_mac_muladd_6ns_8ns_14ns_15_1_1_DSP48_2_U/m is absorbed into DSP rozmycie_U0/tmp10_reg_774_reg.
DSP Report: Generating DSP rozmycie_U0/tmp7_reg_764_reg, operation Mode is: C+A''*(B:0x13).
DSP Report: register A is absorbed into DSP rozmycie_U0/tmp7_reg_764_reg.
DSP Report: register A is absorbed into DSP rozmycie_U0/tmp7_reg_764_reg.
DSP Report: register rozmycie_U0/tmp7_reg_764_reg is absorbed into DSP rozmycie_U0/tmp7_reg_764_reg.
DSP Report: operator rozmycie_U0/filtr_Gauss_mac_muladd_6ns_8ns_14ns_14_1_1_U10/filtr_Gauss_mac_muladd_6ns_8ns_14ns_14_1_1_DSP48_0_U/p is absorbed into DSP rozmycie_U0/tmp7_reg_764_reg.
DSP Report: operator rozmycie_U0/filtr_Gauss_mac_muladd_6ns_8ns_14ns_14_1_1_U10/filtr_Gauss_mac_muladd_6ns_8ns_14ns_14_1_1_DSP48_0_U/m is absorbed into DSP rozmycie_U0/tmp7_reg_764_reg.
DSP Report: Generating DSP rozmycie_U0/tmp9_reg_769_reg, operation Mode is: C+A2*(B:0x34).
DSP Report: register A is absorbed into DSP rozmycie_U0/tmp9_reg_769_reg.
DSP Report: register rozmycie_U0/tmp9_reg_769_reg is absorbed into DSP rozmycie_U0/tmp9_reg_769_reg.
DSP Report: operator rozmycie_U0/filtr_Gauss_mac_muladd_7ns_8ns_14ns_15_1_1_U11/filtr_Gauss_mac_muladd_7ns_8ns_14ns_15_1_1_DSP48_1_U/p is absorbed into DSP rozmycie_U0/tmp9_reg_769_reg.
DSP Report: operator rozmycie_U0/filtr_Gauss_mac_muladd_7ns_8ns_14ns_15_1_1_U11/filtr_Gauss_mac_muladd_7ns_8ns_14ns_15_1_1_DSP48_1_U/m is absorbed into DSP rozmycie_U0/tmp9_reg_769_reg.
DSP Report: Generating DSP rozmycie_U0/tmp6_reg_759_reg, operation Mode is: C+A*(B:0x13).
DSP Report: register rozmycie_U0/tmp6_reg_759_reg is absorbed into DSP rozmycie_U0/tmp6_reg_759_reg.
DSP Report: operator rozmycie_U0/filtr_Gauss_mac_muladd_6ns_8ns_14ns_14_1_1_U9/filtr_Gauss_mac_muladd_6ns_8ns_14ns_14_1_1_DSP48_0_U/p is absorbed into DSP rozmycie_U0/tmp6_reg_759_reg.
DSP Report: operator rozmycie_U0/filtr_Gauss_mac_muladd_6ns_8ns_14ns_14_1_1_U9/filtr_Gauss_mac_muladd_6ns_8ns_14ns_14_1_1_DSP48_0_U/m is absorbed into DSP rozmycie_U0/tmp6_reg_759_reg.
WARNING: [Synth 8-3331] design filtr_Gauss has unconnected port in_r_TKEEP[0]
WARNING: [Synth 8-3331] design filtr_Gauss has unconnected port in_r_TSTRB[0]
WARNING: [Synth 8-3331] design filtr_Gauss has unconnected port in_r_TID[0]
WARNING: [Synth 8-3331] design filtr_Gauss has unconnected port in_r_TDEST[0]
INFO: [Synth 8-3333] propagating constant 0 across sequential element (inst/\rozmycie_U0/ap_done_reg_reg )
INFO: [Synth 8-3333] propagating constant 0 across sequential element (inst/\AXIvideo2Mat_U0/ap_done_reg_reg )
INFO: [Synth 8-3333] propagating constant 0 across sequential element (inst/\Mat2AXIvideo_U0/ap_done_reg_reg )
---------------------------------------------------------------------------------
Finished Cross Boundary and Area Optimization : Time (s): cpu = 00:00:11 ; elapsed = 00:00:12 . Memory (MB): peak = 1901.238 ; gain = 501.418 ; free physical = 4714 ; free virtual = 11651
---------------------------------------------------------------------------------
---------------------------------------------------------------------------------
Start ROM, RAM, DSP and Shift Register Reporting
---------------------------------------------------------------------------------

Block RAM: Preliminary Mapping  Report (see note below)
+---------------------------+------------+------------------------+---+---+------------------------+---+---+------------------+--------+--------+
|Module Name                | RTL Object | PORT A (Depth x Width) | W | R | PORT B (Depth x Width) | W | R | Ports driving FF | RAMB18 | RAMB36 | 
+---------------------------+------------+------------------------+---+---+------------------------+---+---+------------------+--------+--------+
|rozmycie_buffer_val_0_ram: | ram_reg    | 2 K x 8(READ_FIRST)    | W |   | 2 K x 8(WRITE_FIRST)   |   | R | Port A and B     | 1      | 0      | 
|rozmycie_buffer_val_0_ram: | ram_reg    | 2 K x 8(READ_FIRST)    | W |   | 2 K x 8(WRITE_FIRST)   |   | R | Port A and B     | 1      | 0      | 
+---------------------------+------------+------------------------+---+---+------------------------+---+---+------------------+--------+--------+

Note: The table above is a preliminary report that shows the Block RAMs at the current stage of the synthesis flow. Some Block RAMs may be reimplemented as non Block RAM primitives later in the synthesis flow. Multiple instantiated Block RAMs are reported only once. 

DSP: Preliminary Mapping  Report (see note below)
+------------+----------------+--------+--------+--------+--------+--------+------+------+------+------+-------+------+------+
|Module Name | DSP Mapping    | A Size | B Size | C Size | D Size | P Size | AREG | BREG | CREG | DREG | ADREG | MREG | PREG | 
+------------+----------------+--------+--------+--------+--------+--------+------+------+------+------+-------+------+------+
|filtr_Gauss | C+A''*(B:0x13) | 9      | 6      | 14     | -      | 14     | 2    | 0    | 0    | -    | -     | 0    | 0    | 
|filtr_Gauss | C+A*(B:0x13)   | 9      | 6      | 15     | -      | 15     | 0    | 0    | 0    | -    | -     | 0    | 1    | 
|filtr_Gauss | C+A''*(B:0x13) | 9      | 6      | 14     | -      | 14     | 2    | 0    | 0    | -    | -     | 0    | 1    | 
|filtr_Gauss | C+A2*(B:0x34)  | 9      | 7      | 15     | -      | 15     | 1    | 0    | 0    | -    | -     | 0    | 1    | 
|filtr_Gauss | C+A*(B:0x13)   | 9      | 6      | 14     | -      | 14     | 0    | 0    | 0    | -    | -     | 0    | 1    | 
+------------+----------------+--------+--------+--------+--------+--------+------+------+------+------+-------+------+------+

Note: The table above is a preliminary report that shows the DSPs inferred at the current stage of the synthesis flow. Some DSP may be reimplemented as non DSP primitives later in the synthesis flow. Multiple instantiated DSPs are reported only once.
---------------------------------------------------------------------------------
Finished ROM, RAM, DSP and Shift Register Reporting
---------------------------------------------------------------------------------
INFO: [Synth 8-6837] The timing for the instance inst/i_2_0/rozmycie_U0/buffer_val_0_U/rozmycie_buffer_val_0_ram_U/ram_reg (implemented as a Block RAM) might be sub-optimal as no optional output register could be merged into the block ram. Providing additional output register may help in improving timing.

Report RTL Partitions: 
+-+--------------+------------+----------+
| |RTL Partition |Replication |Instances |
+-+--------------+------------+----------+
+-+--------------+------------+----------+
---------------------------------------------------------------------------------
Start Applying XDC Timing Constraints
---------------------------------------------------------------------------------
---------------------------------------------------------------------------------
Finished Applying XDC Timing Constraints : Time (s): cpu = 00:00:17 ; elapsed = 00:00:19 . Memory (MB): peak = 1901.238 ; gain = 501.418 ; free physical = 4548 ; free virtual = 11485
---------------------------------------------------------------------------------
---------------------------------------------------------------------------------
Start Timing Optimization
---------------------------------------------------------------------------------
---------------------------------------------------------------------------------
Finished Timing Optimization : Time (s): cpu = 00:00:17 ; elapsed = 00:00:19 . Memory (MB): peak = 1901.238 ; gain = 501.418 ; free physical = 4546 ; free virtual = 11483
---------------------------------------------------------------------------------
---------------------------------------------------------------------------------
Start ROM, RAM, DSP and Shift Register Reporting
---------------------------------------------------------------------------------

Block RAM: Final Mapping  Report
+---------------------------+------------+------------------------+---+---+------------------------+---+---+------------------+--------+--------+
|Module Name                | RTL Object | PORT A (Depth x Width) | W | R | PORT B (Depth x Width) | W | R | Ports driving FF | RAMB18 | RAMB36 | 
+---------------------------+------------+------------------------+---+---+------------------------+---+---+------------------+--------+--------+
|rozmycie_buffer_val_0_ram: | ram_reg    | 2 K x 8(READ_FIRST)    | W |   | 2 K x 8(WRITE_FIRST)   |   | R | Port A and B     | 1      | 0      | 
|rozmycie_buffer_val_0_ram: | ram_reg    | 2 K x 8(READ_FIRST)    | W |   | 2 K x 8(WRITE_FIRST)   |   | R | Port A and B     | 1      | 0      | 
+---------------------------+------------+------------------------+---+---+------------------------+---+---+------------------+--------+--------+

---------------------------------------------------------------------------------
Finished ROM, RAM, DSP and Shift Register Reporting
---------------------------------------------------------------------------------

Report RTL Partitions: 
+-+--------------+------------+----------+
| |RTL Partition |Replication |Instances |
+-+--------------+------------+----------+
+-+--------------+------------+----------+
---------------------------------------------------------------------------------
Start Technology Mapping
---------------------------------------------------------------------------------
INFO: [Synth 8-6837] The timing for the instance inst/rozmycie_U0/buffer_val_0_U/rozmycie_buffer_val_0_ram_U/ram_reg (implemented as a Block RAM) might be sub-optimal as no optional output register could be merged into the block ram. Providing additional output register may help in improving timing.
---------------------------------------------------------------------------------
Finished Technology Mapping : Time (s): cpu = 00:00:18 ; elapsed = 00:00:20 . Memory (MB): peak = 1910.262 ; gain = 510.441 ; free physical = 4542 ; free virtual = 11479
---------------------------------------------------------------------------------

Report RTL Partitions: 
+-+--------------+------------+----------+
| |RTL Partition |Replication |Instances |
+-+--------------+------------+----------+
+-+--------------+------------+----------+
---------------------------------------------------------------------------------
Start IO Insertion
---------------------------------------------------------------------------------
---------------------------------------------------------------------------------
Start Flattening Before IO Insertion
---------------------------------------------------------------------------------
---------------------------------------------------------------------------------
Finished Flattening Before IO Insertion
---------------------------------------------------------------------------------
---------------------------------------------------------------------------------
Start Final Netlist Cleanup
---------------------------------------------------------------------------------
---------------------------------------------------------------------------------
Finished Final Netlist Cleanup
---------------------------------------------------------------------------------
---------------------------------------------------------------------------------
Finished IO Insertion : Time (s): cpu = 00:00:18 ; elapsed = 00:00:20 . Memory (MB): peak = 1910.262 ; gain = 510.441 ; free physical = 4542 ; free virtual = 11479
---------------------------------------------------------------------------------

Report Check Netlist: 
+------+------------------+-------+---------+-------+------------------+
|      |Item              |Errors |Warnings |Status |Description       |
+------+------------------+-------+---------+-------+------------------+
|1     |multi_driven_nets |      0|        0|Passed |Multi driven nets |
+------+------------------+-------+---------+-------+------------------+
---------------------------------------------------------------------------------
Start Renaming Generated Instances
---------------------------------------------------------------------------------
---------------------------------------------------------------------------------
Finished Renaming Generated Instances : Time (s): cpu = 00:00:18 ; elapsed = 00:00:20 . Memory (MB): peak = 1910.262 ; gain = 510.441 ; free physical = 4542 ; free virtual = 11479
---------------------------------------------------------------------------------

Report RTL Partitions: 
+-+--------------+------------+----------+
| |RTL Partition |Replication |Instances |
+-+--------------+------------+----------+
+-+--------------+------------+----------+
---------------------------------------------------------------------------------
Start Rebuilding User Hierarchy
---------------------------------------------------------------------------------
---------------------------------------------------------------------------------
Finished Rebuilding User Hierarchy : Time (s): cpu = 00:00:19 ; elapsed = 00:00:20 . Memory (MB): peak = 1910.262 ; gain = 510.441 ; free physical = 4542 ; free virtual = 11479
---------------------------------------------------------------------------------
---------------------------------------------------------------------------------
Start Renaming Generated Ports
---------------------------------------------------------------------------------
---------------------------------------------------------------------------------
Finished Renaming Generated Ports : Time (s): cpu = 00:00:19 ; elapsed = 00:00:20 . Memory (MB): peak = 1910.262 ; gain = 510.441 ; free physical = 4542 ; free virtual = 11479
---------------------------------------------------------------------------------
---------------------------------------------------------------------------------
Start Handling Custom Attributes
---------------------------------------------------------------------------------
---------------------------------------------------------------------------------
Finished Handling Custom Attributes : Time (s): cpu = 00:00:19 ; elapsed = 00:00:20 . Memory (MB): peak = 1910.262 ; gain = 510.441 ; free physical = 4542 ; free virtual = 11479
---------------------------------------------------------------------------------
---------------------------------------------------------------------------------
Start Renaming Generated Nets
---------------------------------------------------------------------------------
---------------------------------------------------------------------------------
Finished Renaming Generated Nets : Time (s): cpu = 00:00:19 ; elapsed = 00:00:20 . Memory (MB): peak = 1910.262 ; gain = 510.441 ; free physical = 4542 ; free virtual = 11479
---------------------------------------------------------------------------------
---------------------------------------------------------------------------------
Start Writing Synthesis Report
---------------------------------------------------------------------------------

Report BlackBoxes: 
+-+--------------+----------+
| |BlackBox name |Instances |
+-+--------------+----------+
+-+--------------+----------+

Report Cell Usage: 
+------+-----------+------+
|      |Cell       |Count |
+------+-----------+------+
|1     |CARRY4     |    20|
|2     |DSP48E1    |     1|
|3     |DSP48E1_1  |     2|
|4     |DSP48E1_2  |     1|
|5     |DSP48E1_3  |     1|
|6     |LUT1       |    39|
|7     |LUT2       |    37|
|8     |LUT3       |   127|
|9     |LUT4       |    74|
|10    |LUT5       |    96|
|11    |LUT6       |    74|
|12    |RAMB18E1   |     1|
|13    |RAMB18E1_1 |     1|
|14    |FDRE       |   367|
|15    |FDSE       |    11|
+------+-----------+------+

Report Instance Areas: 
+------+-------------------------------------------------------------+---------------------------------------------------+------+
|      |Instance                                                     |Module                                             |Cells |
+------+-------------------------------------------------------------+---------------------------------------------------+------+
|1     |top                                                          |                                                   |   852|
|2     |  inst                                                       |filtr_Gauss                                        |   852|
|3     |    AXIvideo2Mat_U0                                          |AXIvideo2Mat                                       |   253|
|4     |    Mat2AXIvideo_U0                                          |Mat2AXIvideo                                       |   170|
|5     |    instance_in_data_str_U                                   |fifo_w8_d2_A                                       |    33|
|6     |      U_fifo_w8_d2_A_ram                                     |fifo_w8_d2_A_shiftReg_3                            |    25|
|7     |    instance_out_data_st_U                                   |fifo_w8_d2_A_0                                     |    32|
|8     |      U_fifo_w8_d2_A_ram                                     |fifo_w8_d2_A_shiftReg                              |    24|
|9     |    rozmycie_U0                                              |rozmycie                                           |   341|
|10    |      buffer_val_0_U                                         |rozmycie_buffer_val_0                              |     2|
|11    |        rozmycie_buffer_val_0_ram_U                          |rozmycie_buffer_val_0_ram_2                        |     2|
|12    |      buffer_val_1_U                                         |rozmycie_buffer_val_0_1                            |     6|
|13    |        rozmycie_buffer_val_0_ram_U                          |rozmycie_buffer_val_0_ram                          |     6|
|14    |      filtr_Gauss_mac_muladd_6ns_8ns_14ns_14_1_1_U13         |filtr_Gauss_mac_muladd_6ns_8ns_14ns_14_1_1         |    15|
|15    |        filtr_Gauss_mac_muladd_6ns_8ns_14ns_14_1_1_DSP48_0_U |filtr_Gauss_mac_muladd_6ns_8ns_14ns_14_1_1_DSP48_0 |    15|
|16    |    start_for_Mat2AXIvideo_U0_U                              |start_for_Mat2AXIvideo_U0                          |    11|
|17    |    start_for_rozmycie_U0_U                                  |start_for_rozmycie_U0                              |    12|
+------+-------------------------------------------------------------+---------------------------------------------------+------+
---------------------------------------------------------------------------------
Finished Writing Synthesis Report : Time (s): cpu = 00:00:19 ; elapsed = 00:00:20 . Memory (MB): peak = 1910.262 ; gain = 510.441 ; free physical = 4542 ; free virtual = 11479
---------------------------------------------------------------------------------
Synthesis finished with 0 errors, 0 critical warnings and 4 warnings.
Synthesis Optimization Runtime : Time (s): cpu = 00:00:15 ; elapsed = 00:00:16 . Memory (MB): peak = 1910.262 ; gain = 144.582 ; free physical = 4613 ; free virtual = 11551
Synthesis Optimization Complete : Time (s): cpu = 00:00:19 ; elapsed = 00:00:21 . Memory (MB): peak = 1910.270 ; gain = 510.441 ; free physical = 4613 ; free virtual = 11551
INFO: [Project 1-571] Translating synthesized netlist
INFO: [Netlist 29-17] Analyzing 27 Unisim elements for replacement
INFO: [Netlist 29-28] Unisim Transformation completed in 0 CPU seconds
INFO: [Project 1-570] Preparing netlist for logic optimization
INFO: [Opt 31-138] Pushed 0 inverter(s) to 0 load pin(s).
Netlist sorting complete. Time (s): cpu = 00:00:00 ; elapsed = 00:00:00 . Memory (MB): peak = 1942.277 ; gain = 0.000 ; free physical = 4555 ; free virtual = 11493
INFO: [Project 1-111] Unisim Transformation Summary:
No Unisim elements were transformed.

INFO: [Common 17-83] Releasing license: Synthesis
84 Infos, 17 Warnings, 0 Critical Warnings and 0 Errors encountered.
synth_design completed successfully
synth_design: Time (s): cpu = 00:00:20 ; elapsed = 00:00:21 . Memory (MB): peak = 1942.277 ; gain = 554.102 ; free physical = 4625 ; free virtual = 11562
Netlist sorting complete. Time (s): cpu = 00:00:00 ; elapsed = 00:00:00 . Memory (MB): peak = 1942.277 ; gain = 0.000 ; free physical = 4625 ; free virtual = 11562
WARNING: [Constraints 18-5210] No constraints selected for write.
Resolution: This message can indicate that there are no constraints for the design, or it can indicate that the used_in flags are set such that the constraints are ignored. This later case is used when running synth_design to not write synthesis constraints to the resulting checkpoint. Instead, project constraints are read when the synthesized design is opened.
INFO: [Common 17-1381] The checkpoint '/home/lsriw/HLS/HLS/VIVADO_GAUSS/VIVADO_GAUSS.runs/design_1_filtr_Gauss_0_1_synth_1/design_1_filtr_Gauss_0_1.dcp' has been generated.
INFO: [Coretcl 2-1648] Added synthesis output to IP cache for IP design_1_filtr_Gauss_0_1, cache-ID = cc0f73c66bdccda2
INFO: [Coretcl 2-1174] Renamed 16 cell refs.
Netlist sorting complete. Time (s): cpu = 00:00:00 ; elapsed = 00:00:00 . Memory (MB): peak = 1966.289 ; gain = 0.000 ; free physical = 4627 ; free virtual = 11565
WARNING: [Constraints 18-5210] No constraints selected for write.
Resolution: This message can indicate that there are no constraints for the design, or it can indicate that the used_in flags are set such that the constraints are ignored. This later case is used when running synth_design to not write synthesis constraints to the resulting checkpoint. Instead, project constraints are read when the synthesized design is opened.
INFO: [Common 17-1381] The checkpoint '/home/lsriw/HLS/HLS/VIVADO_GAUSS/VIVADO_GAUSS.runs/design_1_filtr_Gauss_0_1_synth_1/design_1_filtr_Gauss_0_1.dcp' has been generated.
INFO: [runtcl-4] Executing : report_utilization -file design_1_filtr_Gauss_0_1_utilization_synth.rpt -pb design_1_filtr_Gauss_0_1_utilization_synth.pb
INFO: [Common 17-206] Exiting Vivado at Wed Jan 22 11:06:58 2020...
