Copyright 1986-2018 Xilinx, Inc. All Rights Reserved.
------------------------------------------------------------------------------------
| Tool Version : Vivado v.2018.3 (lin64) Build 2405991 Thu Dec  6 23:36:41 MST 2018
| Date         : Wed Nov  6 10:47:22 2019
| Host         : lsriw running 64-bit Ubuntu 18.04.3 LTS
| Command      : report_timing_summary -file ./report/fir_timing_synth.rpt
| Design       : bd_0_wrapper
| Device       : 7z010-clg400
| Speed File   : -1  PRODUCTION 1.11 2014-09-11
------------------------------------------------------------------------------------

Timing Summary Report

------------------------------------------------------------------------------------------------
| Timer Settings
| --------------
------------------------------------------------------------------------------------------------

  Enable Multi Corner Analysis               :  Yes
  Enable Pessimism Removal                   :  Yes
  Pessimism Removal Resolution               :  Nearest Common Node
  Enable Input Delay Default Clock           :  No
  Enable Preset / Clear Arcs                 :  No
  Disable Flight Delays                      :  No
  Ignore I/O Paths                           :  No
  Timing Early Launch at Borrowing Latches   :  false

  Corner  Analyze    Analyze    
  Name    Max Paths  Min Paths  
  ------  ---------  ---------  
  Slow    Yes        Yes        
  Fast    Yes        Yes        



check_timing report

Table of Contents
-----------------
1. checking no_clock
2. checking constant_clock
3. checking pulse_width_clock
4. checking unconstrained_internal_endpoints
5. checking no_input_delay
6. checking no_output_delay
7. checking multiple_clock
8. checking generated_clocks
9. checking loops
10. checking partial_input_delay
11. checking partial_output_delay
12. checking latch_loops

1. checking no_clock
--------------------
 There are 0 register/latch pins with no clock.


2. checking constant_clock
--------------------------
 There are 0 register/latch pins with constant_clock.


3. checking pulse_width_clock
-----------------------------
 There are 0 register/latch pins which need pulse_width check


4. checking unconstrained_internal_endpoints
--------------------------------------------
 There are 0 pins that are not constrained for maximum delay.

 There are 0 pins that are not constrained for maximum delay due to constant clock.


5. checking no_input_delay
--------------------------
 There are 112 input ports with no input delay specified. (HIGH)

 There are 0 input ports with no input delay but user has a false path constraint.


6. checking no_output_delay
---------------------------
 There are 94 ports with no output delay specified. (HIGH)

 There are 0 ports with no output delay but user has a false path constraint

 There are 0 ports with no output delay but with a timing clock defined on it or propagating through it


7. checking multiple_clock
--------------------------
 There are 0 register/latch pins with multiple clocks.


8. checking generated_clocks
----------------------------
 There are 0 generated clocks that are not connected to a clock source.


9. checking loops
-----------------
 There are 0 combinational loops in the design.


10. checking partial_input_delay
--------------------------------
 There are 0 input ports with partial input delay specified.


11. checking partial_output_delay
---------------------------------
 There are 0 ports with partial output delay specified.


12. checking latch_loops
------------------------
 There are 0 combinational latch loops in the design through latch input



------------------------------------------------------------------------------------------------
| Design Timing Summary
| ---------------------
------------------------------------------------------------------------------------------------

    WNS(ns)      TNS(ns)  TNS Failing Endpoints  TNS Total Endpoints      WHS(ns)      THS(ns)  THS Failing Endpoints  THS Total Endpoints     WPWS(ns)     TPWS(ns)  TPWS Failing Endpoints  TPWS Total Endpoints  
    -------      -------  ---------------------  -------------------      -------      -------  ---------------------  -------------------     --------     --------  ----------------------  --------------------  
      2.333        0.000                      0                 3814        0.254        0.000                      0                 3814        4.500        0.000                       0                  1228  


All user specified timing constraints are met.


------------------------------------------------------------------------------------------------
| Clock Summary
| -------------
------------------------------------------------------------------------------------------------

Clock   Waveform(ns)       Period(ns)      Frequency(MHz)
-----   ------------       ----------      --------------
ap_clk  {0.000 5.000}      10.000          100.000         


------------------------------------------------------------------------------------------------
| Intra Clock Table
| -----------------
------------------------------------------------------------------------------------------------

Clock             WNS(ns)      TNS(ns)  TNS Failing Endpoints  TNS Total Endpoints      WHS(ns)      THS(ns)  THS Failing Endpoints  THS Total Endpoints     WPWS(ns)     TPWS(ns)  TPWS Failing Endpoints  TPWS Total Endpoints  
-----             -------      -------  ---------------------  -------------------      -------      -------  ---------------------  -------------------     --------     --------  ----------------------  --------------------  
ap_clk              2.333        0.000                      0                 3814        0.254        0.000                      0                 3814        4.500        0.000                       0                  1228  


------------------------------------------------------------------------------------------------
| Inter Clock Table
| -----------------
------------------------------------------------------------------------------------------------

From Clock    To Clock          WNS(ns)      TNS(ns)  TNS Failing Endpoints  TNS Total Endpoints      WHS(ns)      THS(ns)  THS Failing Endpoints  THS Total Endpoints  
----------    --------          -------      -------  ---------------------  -------------------      -------      -------  ---------------------  -------------------  


------------------------------------------------------------------------------------------------
| Other Path Groups Table
| -----------------------
------------------------------------------------------------------------------------------------

Path Group    From Clock    To Clock          WNS(ns)      TNS(ns)  TNS Failing Endpoints  TNS Total Endpoints      WHS(ns)      THS(ns)  THS Failing Endpoints  THS Total Endpoints  
----------    ----------    --------          -------      -------  ---------------------  -------------------      -------      -------  ---------------------  -------------------  


------------------------------------------------------------------------------------------------
| Timing Details
| --------------
------------------------------------------------------------------------------------------------


---------------------------------------------------------------------------------------------------
From Clock:  ap_clk
  To Clock:  ap_clk

Setup :            0  Failing Endpoints,  Worst Slack        2.333ns,  Total Violation        0.000ns
Hold  :            0  Failing Endpoints,  Worst Slack        0.254ns,  Total Violation        0.000ns
PW    :            0  Failing Endpoints,  Worst Slack        4.500ns,  Total Violation        0.000ns
---------------------------------------------------------------------------------------------------


Max Delay Paths
--------------------------------------------------------------------------------------
Slack (MET) :             2.333ns  (required time - arrival time)
  Source:                 bd_0_i/hls_inst/inst/Loop_STREAM_LOOP_pro_U0/stream_in_V_data_V_0_payload_B_reg[16]/C
                            (rising edge-triggered cell FDRE clocked by ap_clk  {rise@0.000ns fall@5.000ns period=10.000ns})
  Destination:            bd_0_i/hls_inst/inst/Loop_STREAM_LOOP_pro_U0/p_2_reg_536_reg/PCIN[0]
                            (rising edge-triggered cell DSP48E1 clocked by ap_clk  {rise@0.000ns fall@5.000ns period=10.000ns})
  Path Group:             ap_clk
  Path Type:              Setup (Max at Slow Process Corner)
  Requirement:            10.000ns  (ap_clk rise@10.000ns - ap_clk rise@0.000ns)
  Data Path Delay:        6.183ns  (logic 4.642ns (75.080%)  route 1.541ns (24.920%))
  Logic Levels:           2  (DSP48E1=1 LUT3=1)
  Clock Path Skew:        -0.049ns (DCD - SCD + CPR)
    Destination Clock Delay (DCD):    0.924ns = ( 10.924 - 10.000 ) 
    Source Clock Delay      (SCD):    0.973ns
    Clock Pessimism Removal (CPR):    0.000ns
  Clock Uncertainty:      0.035ns  ((TSJ^2 + TIJ^2)^1/2 + DJ) / 2 + PE
    Total System Jitter     (TSJ):    0.071ns
    Total Input Jitter      (TIJ):    0.000ns
    Discrete Jitter          (DJ):    0.000ns
    Phase Error              (PE):    0.000ns

    Location             Delay type                Incr(ns)  Path(ns)    Netlist Resource(s)
  -------------------------------------------------------------------    -------------------
                         (clock ap_clk rise edge)     0.000     0.000 r  
                                                      0.000     0.000 r  ap_clk (IN)
                         net (fo=1229, unset)         0.973     0.973    bd_0_i/hls_inst/inst/Loop_STREAM_LOOP_pro_U0/ap_clk
                         FDRE                                         r  bd_0_i/hls_inst/inst/Loop_STREAM_LOOP_pro_U0/stream_in_V_data_V_0_payload_B_reg[16]/C
  -------------------------------------------------------------------    -------------------
                         FDRE (Prop_fdre_C_Q)         0.496     1.469 r  bd_0_i/hls_inst/inst/Loop_STREAM_LOOP_pro_U0/stream_in_V_data_V_0_payload_B_reg[16]/Q
                         net (fo=1, unplaced)         0.741     2.210    bd_0_i/hls_inst/inst/Loop_STREAM_LOOP_pro_U0/stream_in_V_data_V_0_payload_B[16]
                         LUT3 (Prop_lut3_I0_O)        0.295     2.505 r  bd_0_i/hls_inst/inst/Loop_STREAM_LOOP_pro_U0/data_in_V_0[16]_i_1/O
                         net (fo=7, unplaced)         0.800     3.305    bd_0_i/hls_inst/inst/Loop_STREAM_LOOP_pro_U0/p_2_fu_404_p1[16]
                         DSP48E1 (Prop_dsp48e1_B[16]_PCOUT[0])
                                                      3.851     7.156 r  bd_0_i/hls_inst/inst/Loop_STREAM_LOOP_pro_U0/p_2_fu_404_p2__0/PCOUT[0]
                         net (fo=1, unplaced)         0.000     7.156    bd_0_i/hls_inst/inst/Loop_STREAM_LOOP_pro_U0/p_2_fu_404_p2__0_n_153
                         DSP48E1                                      r  bd_0_i/hls_inst/inst/Loop_STREAM_LOOP_pro_U0/p_2_reg_536_reg/PCIN[0]
  -------------------------------------------------------------------    -------------------

                         (clock ap_clk rise edge)    10.000    10.000 r  
                                                      0.000    10.000 r  ap_clk (IN)
                         net (fo=1229, unset)         0.924    10.924    bd_0_i/hls_inst/inst/Loop_STREAM_LOOP_pro_U0/ap_clk
                         DSP48E1                                      r  bd_0_i/hls_inst/inst/Loop_STREAM_LOOP_pro_U0/p_2_reg_536_reg/CLK
                         clock pessimism              0.000    10.924    
                         clock uncertainty           -0.035    10.889    
                         DSP48E1 (Setup_dsp48e1_CLK_PCIN[0])
                                                     -1.400     9.489    bd_0_i/hls_inst/inst/Loop_STREAM_LOOP_pro_U0/p_2_reg_536_reg
  -------------------------------------------------------------------
                         required time                          9.489    
                         arrival time                          -7.156    
  -------------------------------------------------------------------
                         slack                                  2.333    





Min Delay Paths
--------------------------------------------------------------------------------------
Slack (MET) :             0.254ns  (arrival time - required time)
  Source:                 bd_0_i/hls_inst/inst/Loop_STREAM_LOOP_pro_U0/stream_in_V_dest_V_0_payload_A_reg[0]/C
                            (rising edge-triggered cell FDRE clocked by ap_clk  {rise@0.000ns fall@5.000ns period=10.000ns})
  Destination:            bd_0_i/hls_inst/inst/Loop_STREAM_LOOP_pro_U0/tmp_dest_V_reg_486_reg[0]/D
                            (rising edge-triggered cell FDRE clocked by ap_clk  {rise@0.000ns fall@5.000ns period=10.000ns})
  Path Group:             ap_clk
  Path Type:              Hold (Min at Fast Process Corner)
  Requirement:            0.000ns  (ap_clk rise@0.000ns - ap_clk rise@0.000ns)
  Data Path Delay:        0.387ns  (logic 0.256ns (66.134%)  route 0.131ns (33.866%))
  Logic Levels:           1  (LUT3=1)
  Clock Path Skew:        0.022ns (DCD - SCD - CPR)
    Destination Clock Delay (DCD):    0.432ns
    Source Clock Delay      (SCD):    0.410ns
    Clock Pessimism Removal (CPR):    -0.000ns

    Location             Delay type                Incr(ns)  Path(ns)    Netlist Resource(s)
  -------------------------------------------------------------------    -------------------
                         (clock ap_clk rise edge)     0.000     0.000 r  
                                                      0.000     0.000 r  ap_clk (IN)
                         net (fo=1229, unset)         0.410     0.410    bd_0_i/hls_inst/inst/Loop_STREAM_LOOP_pro_U0/ap_clk
                         FDRE                                         r  bd_0_i/hls_inst/inst/Loop_STREAM_LOOP_pro_U0/stream_in_V_dest_V_0_payload_A_reg[0]/C
  -------------------------------------------------------------------    -------------------
                         FDRE (Prop_fdre_C_Q)         0.158     0.568 r  bd_0_i/hls_inst/inst/Loop_STREAM_LOOP_pro_U0/stream_in_V_dest_V_0_payload_A_reg[0]/Q
                         net (fo=1, unplaced)         0.131     0.699    bd_0_i/hls_inst/inst/Loop_STREAM_LOOP_pro_U0/stream_in_V_dest_V_0_payload_A[0]
                         LUT3 (Prop_lut3_I2_O)        0.098     0.797 r  bd_0_i/hls_inst/inst/Loop_STREAM_LOOP_pro_U0/tmp_dest_V_reg_486[0]_i_1/O
                         net (fo=1, unplaced)         0.000     0.797    bd_0_i/hls_inst/inst/Loop_STREAM_LOOP_pro_U0/stream_in_V_dest_V_0_data_out[0]
                         FDRE                                         r  bd_0_i/hls_inst/inst/Loop_STREAM_LOOP_pro_U0/tmp_dest_V_reg_486_reg[0]/D
  -------------------------------------------------------------------    -------------------

                         (clock ap_clk rise edge)     0.000     0.000 r  
                                                      0.000     0.000 r  ap_clk (IN)
                         net (fo=1229, unset)         0.432     0.432    bd_0_i/hls_inst/inst/Loop_STREAM_LOOP_pro_U0/ap_clk
                         FDRE                                         r  bd_0_i/hls_inst/inst/Loop_STREAM_LOOP_pro_U0/tmp_dest_V_reg_486_reg[0]/C
                         clock pessimism              0.000     0.432    
                         FDRE (Hold_fdre_C_D)         0.112     0.544    bd_0_i/hls_inst/inst/Loop_STREAM_LOOP_pro_U0/tmp_dest_V_reg_486_reg[0]
  -------------------------------------------------------------------
                         required time                         -0.544    
                         arrival time                           0.797    
  -------------------------------------------------------------------
                         slack                                  0.254    





Pulse Width Checks
--------------------------------------------------------------------------------------
Clock Name:         ap_clk
Waveform(ns):       { 0.000 5.000 }
Period(ns):         10.000
Sources:            { ap_clk }

Check Type        Corner  Lib Pin      Reference Pin  Required(ns)  Actual(ns)  Slack(ns)  Location  Pin
Min Period        n/a     DSP48E1/CLK  n/a            3.884         10.000      6.116                bd_0_i/hls_inst/inst/Loop_STREAM_LOOP_pro_U0/p_1_1_reg_496_reg/CLK
Low Pulse Width   Fast    FDSE/C       n/a            0.500         5.000       4.500                bd_0_i/hls_inst/inst/Loop_STREAM_LOOP_pro_U0/ap_CS_fsm_reg[0]/C
High Pulse Width  Slow    FDSE/C       n/a            0.500         5.000       4.500                bd_0_i/hls_inst/inst/Loop_STREAM_LOOP_pro_U0/ap_CS_fsm_reg[0]/C



