

================================================================
== Vivado HLS Report for 'filtr_Gauss'
================================================================
* Date:           Wed Jan 22 10:55:50 2020

* Version:        2018.3 (Build 2405991 on Thu Dec 06 23:56:15 MST 2018)
* Project:        Rozmycie_Gaussa
* Solution:       solution1
* Product family: zynq
* Target device:  xc7z010clg400-1


================================================================
== Performance Estimates
================================================================
+ Timing (ns): 
    * Summary: 
    +--------+-------+----------+------------+
    |  Clock | Target| Estimated| Uncertainty|
    +--------+-------+----------+------------+
    |ap_clk  |  10.00|     9.400|        1.25|
    +--------+-------+----------+------------+

+ Latency (clock cycles): 
    * Summary: 
    +--------+--------+--------+--------+----------+
    |     Latency     |     Interval    | Pipeline |
    |   min  |   max  |   min  |   max  |   Type   |
    +--------+--------+--------+--------+----------+
    |  927931|  927931|  927929|  927929| dataflow |
    +--------+--------+--------+--------+----------+

    + Detail: 
        * Instance: 
        +-----------------+--------------+--------+--------+--------+--------+---------+
        |                 |              |     Latency     |     Interval    | Pipeline|
        |     Instance    |    Module    |   min  |   max  |   min  |   max  |   Type  |
        +-----------------+--------------+--------+--------+--------+--------+---------+
        |rozmycie_U0      |rozmycie      |  927928|  927928|  927928|  927928|   none  |
        |AXIvideo2Mat_U0  |AXIvideo2Mat  |  925203|  925203|  925203|  925203|   none  |
        |Mat2AXIvideo_U0  |Mat2AXIvideo  |  924481|  924481|  924481|  924481|   none  |
        +-----------------+--------------+--------+--------+--------+--------+---------+

        * Loop: 
        N/A



================================================================
== Utilization Estimates
================================================================
* Summary: 
+-----------------+---------+-------+-------+-------+
|       Name      | BRAM_18K| DSP48E|   FF  |  LUT  |
+-----------------+---------+-------+-------+-------+
|DSP              |        -|      -|      -|      -|
|Expression       |        -|      -|      0|      2|
|FIFO             |        0|      -|     10|     40|
|Instance         |        2|      5|    678|   1321|
|Memory           |        -|      -|      -|      -|
|Multiplexer      |        -|      -|      -|      -|
|Register         |        -|      -|      -|      -|
+-----------------+---------+-------+-------+-------+
|Total            |        2|      5|    688|   1363|
+-----------------+---------+-------+-------+-------+
|Available        |      120|     80|  35200|  17600|
+-----------------+---------+-------+-------+-------+
|Utilization (%)  |        1|      6|      1|      7|
+-----------------+---------+-------+-------+-------+

+ Detail: 
    * Instance: 
    +-----------------+--------------+---------+-------+-----+-----+
    |     Instance    |    Module    | BRAM_18K| DSP48E|  FF | LUT |
    +-----------------+--------------+---------+-------+-----+-----+
    |AXIvideo2Mat_U0  |AXIvideo2Mat  |        0|      0|  126|  438|
    |Mat2AXIvideo_U0  |Mat2AXIvideo  |        0|      0|   87|  342|
    |rozmycie_U0      |rozmycie      |        2|      5|  465|  541|
    +-----------------+--------------+---------+-------+-----+-----+
    |Total            |              |        2|      5|  678| 1321|
    +-----------------+--------------+---------+-------+-----+-----+

    * DSP48: 
    N/A

    * Memory: 
    N/A

    * FIFO: 
    +------------------------+---------+---+----+------+-----+---------+
    |          Name          | BRAM_18K| FF| LUT| Depth| Bits| Size:D*B|
    +------------------------+---------+---+----+------+-----+---------+
    |instance_in_data_str_U  |        0|  5|  20|     2|    8|       16|
    |instance_out_data_st_U  |        0|  5|  20|     2|    8|       16|
    +------------------------+---------+---+----+------+-----+---------+
    |Total                   |        0| 10|  40|     4|   16|       32|
    +------------------------+---------+---+----+------+-----+---------+

    * Expression: 
    +--------------+----------+-------+---+----+------------+------------+
    | Variable Name| Operation| DSP48E| FF| LUT| Bitwidth P0| Bitwidth P1|
    +--------------+----------+-------+---+----+------------+------------+
    |ap_idle       |    and   |      0|  0|   2|           1|           1|
    +--------------+----------+-------+---+----+------------+------------+
    |Total         |          |      0|  0|   2|           1|           1|
    +--------------+----------+-------+---+----+------------+------------+

    * Multiplexer: 
    N/A

    * Register: 
    N/A



================================================================
== Interface
================================================================
* Summary: 
+--------------+-----+-----+------------+--------------+--------------+
|   RTL Ports  | Dir | Bits|  Protocol  | Source Object|    C Type    |
+--------------+-----+-----+------------+--------------+--------------+
|in_r_TDATA    |  in |    8|    axis    |  in_V_data_V |    pointer   |
|in_r_TKEEP    |  in |    1|    axis    |  in_V_keep_V |    pointer   |
|in_r_TSTRB    |  in |    1|    axis    |  in_V_strb_V |    pointer   |
|in_r_TUSER    |  in |    1|    axis    |  in_V_user_V |    pointer   |
|in_r_TLAST    |  in |    1|    axis    |  in_V_last_V |    pointer   |
|in_r_TID      |  in |    1|    axis    |   in_V_id_V  |    pointer   |
|in_r_TDEST    |  in |    1|    axis    |  in_V_dest_V |    pointer   |
|in_r_TVALID   |  in |    1|    axis    |  in_V_dest_V |    pointer   |
|in_r_TREADY   | out |    1|    axis    |  in_V_dest_V |    pointer   |
|out_r_TDATA   | out |    8|    axis    | out_V_data_V |    pointer   |
|out_r_TKEEP   | out |    1|    axis    | out_V_keep_V |    pointer   |
|out_r_TSTRB   | out |    1|    axis    | out_V_strb_V |    pointer   |
|out_r_TUSER   | out |    1|    axis    | out_V_user_V |    pointer   |
|out_r_TLAST   | out |    1|    axis    | out_V_last_V |    pointer   |
|out_r_TID     | out |    1|    axis    |  out_V_id_V  |    pointer   |
|out_r_TDEST   | out |    1|    axis    | out_V_dest_V |    pointer   |
|out_r_TVALID  | out |    1|    axis    | out_V_dest_V |    pointer   |
|out_r_TREADY  |  in |    1|    axis    | out_V_dest_V |    pointer   |
|ap_clk        |  in |    1| ap_ctrl_hs |  filtr_Gauss | return value |
|ap_rst_n      |  in |    1| ap_ctrl_hs |  filtr_Gauss | return value |
|ap_start      |  in |    1| ap_ctrl_hs |  filtr_Gauss | return value |
|ap_done       | out |    1| ap_ctrl_hs |  filtr_Gauss | return value |
|ap_ready      | out |    1| ap_ctrl_hs |  filtr_Gauss | return value |
|ap_idle       | out |    1| ap_ctrl_hs |  filtr_Gauss | return value |
+--------------+-----+-----+------------+--------------+--------------+

