Copyright 1986-2018 Xilinx, Inc. All Rights Reserved.
------------------------------------------------------------------------------------
| Tool Version : Vivado v.2018.3 (win64) Build 2405991 Thu Dec  6 23:38:27 MST 2018
| Date         : Fri Jan 17 22:50:36 2020
| Host         : LAPTOP-TNDE04NQ running 64-bit major release  (build 9200)
| Command      : upgrade_ip
| Device       : xc7z010clg400-1
------------------------------------------------------------------------------------

Upgrade Log for IP 'design_1_rgb2gray_0_0'

1. Summary
----------

SUCCESS in the upgrade of design_1_rgb2gray_0_0 (xilinx.com:user:rgb2gray:1.0) from (Rev. 4) to (Rev. 5)






Copyright 1986-2018 Xilinx, Inc. All Rights Reserved.
------------------------------------------------------------------------------------
| Tool Version : Vivado v.2018.3 (win64) Build 2405991 Thu Dec  6 23:38:27 MST 2018
| Date         : Fri Jan 17 22:39:07 2020
| Host         : LAPTOP-TNDE04NQ running 64-bit major release  (build 9200)
| Command      : upgrade_ip
| Device       : xc7z010clg400-1
------------------------------------------------------------------------------------

Upgrade Log for IP 'design_1_rgb2gray_0_0'

1. Summary
----------

SUCCESS in the upgrade of design_1_rgb2gray_0_0 (xilinx.com:user:rgb2gray:1.0) from (Rev. 3) to (Rev. 4)






Copyright 1986-2018 Xilinx, Inc. All Rights Reserved.
------------------------------------------------------------------------------------
| Tool Version : Vivado v.2018.3 (win64) Build 2405991 Thu Dec  6 23:38:27 MST 2018
| Date         : Fri Jan 17 22:10:24 2020
| Host         : LAPTOP-TNDE04NQ running 64-bit major release  (build 9200)
| Command      : upgrade_ip
| Device       : xc7z010clg400-1
------------------------------------------------------------------------------------

Upgrade Log for IP 'design_1_rgb2gray_0_0'

1. Summary
----------

CAUTION (success, with warnings) in the upgrade of design_1_rgb2gray_0_0 (xilinx.com:user:rgb2gray:1.0) from (Rev. 2) to (Rev. 3)

After upgrade, an IP may have parameter and port differences compared to the original customization. Please review the parameters within the IP customization GUI to ensure proper functionality. Also, please review the updated IP instantiation template to ensure proper connectivity, and update your design if required.

2. Connection Warnings
----------------------

Detected external port differences while upgrading 'design_1_rgb2gray_0_0'. These changes may impact your design.


-Upgraded port 'pixel_in' width 24 differs from original width 25

-Upgraded port 'pixel_out' width 24 differs from original width 8


