10:22:19 INFO  : Registering command handlers for SDK TCF services
10:22:22 INFO  : Launching XSCT server: xsct -n -interactive /home/lsriw/HLS_STANISZ/HLS/DMA/DMA.sdk/temp_xsdb_launch_script.tcl
10:22:25 INFO  : XSCT server has started successfully.
10:22:25 INFO  : Successfully done setting XSCT server connection channel  
10:22:29 INFO  : Successfully done setting SDK workspace  
10:22:29 INFO  : Processing command line option -hwspec /home/lsriw/HLS_STANISZ/HLS/DMA/DMA.sdk/design_1_wrapper.hdf.
11:31:34 INFO  : Connected to target on host '127.0.0.1' and port '3121'.
11:31:34 INFO  : 'targets -set -filter {jtag_cable_name =~ "Digilent Zybo 210279786350A" && level==0} -index 1' command is executed.
11:31:36 INFO  : FPGA configured successfully with bitstream "/home/lsriw/HLS_STANISZ/HLS/DMA/DMA.sdk/design_1_wrapper_hw_platform_0/design_1_wrapper.bit"
11:31:54 INFO  : 'targets -set -filter {jtag_cable_name =~ "Digilent Zybo 210279786350A" && level==0} -index 1' command is executed.
11:31:54 INFO  : 'fpga -state' command is executed.
11:31:54 INFO  : Connected to target on host '127.0.0.1' and port '3121'.
11:31:54 INFO  : Jtag cable 'Digilent Zybo 210279786350A' is selected.
11:31:54 INFO  : 'jtag frequency' command is executed.
11:31:54 INFO  : Sourcing of '/home/lsriw/HLS_STANISZ/HLS/DMA/DMA.sdk/design_1_wrapper_hw_platform_0/ps7_init.tcl' is done.
11:31:54 INFO  : Context for 'APU' is selected.
11:31:54 INFO  : Hardware design information is loaded from '/home/lsriw/HLS_STANISZ/HLS/DMA/DMA.sdk/design_1_wrapper_hw_platform_0/system.hdf'.
11:31:54 INFO  : 'configparams force-mem-access 1' command is executed.
11:31:54 INFO  : Context for 'APU' is selected.
11:31:54 INFO  : 'stop' command is executed.
11:31:55 INFO  : 'ps7_init' command is executed.
11:31:55 INFO  : 'ps7_post_config' command is executed.
11:31:55 INFO  : Context for processor 'ps7_cortexa9_0' is selected.
11:31:55 INFO  : Processor reset is completed for 'ps7_cortexa9_0'.
11:31:55 INFO  : Context for processor 'ps7_cortexa9_0' is selected.
11:31:55 INFO  : The application '/home/lsriw/HLS_STANISZ/HLS/DMA/DMA.sdk/DMA_sdk/Debug/DMA_sdk.elf' is downloaded to processor 'ps7_cortexa9_0'.
11:31:55 INFO  : 'configparams force-mem-access 0' command is executed.
11:31:55 INFO  : ----------------XSDB Script----------------
connect -url tcp:127.0.0.1:3121
source /home/lsriw/HLS_STANISZ/HLS/DMA/DMA.sdk/design_1_wrapper_hw_platform_0/ps7_init.tcl
targets -set -nocase -filter {name =~"APU*" && jtag_cable_name =~ "Digilent Zybo 210279786350A"} -index 0
loadhw -hw /home/lsriw/HLS_STANISZ/HLS/DMA/DMA.sdk/design_1_wrapper_hw_platform_0/system.hdf -mem-ranges [list {0x40000000 0xbfffffff}]
configparams force-mem-access 1
targets -set -nocase -filter {name =~"APU*" && jtag_cable_name =~ "Digilent Zybo 210279786350A"} -index 0
stop
ps7_init
ps7_post_config
targets -set -nocase -filter {name =~ "ARM*#0" && jtag_cable_name =~ "Digilent Zybo 210279786350A"} -index 0
rst -processor
targets -set -nocase -filter {name =~ "ARM*#0" && jtag_cable_name =~ "Digilent Zybo 210279786350A"} -index 0
dow /home/lsriw/HLS_STANISZ/HLS/DMA/DMA.sdk/DMA_sdk/Debug/DMA_sdk.elf
configparams force-mem-access 0
----------------End of Script----------------

11:31:55 INFO  : Memory regions updated for context APU
11:31:55 INFO  : Context for processor 'ps7_cortexa9_0' is selected.
11:31:55 INFO  : 'con' command is executed.
11:31:55 INFO  : ----------------XSDB Script (After Launch)----------------
targets -set -nocase -filter {name =~ "ARM*#0" && jtag_cable_name =~ "Digilent Zybo 210279786350A"} -index 0
con
----------------End of Script----------------

11:31:55 INFO  : Launch script is exported to file '/home/lsriw/HLS_STANISZ/HLS/DMA/DMA.sdk/.sdk/launch_scripts/xilinx_c-c++_application_(system_debugger)/system_debugger_using_debug_dma_sdk.elf_on_local.tcl'
11:35:51 INFO  : Connected to target on host '127.0.0.1' and port '3121'.
11:36:19 INFO  : Connected to target on host '127.0.0.1' and port '3121'.
11:36:19 INFO  : 'targets -set -filter {jtag_cable_name =~ "Digilent Zybo 210279786350A" && level==0} -index 1' command is executed.
11:36:21 INFO  : FPGA configured successfully with bitstream "/home/lsriw/HLS_STANISZ/HLS/DMA/DMA.sdk/design_1_wrapper_hw_platform_0/design_1_wrapper.bit"
11:36:44 INFO  : Disconnected from the channel tcfchan#1.
11:36:45 INFO  : 'targets -set -filter {jtag_cable_name =~ "Digilent Zybo 210279786350A" && level==0} -index 1' command is executed.
11:36:45 INFO  : 'fpga -state' command is executed.
11:36:45 INFO  : Connected to target on host '127.0.0.1' and port '3121'.
11:36:45 INFO  : Jtag cable 'Digilent Zybo 210279786350A' is selected.
11:36:45 INFO  : 'jtag frequency' command is executed.
11:36:45 INFO  : Sourcing of '/home/lsriw/HLS_STANISZ/HLS/DMA/DMA.sdk/design_1_wrapper_hw_platform_0/ps7_init.tcl' is done.
11:36:45 INFO  : Context for 'APU' is selected.
11:36:47 INFO  : Hardware design information is loaded from '/home/lsriw/HLS_STANISZ/HLS/DMA/DMA.sdk/design_1_wrapper_hw_platform_0/system.hdf'.
11:36:47 INFO  : 'configparams force-mem-access 1' command is executed.
11:36:47 INFO  : Context for 'APU' is selected.
11:36:47 INFO  : 'stop' command is executed.
11:36:48 INFO  : 'ps7_init' command is executed.
11:36:48 INFO  : 'ps7_post_config' command is executed.
11:36:48 INFO  : Context for processor 'ps7_cortexa9_0' is selected.
11:36:48 INFO  : Processor reset is completed for 'ps7_cortexa9_0'.
11:36:48 INFO  : Context for processor 'ps7_cortexa9_0' is selected.
11:36:48 INFO  : The application '/home/lsriw/HLS_STANISZ/HLS/DMA/DMA.sdk/DMA_sdk/Debug/DMA_sdk.elf' is downloaded to processor 'ps7_cortexa9_0'.
11:36:48 INFO  : 'configparams force-mem-access 0' command is executed.
11:36:48 INFO  : ----------------XSDB Script----------------
connect -url tcp:127.0.0.1:3121
source /home/lsriw/HLS_STANISZ/HLS/DMA/DMA.sdk/design_1_wrapper_hw_platform_0/ps7_init.tcl
targets -set -nocase -filter {name =~"APU*" && jtag_cable_name =~ "Digilent Zybo 210279786350A"} -index 0
loadhw -hw /home/lsriw/HLS_STANISZ/HLS/DMA/DMA.sdk/design_1_wrapper_hw_platform_0/system.hdf -mem-ranges [list {0x40000000 0xbfffffff}]
configparams force-mem-access 1
targets -set -nocase -filter {name =~"APU*" && jtag_cable_name =~ "Digilent Zybo 210279786350A"} -index 0
stop
ps7_init
ps7_post_config
targets -set -nocase -filter {name =~ "ARM*#0" && jtag_cable_name =~ "Digilent Zybo 210279786350A"} -index 0
rst -processor
targets -set -nocase -filter {name =~ "ARM*#0" && jtag_cable_name =~ "Digilent Zybo 210279786350A"} -index 0
dow /home/lsriw/HLS_STANISZ/HLS/DMA/DMA.sdk/DMA_sdk/Debug/DMA_sdk.elf
configparams force-mem-access 0
----------------End of Script----------------

11:36:48 INFO  : Memory regions updated for context APU
11:36:48 INFO  : Context for processor 'ps7_cortexa9_0' is selected.
11:36:48 INFO  : 'con' command is executed.
11:36:48 INFO  : ----------------XSDB Script (After Launch)----------------
targets -set -nocase -filter {name =~ "ARM*#0" && jtag_cable_name =~ "Digilent Zybo 210279786350A"} -index 0
con
----------------End of Script----------------

11:36:48 INFO  : Launch script is exported to file '/home/lsriw/HLS_STANISZ/HLS/DMA/DMA.sdk/.sdk/launch_scripts/xilinx_c-c++_application_(system_debugger)/system_debugger_using_debug_dma_sdk.elf_on_local.tcl'
11:39:16 INFO  : Disconnected from the channel tcfchan#2.
11:39:18 INFO  : 'targets -set -filter {jtag_cable_name =~ "Digilent Zybo 210279786350A" && level==0} -index 1' command is executed.
11:39:18 INFO  : 'fpga -state' command is executed.
11:39:18 INFO  : Connected to target on host '127.0.0.1' and port '3121'.
11:39:18 INFO  : Jtag cable 'Digilent Zybo 210279786350A' is selected.
11:39:18 INFO  : 'jtag frequency' command is executed.
11:39:18 INFO  : Sourcing of '/home/lsriw/HLS_STANISZ/HLS/DMA/DMA.sdk/design_1_wrapper_hw_platform_0/ps7_init.tcl' is done.
11:39:18 INFO  : Context for 'APU' is selected.
11:39:20 INFO  : Hardware design information is loaded from '/home/lsriw/HLS_STANISZ/HLS/DMA/DMA.sdk/design_1_wrapper_hw_platform_0/system.hdf'.
11:39:20 INFO  : 'configparams force-mem-access 1' command is executed.
11:39:20 INFO  : Context for 'APU' is selected.
11:39:20 INFO  : 'stop' command is executed.
11:39:20 INFO  : 'ps7_init' command is executed.
11:39:20 INFO  : 'ps7_post_config' command is executed.
11:39:20 INFO  : Context for processor 'ps7_cortexa9_0' is selected.
11:39:20 INFO  : Processor reset is completed for 'ps7_cortexa9_0'.
11:39:20 INFO  : Context for processor 'ps7_cortexa9_0' is selected.
11:39:21 INFO  : The application '/home/lsriw/HLS_STANISZ/HLS/DMA/DMA.sdk/DMA_sdk/Debug/DMA_sdk.elf' is downloaded to processor 'ps7_cortexa9_0'.
11:39:21 INFO  : 'configparams force-mem-access 0' command is executed.
11:39:21 INFO  : ----------------XSDB Script----------------
connect -url tcp:127.0.0.1:3121
source /home/lsriw/HLS_STANISZ/HLS/DMA/DMA.sdk/design_1_wrapper_hw_platform_0/ps7_init.tcl
targets -set -nocase -filter {name =~"APU*" && jtag_cable_name =~ "Digilent Zybo 210279786350A"} -index 0
loadhw -hw /home/lsriw/HLS_STANISZ/HLS/DMA/DMA.sdk/design_1_wrapper_hw_platform_0/system.hdf -mem-ranges [list {0x40000000 0xbfffffff}]
configparams force-mem-access 1
targets -set -nocase -filter {name =~"APU*" && jtag_cable_name =~ "Digilent Zybo 210279786350A"} -index 0
stop
ps7_init
ps7_post_config
targets -set -nocase -filter {name =~ "ARM*#0" && jtag_cable_name =~ "Digilent Zybo 210279786350A"} -index 0
rst -processor
targets -set -nocase -filter {name =~ "ARM*#0" && jtag_cable_name =~ "Digilent Zybo 210279786350A"} -index 0
dow /home/lsriw/HLS_STANISZ/HLS/DMA/DMA.sdk/DMA_sdk/Debug/DMA_sdk.elf
configparams force-mem-access 0
----------------End of Script----------------

11:39:21 INFO  : Memory regions updated for context APU
11:39:21 INFO  : Context for processor 'ps7_cortexa9_0' is selected.
11:39:21 INFO  : 'con' command is executed.
11:39:21 INFO  : ----------------XSDB Script (After Launch)----------------
targets -set -nocase -filter {name =~ "ARM*#0" && jtag_cable_name =~ "Digilent Zybo 210279786350A"} -index 0
con
----------------End of Script----------------

11:39:21 INFO  : Launch script is exported to file '/home/lsriw/HLS_STANISZ/HLS/DMA/DMA.sdk/.sdk/launch_scripts/xilinx_c-c++_application_(system_debugger)/system_debugger_using_debug_dma_sdk.elf_on_local.tcl'
11:39:59 INFO  : Disconnected from the channel tcfchan#3.
11:40:00 INFO  : 'targets -set -filter {jtag_cable_name =~ "Digilent Zybo 210279786350A" && level==0} -index 1' command is executed.
11:40:00 INFO  : 'fpga -state' command is executed.
11:40:00 INFO  : Connected to target on host '127.0.0.1' and port '3121'.
11:40:00 INFO  : Jtag cable 'Digilent Zybo 210279786350A' is selected.
11:40:00 INFO  : 'jtag frequency' command is executed.
11:40:00 INFO  : Sourcing of '/home/lsriw/HLS_STANISZ/HLS/DMA/DMA.sdk/design_1_wrapper_hw_platform_0/ps7_init.tcl' is done.
11:40:00 INFO  : Context for 'APU' is selected.
11:40:02 INFO  : Hardware design information is loaded from '/home/lsriw/HLS_STANISZ/HLS/DMA/DMA.sdk/design_1_wrapper_hw_platform_0/system.hdf'.
11:40:02 INFO  : 'configparams force-mem-access 1' command is executed.
11:40:02 INFO  : Context for 'APU' is selected.
11:40:02 INFO  : 'stop' command is executed.
11:40:02 INFO  : 'ps7_init' command is executed.
11:40:02 INFO  : 'ps7_post_config' command is executed.
11:40:02 INFO  : Context for processor 'ps7_cortexa9_0' is selected.
11:40:02 INFO  : Processor reset is completed for 'ps7_cortexa9_0'.
11:40:02 INFO  : Context for processor 'ps7_cortexa9_0' is selected.
11:40:03 INFO  : The application '/home/lsriw/HLS_STANISZ/HLS/DMA/DMA.sdk/DMA_sdk/Debug/DMA_sdk.elf' is downloaded to processor 'ps7_cortexa9_0'.
11:40:03 INFO  : 'configparams force-mem-access 0' command is executed.
11:40:03 INFO  : ----------------XSDB Script----------------
connect -url tcp:127.0.0.1:3121
source /home/lsriw/HLS_STANISZ/HLS/DMA/DMA.sdk/design_1_wrapper_hw_platform_0/ps7_init.tcl
targets -set -nocase -filter {name =~"APU*" && jtag_cable_name =~ "Digilent Zybo 210279786350A"} -index 0
loadhw -hw /home/lsriw/HLS_STANISZ/HLS/DMA/DMA.sdk/design_1_wrapper_hw_platform_0/system.hdf -mem-ranges [list {0x40000000 0xbfffffff}]
configparams force-mem-access 1
targets -set -nocase -filter {name =~"APU*" && jtag_cable_name =~ "Digilent Zybo 210279786350A"} -index 0
stop
ps7_init
ps7_post_config
targets -set -nocase -filter {name =~ "ARM*#0" && jtag_cable_name =~ "Digilent Zybo 210279786350A"} -index 0
rst -processor
targets -set -nocase -filter {name =~ "ARM*#0" && jtag_cable_name =~ "Digilent Zybo 210279786350A"} -index 0
dow /home/lsriw/HLS_STANISZ/HLS/DMA/DMA.sdk/DMA_sdk/Debug/DMA_sdk.elf
configparams force-mem-access 0
----------------End of Script----------------

11:40:03 INFO  : Memory regions updated for context APU
11:40:03 INFO  : Context for processor 'ps7_cortexa9_0' is selected.
11:40:03 INFO  : 'con' command is executed.
11:40:03 INFO  : ----------------XSDB Script (After Launch)----------------
targets -set -nocase -filter {name =~ "ARM*#0" && jtag_cable_name =~ "Digilent Zybo 210279786350A"} -index 0
con
----------------End of Script----------------

11:40:03 INFO  : Launch script is exported to file '/home/lsriw/HLS_STANISZ/HLS/DMA/DMA.sdk/.sdk/launch_scripts/xilinx_c-c++_application_(system_debugger)/system_debugger_using_debug_dma_sdk.elf_on_local.tcl'
11:41:10 INFO  : Connected to target on host '127.0.0.1' and port '3121'.
11:41:10 INFO  : 'targets -set -filter {jtag_cable_name =~ "Digilent Zybo 210279786350A" && level==0} -index 1' command is executed.
11:41:11 INFO  : FPGA configured successfully with bitstream "/home/lsriw/HLS_STANISZ/HLS/DMA/DMA.sdk/design_1_wrapper_hw_platform_0/design_1_wrapper.bit"
11:41:20 INFO  : Disconnected from the channel tcfchan#4.
11:41:22 INFO  : 'targets -set -filter {jtag_cable_name =~ "Digilent Zybo 210279786350A" && level==0} -index 1' command is executed.
11:41:22 INFO  : 'fpga -state' command is executed.
11:41:22 INFO  : Connected to target on host '127.0.0.1' and port '3121'.
11:41:22 INFO  : Jtag cable 'Digilent Zybo 210279786350A' is selected.
11:41:22 INFO  : 'jtag frequency' command is executed.
11:41:22 INFO  : Sourcing of '/home/lsriw/HLS_STANISZ/HLS/DMA/DMA.sdk/design_1_wrapper_hw_platform_0/ps7_init.tcl' is done.
11:41:22 INFO  : Context for 'APU' is selected.
11:41:24 INFO  : Hardware design information is loaded from '/home/lsriw/HLS_STANISZ/HLS/DMA/DMA.sdk/design_1_wrapper_hw_platform_0/system.hdf'.
11:41:24 INFO  : 'configparams force-mem-access 1' command is executed.
11:41:24 INFO  : Context for 'APU' is selected.
11:41:24 INFO  : 'stop' command is executed.
11:41:24 INFO  : 'ps7_init' command is executed.
11:41:24 INFO  : 'ps7_post_config' command is executed.
11:41:24 INFO  : Context for processor 'ps7_cortexa9_0' is selected.
11:41:24 INFO  : Processor reset is completed for 'ps7_cortexa9_0'.
11:41:24 INFO  : Context for processor 'ps7_cortexa9_0' is selected.
11:41:25 INFO  : The application '/home/lsriw/HLS_STANISZ/HLS/DMA/DMA.sdk/DMA_sdk/Debug/DMA_sdk.elf' is downloaded to processor 'ps7_cortexa9_0'.
11:41:25 INFO  : 'configparams force-mem-access 0' command is executed.
11:41:25 INFO  : ----------------XSDB Script----------------
connect -url tcp:127.0.0.1:3121
source /home/lsriw/HLS_STANISZ/HLS/DMA/DMA.sdk/design_1_wrapper_hw_platform_0/ps7_init.tcl
targets -set -nocase -filter {name =~"APU*" && jtag_cable_name =~ "Digilent Zybo 210279786350A"} -index 0
loadhw -hw /home/lsriw/HLS_STANISZ/HLS/DMA/DMA.sdk/design_1_wrapper_hw_platform_0/system.hdf -mem-ranges [list {0x40000000 0xbfffffff}]
configparams force-mem-access 1
targets -set -nocase -filter {name =~"APU*" && jtag_cable_name =~ "Digilent Zybo 210279786350A"} -index 0
stop
ps7_init
ps7_post_config
targets -set -nocase -filter {name =~ "ARM*#0" && jtag_cable_name =~ "Digilent Zybo 210279786350A"} -index 0
rst -processor
targets -set -nocase -filter {name =~ "ARM*#0" && jtag_cable_name =~ "Digilent Zybo 210279786350A"} -index 0
dow /home/lsriw/HLS_STANISZ/HLS/DMA/DMA.sdk/DMA_sdk/Debug/DMA_sdk.elf
configparams force-mem-access 0
----------------End of Script----------------

11:41:25 INFO  : Memory regions updated for context APU
11:41:25 INFO  : Context for processor 'ps7_cortexa9_0' is selected.
11:41:25 INFO  : 'con' command is executed.
11:41:25 INFO  : ----------------XSDB Script (After Launch)----------------
targets -set -nocase -filter {name =~ "ARM*#0" && jtag_cable_name =~ "Digilent Zybo 210279786350A"} -index 0
con
----------------End of Script----------------

11:41:25 INFO  : Launch script is exported to file '/home/lsriw/HLS_STANISZ/HLS/DMA/DMA.sdk/.sdk/launch_scripts/xilinx_c-c++_application_(system_debugger)/system_debugger_using_debug_dma_sdk.elf_on_local.tcl'
11:42:54 INFO  : Disconnected from the channel tcfchan#5.
11:42:55 INFO  : 'targets -set -filter {jtag_cable_name =~ "Digilent Zybo 210279786350A" && level==0} -index 1' command is executed.
11:42:55 INFO  : 'fpga -state' command is executed.
11:42:55 INFO  : Connected to target on host '127.0.0.1' and port '3121'.
11:42:55 INFO  : Jtag cable 'Digilent Zybo 210279786350A' is selected.
11:42:55 INFO  : 'jtag frequency' command is executed.
11:42:55 INFO  : Sourcing of '/home/lsriw/HLS_STANISZ/HLS/DMA/DMA.sdk/design_1_wrapper_hw_platform_0/ps7_init.tcl' is done.
11:42:55 INFO  : Context for 'APU' is selected.
11:42:57 INFO  : Hardware design information is loaded from '/home/lsriw/HLS_STANISZ/HLS/DMA/DMA.sdk/design_1_wrapper_hw_platform_0/system.hdf'.
11:42:57 INFO  : 'configparams force-mem-access 1' command is executed.
11:42:57 INFO  : Context for 'APU' is selected.
11:42:57 INFO  : 'stop' command is executed.
11:42:58 INFO  : 'ps7_init' command is executed.
11:42:58 INFO  : 'ps7_post_config' command is executed.
11:42:58 INFO  : Context for processor 'ps7_cortexa9_0' is selected.
11:42:58 INFO  : Processor reset is completed for 'ps7_cortexa9_0'.
11:42:58 INFO  : Context for processor 'ps7_cortexa9_0' is selected.
11:42:58 INFO  : The application '/home/lsriw/HLS_STANISZ/HLS/DMA/DMA.sdk/DMA_sdk/Debug/DMA_sdk.elf' is downloaded to processor 'ps7_cortexa9_0'.
11:42:58 INFO  : 'configparams force-mem-access 0' command is executed.
11:42:58 INFO  : ----------------XSDB Script----------------
connect -url tcp:127.0.0.1:3121
source /home/lsriw/HLS_STANISZ/HLS/DMA/DMA.sdk/design_1_wrapper_hw_platform_0/ps7_init.tcl
targets -set -nocase -filter {name =~"APU*" && jtag_cable_name =~ "Digilent Zybo 210279786350A"} -index 0
loadhw -hw /home/lsriw/HLS_STANISZ/HLS/DMA/DMA.sdk/design_1_wrapper_hw_platform_0/system.hdf -mem-ranges [list {0x40000000 0xbfffffff}]
configparams force-mem-access 1
targets -set -nocase -filter {name =~"APU*" && jtag_cable_name =~ "Digilent Zybo 210279786350A"} -index 0
stop
ps7_init
ps7_post_config
targets -set -nocase -filter {name =~ "ARM*#0" && jtag_cable_name =~ "Digilent Zybo 210279786350A"} -index 0
rst -processor
targets -set -nocase -filter {name =~ "ARM*#0" && jtag_cable_name =~ "Digilent Zybo 210279786350A"} -index 0
dow /home/lsriw/HLS_STANISZ/HLS/DMA/DMA.sdk/DMA_sdk/Debug/DMA_sdk.elf
configparams force-mem-access 0
----------------End of Script----------------

11:42:58 INFO  : Memory regions updated for context APU
11:42:58 INFO  : Context for processor 'ps7_cortexa9_0' is selected.
11:42:58 INFO  : 'con' command is executed.
11:42:58 INFO  : ----------------XSDB Script (After Launch)----------------
targets -set -nocase -filter {name =~ "ARM*#0" && jtag_cable_name =~ "Digilent Zybo 210279786350A"} -index 0
con
----------------End of Script----------------

11:42:58 INFO  : Launch script is exported to file '/home/lsriw/HLS_STANISZ/HLS/DMA/DMA.sdk/.sdk/launch_scripts/xilinx_c-c++_application_(system_debugger)/system_debugger_using_debug_dma_sdk.elf_on_local.tcl'
11:43:25 INFO  : Disconnected from the channel tcfchan#6.
11:43:26 INFO  : 'targets -set -filter {jtag_cable_name =~ "Digilent Zybo 210279786350A" && level==0} -index 1' command is executed.
11:43:26 INFO  : 'fpga -state' command is executed.
11:43:26 INFO  : Connected to target on host '127.0.0.1' and port '3121'.
11:43:26 INFO  : Jtag cable 'Digilent Zybo 210279786350A' is selected.
11:43:26 INFO  : 'jtag frequency' command is executed.
11:43:26 INFO  : Sourcing of '/home/lsriw/HLS_STANISZ/HLS/DMA/DMA.sdk/design_1_wrapper_hw_platform_0/ps7_init.tcl' is done.
11:43:26 INFO  : Context for 'APU' is selected.
11:43:28 INFO  : Hardware design information is loaded from '/home/lsriw/HLS_STANISZ/HLS/DMA/DMA.sdk/design_1_wrapper_hw_platform_0/system.hdf'.
11:43:28 INFO  : 'configparams force-mem-access 1' command is executed.
11:43:28 INFO  : Context for 'APU' is selected.
11:43:28 INFO  : 'stop' command is executed.
11:43:29 INFO  : 'ps7_init' command is executed.
11:43:29 INFO  : 'ps7_post_config' command is executed.
11:43:29 INFO  : Context for processor 'ps7_cortexa9_0' is selected.
11:43:29 INFO  : Processor reset is completed for 'ps7_cortexa9_0'.
11:43:29 INFO  : Context for processor 'ps7_cortexa9_0' is selected.
11:43:29 INFO  : The application '/home/lsriw/HLS_STANISZ/HLS/DMA/DMA.sdk/DMA_sdk/Debug/DMA_sdk.elf' is downloaded to processor 'ps7_cortexa9_0'.
11:43:29 INFO  : 'configparams force-mem-access 0' command is executed.
11:43:29 INFO  : ----------------XSDB Script----------------
connect -url tcp:127.0.0.1:3121
source /home/lsriw/HLS_STANISZ/HLS/DMA/DMA.sdk/design_1_wrapper_hw_platform_0/ps7_init.tcl
targets -set -nocase -filter {name =~"APU*" && jtag_cable_name =~ "Digilent Zybo 210279786350A"} -index 0
loadhw -hw /home/lsriw/HLS_STANISZ/HLS/DMA/DMA.sdk/design_1_wrapper_hw_platform_0/system.hdf -mem-ranges [list {0x40000000 0xbfffffff}]
configparams force-mem-access 1
targets -set -nocase -filter {name =~"APU*" && jtag_cable_name =~ "Digilent Zybo 210279786350A"} -index 0
stop
ps7_init
ps7_post_config
targets -set -nocase -filter {name =~ "ARM*#0" && jtag_cable_name =~ "Digilent Zybo 210279786350A"} -index 0
rst -processor
targets -set -nocase -filter {name =~ "ARM*#0" && jtag_cable_name =~ "Digilent Zybo 210279786350A"} -index 0
dow /home/lsriw/HLS_STANISZ/HLS/DMA/DMA.sdk/DMA_sdk/Debug/DMA_sdk.elf
configparams force-mem-access 0
----------------End of Script----------------

11:43:29 INFO  : Memory regions updated for context APU
11:43:29 INFO  : Context for processor 'ps7_cortexa9_0' is selected.
11:43:29 INFO  : 'con' command is executed.
11:43:29 INFO  : ----------------XSDB Script (After Launch)----------------
targets -set -nocase -filter {name =~ "ARM*#0" && jtag_cable_name =~ "Digilent Zybo 210279786350A"} -index 0
con
----------------End of Script----------------

11:43:29 INFO  : Launch script is exported to file '/home/lsriw/HLS_STANISZ/HLS/DMA/DMA.sdk/.sdk/launch_scripts/xilinx_c-c++_application_(system_debugger)/system_debugger_using_debug_dma_sdk.elf_on_local.tcl'
11:44:10 INFO  : Disconnected from the channel tcfchan#7.
11:44:11 INFO  : 'targets -set -filter {jtag_cable_name =~ "Digilent Zybo 210279786350A" && level==0} -index 1' command is executed.
11:44:11 INFO  : 'fpga -state' command is executed.
11:44:11 INFO  : Connected to target on host '127.0.0.1' and port '3121'.
11:44:12 INFO  : Jtag cable 'Digilent Zybo 210279786350A' is selected.
11:44:12 INFO  : 'jtag frequency' command is executed.
11:44:12 INFO  : Sourcing of '/home/lsriw/HLS_STANISZ/HLS/DMA/DMA.sdk/design_1_wrapper_hw_platform_0/ps7_init.tcl' is done.
11:44:12 INFO  : Context for 'APU' is selected.
11:44:14 INFO  : Hardware design information is loaded from '/home/lsriw/HLS_STANISZ/HLS/DMA/DMA.sdk/design_1_wrapper_hw_platform_0/system.hdf'.
11:44:14 INFO  : 'configparams force-mem-access 1' command is executed.
11:44:14 INFO  : Context for 'APU' is selected.
11:44:14 INFO  : 'stop' command is executed.
11:44:14 INFO  : 'ps7_init' command is executed.
11:44:14 INFO  : 'ps7_post_config' command is executed.
11:44:14 INFO  : Context for processor 'ps7_cortexa9_0' is selected.
11:44:14 INFO  : Processor reset is completed for 'ps7_cortexa9_0'.
11:44:14 INFO  : Context for processor 'ps7_cortexa9_0' is selected.
11:44:15 INFO  : The application '/home/lsriw/HLS_STANISZ/HLS/DMA/DMA.sdk/DMA_sdk/Debug/DMA_sdk.elf' is downloaded to processor 'ps7_cortexa9_0'.
11:44:15 INFO  : 'configparams force-mem-access 0' command is executed.
11:44:15 INFO  : ----------------XSDB Script----------------
connect -url tcp:127.0.0.1:3121
source /home/lsriw/HLS_STANISZ/HLS/DMA/DMA.sdk/design_1_wrapper_hw_platform_0/ps7_init.tcl
targets -set -nocase -filter {name =~"APU*" && jtag_cable_name =~ "Digilent Zybo 210279786350A"} -index 0
loadhw -hw /home/lsriw/HLS_STANISZ/HLS/DMA/DMA.sdk/design_1_wrapper_hw_platform_0/system.hdf -mem-ranges [list {0x40000000 0xbfffffff}]
configparams force-mem-access 1
targets -set -nocase -filter {name =~"APU*" && jtag_cable_name =~ "Digilent Zybo 210279786350A"} -index 0
stop
ps7_init
ps7_post_config
targets -set -nocase -filter {name =~ "ARM*#0" && jtag_cable_name =~ "Digilent Zybo 210279786350A"} -index 0
rst -processor
targets -set -nocase -filter {name =~ "ARM*#0" && jtag_cable_name =~ "Digilent Zybo 210279786350A"} -index 0
dow /home/lsriw/HLS_STANISZ/HLS/DMA/DMA.sdk/DMA_sdk/Debug/DMA_sdk.elf
configparams force-mem-access 0
----------------End of Script----------------

11:44:15 INFO  : Memory regions updated for context APU
11:44:15 INFO  : Context for processor 'ps7_cortexa9_0' is selected.
11:44:15 INFO  : 'con' command is executed.
11:44:15 INFO  : ----------------XSDB Script (After Launch)----------------
targets -set -nocase -filter {name =~ "ARM*#0" && jtag_cable_name =~ "Digilent Zybo 210279786350A"} -index 0
con
----------------End of Script----------------

11:44:15 INFO  : Launch script is exported to file '/home/lsriw/HLS_STANISZ/HLS/DMA/DMA.sdk/.sdk/launch_scripts/xilinx_c-c++_application_(system_debugger)/system_debugger_using_debug_dma_sdk.elf_on_local.tcl'
11:44:40 INFO  : Disconnected from the channel tcfchan#8.
11:44:41 INFO  : 'targets -set -filter {jtag_cable_name =~ "Digilent Zybo 210279786350A" && level==0} -index 1' command is executed.
11:44:41 INFO  : 'fpga -state' command is executed.
11:44:41 INFO  : Connected to target on host '127.0.0.1' and port '3121'.
11:44:41 INFO  : Jtag cable 'Digilent Zybo 210279786350A' is selected.
11:44:41 INFO  : 'jtag frequency' command is executed.
11:44:41 INFO  : Sourcing of '/home/lsriw/HLS_STANISZ/HLS/DMA/DMA.sdk/design_1_wrapper_hw_platform_0/ps7_init.tcl' is done.
11:44:41 INFO  : Context for 'APU' is selected.
11:44:43 INFO  : Hardware design information is loaded from '/home/lsriw/HLS_STANISZ/HLS/DMA/DMA.sdk/design_1_wrapper_hw_platform_0/system.hdf'.
11:44:43 INFO  : 'configparams force-mem-access 1' command is executed.
11:44:43 INFO  : Context for 'APU' is selected.
11:44:43 INFO  : 'stop' command is executed.
11:44:44 INFO  : 'ps7_init' command is executed.
11:44:44 INFO  : 'ps7_post_config' command is executed.
11:44:44 INFO  : Context for processor 'ps7_cortexa9_0' is selected.
11:44:44 INFO  : Processor reset is completed for 'ps7_cortexa9_0'.
11:44:44 INFO  : Context for processor 'ps7_cortexa9_0' is selected.
11:44:44 INFO  : The application '/home/lsriw/HLS_STANISZ/HLS/DMA/DMA.sdk/DMA_sdk/Debug/DMA_sdk.elf' is downloaded to processor 'ps7_cortexa9_0'.
11:44:44 INFO  : 'configparams force-mem-access 0' command is executed.
11:44:44 INFO  : ----------------XSDB Script----------------
connect -url tcp:127.0.0.1:3121
source /home/lsriw/HLS_STANISZ/HLS/DMA/DMA.sdk/design_1_wrapper_hw_platform_0/ps7_init.tcl
targets -set -nocase -filter {name =~"APU*" && jtag_cable_name =~ "Digilent Zybo 210279786350A"} -index 0
loadhw -hw /home/lsriw/HLS_STANISZ/HLS/DMA/DMA.sdk/design_1_wrapper_hw_platform_0/system.hdf -mem-ranges [list {0x40000000 0xbfffffff}]
configparams force-mem-access 1
targets -set -nocase -filter {name =~"APU*" && jtag_cable_name =~ "Digilent Zybo 210279786350A"} -index 0
stop
ps7_init
ps7_post_config
targets -set -nocase -filter {name =~ "ARM*#0" && jtag_cable_name =~ "Digilent Zybo 210279786350A"} -index 0
rst -processor
targets -set -nocase -filter {name =~ "ARM*#0" && jtag_cable_name =~ "Digilent Zybo 210279786350A"} -index 0
dow /home/lsriw/HLS_STANISZ/HLS/DMA/DMA.sdk/DMA_sdk/Debug/DMA_sdk.elf
configparams force-mem-access 0
----------------End of Script----------------

11:44:44 INFO  : Memory regions updated for context APU
11:44:44 INFO  : Context for processor 'ps7_cortexa9_0' is selected.
11:44:44 INFO  : 'con' command is executed.
11:44:44 INFO  : ----------------XSDB Script (After Launch)----------------
targets -set -nocase -filter {name =~ "ARM*#0" && jtag_cable_name =~ "Digilent Zybo 210279786350A"} -index 0
con
----------------End of Script----------------

11:44:44 INFO  : Launch script is exported to file '/home/lsriw/HLS_STANISZ/HLS/DMA/DMA.sdk/.sdk/launch_scripts/performance_analysis/performance_analysis_using_debug_dma_sdk.elf_on_local.tcl'
11:44:45 INFO  : Apm configuration has been updated and stored to '/home/lsriw/HLS_STANISZ/HLS/DMA/DMA.sdk/design_1_wrapper_hw_platform_0/apmconfigs/apm_default.json' for the project 'design_1_wrapper_hw_platform_0'
11:44:45 INFO  : Performance data for 'PS' will be exported to the file '/home/lsriw/HLS_STANISZ/HLS/DMA/DMA.sdk/design_1_wrapper_hw_platform_0_Traces/Traces/Run_Nov-13_11-44/PS_Trace_Nov-13_11-44/trace'
11:44:45 INFO  : Created tracing project 'design_1_wrapper_hw_platform_0_Traces'
11:44:45 INFO  : Added tracing folder '/home/lsriw/HLS_STANISZ/HLS/DMA/DMA.sdk/design_1_wrapper_hw_platform_0_Traces/Traces/Run_Nov-13_11-44/PS_Trace_Nov-13_11-44' into  'design_1_wrapper_hw_platform_0_Traces'
11:44:46 INFO  : Attempting to open tracing file 'PS_Trace_Nov-13_11-44'
11:45:15 INFO  : 'targets -set -filter {jtag_cable_name =~ "Digilent Zybo 210279786350A" && level==0} -index 1' command is executed.
11:45:15 INFO  : 'fpga -state' command is executed.
11:45:15 INFO  : Connected to target on host '127.0.0.1' and port '3121'.
11:45:15 INFO  : Jtag cable 'Digilent Zybo 210279786350A' is selected.
11:45:15 INFO  : 'jtag frequency' command is executed.
11:45:15 INFO  : Sourcing of '/home/lsriw/HLS_STANISZ/HLS/DMA/DMA.sdk/design_1_wrapper_hw_platform_0/ps7_init.tcl' is done.
11:45:15 INFO  : Context for 'APU' is selected.
11:45:15 INFO  : Hardware design information is loaded from '/home/lsriw/HLS_STANISZ/HLS/DMA/DMA.sdk/design_1_wrapper_hw_platform_0/system.hdf'.
11:45:15 INFO  : 'configparams force-mem-access 1' command is executed.
11:45:15 INFO  : Context for 'APU' is selected.
11:45:15 INFO  : 'stop' command is executed.
11:45:16 INFO  : 'ps7_init' command is executed.
11:45:16 INFO  : 'ps7_post_config' command is executed.
11:45:16 INFO  : Context for processor 'ps7_cortexa9_0' is selected.
11:45:16 INFO  : Processor reset is completed for 'ps7_cortexa9_0'.
11:45:16 INFO  : Context for processor 'ps7_cortexa9_0' is selected.
11:45:16 INFO  : The application '/home/lsriw/HLS_STANISZ/HLS/DMA/DMA.sdk/DMA_sdk/Debug/DMA_sdk.elf' is downloaded to processor 'ps7_cortexa9_0'.
11:45:16 INFO  : 'configparams force-mem-access 0' command is executed.
11:45:16 INFO  : ----------------XSDB Script----------------
connect -url tcp:127.0.0.1:3121
source /home/lsriw/HLS_STANISZ/HLS/DMA/DMA.sdk/design_1_wrapper_hw_platform_0/ps7_init.tcl
targets -set -nocase -filter {name =~"APU*" && jtag_cable_name =~ "Digilent Zybo 210279786350A"} -index 0
loadhw -hw /home/lsriw/HLS_STANISZ/HLS/DMA/DMA.sdk/design_1_wrapper_hw_platform_0/system.hdf -mem-ranges [list {0x40000000 0xbfffffff}]
configparams force-mem-access 1
targets -set -nocase -filter {name =~"APU*" && jtag_cable_name =~ "Digilent Zybo 210279786350A"} -index 0
stop
ps7_init
ps7_post_config
targets -set -nocase -filter {name =~ "ARM*#0" && jtag_cable_name =~ "Digilent Zybo 210279786350A"} -index 0
rst -processor
targets -set -nocase -filter {name =~ "ARM*#0" && jtag_cable_name =~ "Digilent Zybo 210279786350A"} -index 0
dow /home/lsriw/HLS_STANISZ/HLS/DMA/DMA.sdk/DMA_sdk/Debug/DMA_sdk.elf
configparams force-mem-access 0
----------------End of Script----------------

11:45:16 INFO  : Memory regions updated for context APU
11:45:16 INFO  : Context for processor 'ps7_cortexa9_0' is selected.
11:45:16 INFO  : 'con' command is executed.
11:45:16 INFO  : ----------------XSDB Script (After Launch)----------------
targets -set -nocase -filter {name =~ "ARM*#0" && jtag_cable_name =~ "Digilent Zybo 210279786350A"} -index 0
con
----------------End of Script----------------

11:45:16 INFO  : Launch script is exported to file '/home/lsriw/HLS_STANISZ/HLS/DMA/DMA.sdk/.sdk/launch_scripts/xilinx_c-c++_application_(system_debugger)/system_debugger_using_debug_dma_sdk.elf_on_local.tcl'
11:45:57 INFO  : Disconnected from the channel tcfchan#9.
11:47:32 INFO  : Connected to target on host '127.0.0.1' and port '3121'.
11:49:08 INFO  : Performance data for 'PS' has been exported to the file '/home/lsriw/HLS_STANISZ/HLS/DMA/DMA.sdk/design_1_wrapper_hw_platform_0_Traces/Traces/Run_Nov-13_11-44/PS_Trace_Nov-13_11-44/trace'
11:49:08 INFO  : Performance data for 'PS' has been exported to the file '/home/lsriw/HLS_STANISZ/HLS/DMA/DMA.sdk/design_1_wrapper_hw_platform_0_Traces/Traces/Run_Nov-13_11-44/PS_Trace_Nov-13_11-44/trace'
11:49:08 WARN  : channel "tcfchan#9" closed
