INFO: [XSIM 43-3496] Using init file passed via -initfile option "/opt/Xilinx/Vivado/2018.3/data/xsim/ip/xsim_ip.ini".
Vivado Simulator 2018.3
Copyright 1986-1999, 2001-2018 Xilinx, Inc. All Rights Reserved.
Running: /opt/Xilinx/Vivado/2018.3/bin/unwrapped/lnx64.o/xelab xil_defaultlib.apatb_fir_top glbl -prj fir.prj -L smartconnect_v1_0 -L axi_protocol_checker_v1_1_12 -L axi_protocol_checker_v1_1_13 -L axis_protocol_checker_v1_1_11 -L axis_protocol_checker_v1_1_12 -L xil_defaultlib -L unisims_ver -L xpm --initfile /opt/Xilinx/Vivado/2018.3/data/xsim/ip/xsim_ip.ini --lib ieee_proposed=./ieee_proposed -s fir 
Multi-threading is on. Using 6 slave threads.
WARNING: [XSIM 43-3431] One or more environment variables have been detected which affect the operation of the C compiler. These are typically not set in standard installations and are not tested by Xilinx, however they may be appropriate for your system, so the flow will attempt to continue.  If errors occur, try running xelab with the "-mt off -v 1" switches to see more information from the C compiler. The following environment variables have been detected:
INFO: [VRFC 10-2263] Analyzing SystemVerilog file "/home/lsriw/HLS_STANISZ/HLS/FIR_AXI4_new/Solution1/sim/verilog/glbl.v" into library work
INFO: [VRFC 10-311] analyzing module glbl
INFO: [VRFC 10-2263] Analyzing SystemVerilog file "/home/lsriw/HLS_STANISZ/HLS/FIR_AXI4_new/Solution1/sim/verilog/fir.autotb.v" into library xil_defaultlib
INFO: [VRFC 10-311] analyzing module apatb_fir_top
INFO: [VRFC 10-2263] Analyzing SystemVerilog file "/home/lsriw/HLS_STANISZ/HLS/FIR_AXI4_new/Solution1/sim/verilog/AESL_fifo.v" into library xil_defaultlib
INFO: [VRFC 10-311] analyzing module fifo
INFO: [VRFC 10-2263] Analyzing SystemVerilog file "/home/lsriw/HLS_STANISZ/HLS/FIR_AXI4_new/Solution1/sim/verilog/fir.v" into library xil_defaultlib
INFO: [VRFC 10-311] analyzing module fir
INFO: [VRFC 10-2263] Analyzing SystemVerilog file "/home/lsriw/HLS_STANISZ/HLS/FIR_AXI4_new/Solution1/sim/verilog/Loop_STREAM_LOOP_pro.v" into library xil_defaultlib
INFO: [VRFC 10-311] analyzing module Loop_STREAM_LOOP_pro
INFO: [VRFC 10-2263] Analyzing SystemVerilog file "/home/lsriw/HLS_STANISZ/HLS/FIR_AXI4_new/Solution1/sim/verilog/AESL_axi_s_stream_out.v" into library xil_defaultlib
INFO: [VRFC 10-311] analyzing module AESL_axi_s_stream_out
INFO: [VRFC 10-2263] Analyzing SystemVerilog file "/home/lsriw/HLS_STANISZ/HLS/FIR_AXI4_new/Solution1/sim/verilog/AESL_axi_s_stream_in.v" into library xil_defaultlib
INFO: [VRFC 10-311] analyzing module AESL_axi_s_stream_in
INFO: [VRFC 10-2263] Analyzing SystemVerilog file "/home/lsriw/HLS_STANISZ/HLS/FIR_AXI4_new/Solution1/sim/verilog/fir_bundle_s_axi.v" into library xil_defaultlib
INFO: [VRFC 10-311] analyzing module fir_bundle_s_axi
INFO: [VRFC 10-2263] Analyzing SystemVerilog file "/home/lsriw/HLS_STANISZ/HLS/FIR_AXI4_new/Solution1/sim/verilog/AESL_axi_slave_bundle.v" into library xil_defaultlib
INFO: [VRFC 10-311] analyzing module AESL_axi_slave_bundle
Starting static elaboration
Completed static elaboration
Starting simulation data flow analysis
Completed simulation data flow analysis
Time Resolution for simulation is 1ps
Compiling module xil_defaultlib.fir_bundle_s_axi
Compiling module xil_defaultlib.Loop_STREAM_LOOP_pro
Compiling module xil_defaultlib.fir
Compiling module xil_defaultlib.fifo(DEPTH=600,WIDTH=32)
Compiling module xil_defaultlib.fifo(DEPTH=600,WIDTH=4)
Compiling module xil_defaultlib.fifo(DEPTH=600,WIDTH=2)
Compiling module xil_defaultlib.fifo(DEPTH=600,WIDTH=1)
Compiling module xil_defaultlib.fifo(DEPTH=600,WIDTH=5)
Compiling module xil_defaultlib.fifo(DEPTH=600,WIDTH=6)
Compiling module xil_defaultlib.AESL_axi_s_stream_in
Compiling module xil_defaultlib.AESL_axi_s_stream_out
Compiling module xil_defaultlib.AESL_axi_slave_bundle
Compiling module xil_defaultlib.apatb_fir_top
Compiling module work.glbl
Built simulation snapshot fir
