Copyright 1986-2018 Xilinx, Inc. All Rights Reserved.
------------------------------------------------------------------------------------
| Tool Version : Vivado v.2018.3 (lin64) Build 2405991 Thu Dec  6 23:36:41 MST 2018
| Date         : Wed Jan 15 10:57:10 2020
| Host         : lsriw running 64-bit Ubuntu 18.04.3 LTS
| Command      : report_timing_summary -file ./report/filtr_Gauss_timing_synth.rpt
| Design       : bd_0_wrapper
| Device       : 7z010-clg400
| Speed File   : -1  PRODUCTION 1.11 2014-09-11
------------------------------------------------------------------------------------

Timing Summary Report

------------------------------------------------------------------------------------------------
| Timer Settings
| --------------
------------------------------------------------------------------------------------------------

  Enable Multi Corner Analysis               :  Yes
  Enable Pessimism Removal                   :  Yes
  Pessimism Removal Resolution               :  Nearest Common Node
  Enable Input Delay Default Clock           :  No
  Enable Preset / Clear Arcs                 :  No
  Disable Flight Delays                      :  No
  Ignore I/O Paths                           :  No
  Timing Early Launch at Borrowing Latches   :  false

  Corner  Analyze    Analyze    
  Name    Max Paths  Min Paths  
  ------  ---------  ---------  
  Slow    Yes        Yes        
  Fast    Yes        Yes        



check_timing report

Table of Contents
-----------------
1. checking no_clock
2. checking constant_clock
3. checking pulse_width_clock
4. checking unconstrained_internal_endpoints
5. checking no_input_delay
6. checking no_output_delay
7. checking multiple_clock
8. checking generated_clocks
9. checking loops
10. checking partial_input_delay
11. checking partial_output_delay
12. checking latch_loops

1. checking no_clock
--------------------
 There are 0 register/latch pins with no clock.


2. checking constant_clock
--------------------------
 There are 0 register/latch pins with constant_clock.


3. checking pulse_width_clock
-----------------------------
 There are 0 register/latch pins which need pulse_width check


4. checking unconstrained_internal_endpoints
--------------------------------------------
 There are 0 pins that are not constrained for maximum delay.

 There are 0 pins that are not constrained for maximum delay due to constant clock.


5. checking no_input_delay
--------------------------
 There are 30 input ports with no input delay specified. (HIGH)

 There are 0 input ports with no input delay but user has a false path constraint.


6. checking no_output_delay
---------------------------
 There are 23 ports with no output delay specified. (HIGH)

 There are 0 ports with no output delay but user has a false path constraint

 There are 0 ports with no output delay but with a timing clock defined on it or propagating through it


7. checking multiple_clock
--------------------------
 There are 0 register/latch pins with multiple clocks.


8. checking generated_clocks
----------------------------
 There are 0 generated clocks that are not connected to a clock source.


9. checking loops
-----------------
 There are 0 combinational loops in the design.


10. checking partial_input_delay
--------------------------------
 There are 0 input ports with partial input delay specified.


11. checking partial_output_delay
---------------------------------
 There are 0 ports with partial output delay specified.


12. checking latch_loops
------------------------
 There are 0 combinational latch loops in the design through latch input



------------------------------------------------------------------------------------------------
| Design Timing Summary
| ---------------------
------------------------------------------------------------------------------------------------

    WNS(ns)      TNS(ns)  TNS Failing Endpoints  TNS Total Endpoints      WHS(ns)      THS(ns)  THS Failing Endpoints  THS Total Endpoints     WPWS(ns)     TPWS(ns)  TPWS Failing Endpoints  TPWS Total Endpoints  
    -------      -------  ---------------------  -------------------      -------      -------  ---------------------  -------------------     --------     --------  ----------------------  --------------------  
      2.112        0.000                      0                  981        0.254        0.000                      0                  981        4.500        0.000                       0                   411  


All user specified timing constraints are met.


------------------------------------------------------------------------------------------------
| Clock Summary
| -------------
------------------------------------------------------------------------------------------------

Clock   Waveform(ns)       Period(ns)      Frequency(MHz)
-----   ------------       ----------      --------------
ap_clk  {0.000 5.000}      10.000          100.000         


------------------------------------------------------------------------------------------------
| Intra Clock Table
| -----------------
------------------------------------------------------------------------------------------------

Clock             WNS(ns)      TNS(ns)  TNS Failing Endpoints  TNS Total Endpoints      WHS(ns)      THS(ns)  THS Failing Endpoints  THS Total Endpoints     WPWS(ns)     TPWS(ns)  TPWS Failing Endpoints  TPWS Total Endpoints  
-----             -------      -------  ---------------------  -------------------      -------      -------  ---------------------  -------------------     --------     --------  ----------------------  --------------------  
ap_clk              2.112        0.000                      0                  981        0.254        0.000                      0                  981        4.500        0.000                       0                   411  


------------------------------------------------------------------------------------------------
| Inter Clock Table
| -----------------
------------------------------------------------------------------------------------------------

From Clock    To Clock          WNS(ns)      TNS(ns)  TNS Failing Endpoints  TNS Total Endpoints      WHS(ns)      THS(ns)  THS Failing Endpoints  THS Total Endpoints  
----------    --------          -------      -------  ---------------------  -------------------      -------      -------  ---------------------  -------------------  


------------------------------------------------------------------------------------------------
| Other Path Groups Table
| -----------------------
------------------------------------------------------------------------------------------------

Path Group    From Clock    To Clock          WNS(ns)      TNS(ns)  TNS Failing Endpoints  TNS Total Endpoints      WHS(ns)      THS(ns)  THS Failing Endpoints  THS Total Endpoints  
----------    ----------    --------          -------      -------  ---------------------  -------------------      -------      -------  ---------------------  -------------------  


------------------------------------------------------------------------------------------------
| Timing Details
| --------------
------------------------------------------------------------------------------------------------


---------------------------------------------------------------------------------------------------
From Clock:  ap_clk
  To Clock:  ap_clk

Setup :            0  Failing Endpoints,  Worst Slack        2.112ns,  Total Violation        0.000ns
Hold  :            0  Failing Endpoints,  Worst Slack        0.254ns,  Total Violation        0.000ns
PW    :            0  Failing Endpoints,  Worst Slack        4.500ns,  Total Violation        0.000ns
---------------------------------------------------------------------------------------------------


Max Delay Paths
--------------------------------------------------------------------------------------
Slack (MET) :             2.112ns  (required time - arrival time)
  Source:                 bd_0_i/hls_inst/inst/rozmycie_U0/okno_val_2_0_s_fu_124_reg[0]/C
                            (rising edge-triggered cell FDRE clocked by ap_clk  {rise@0.000ns fall@5.000ns period=10.000ns})
  Destination:            bd_0_i/hls_inst/inst/rozmycie_U0/tmp10_reg_774_reg/C[0]
                            (rising edge-triggered cell DSP48E1 clocked by ap_clk  {rise@0.000ns fall@5.000ns period=10.000ns})
  Path Group:             ap_clk
  Path Type:              Setup (Max at Slow Process Corner)
  Requirement:            10.000ns  (ap_clk rise@10.000ns - ap_clk rise@0.000ns)
  Data Path Delay:        6.103ns  (logic 3.832ns (62.784%)  route 2.271ns (37.216%))
  Logic Levels:           5  (CARRY4=3 DSP48E1=1 LUT1=1)
  Clock Path Skew:        -0.049ns (DCD - SCD + CPR)
    Destination Clock Delay (DCD):    0.924ns = ( 10.924 - 10.000 ) 
    Source Clock Delay      (SCD):    0.973ns
    Clock Pessimism Removal (CPR):    0.000ns
  Clock Uncertainty:      0.035ns  ((TSJ^2 + TIJ^2)^1/2 + DJ) / 2 + PE
    Total System Jitter     (TSJ):    0.071ns
    Total Input Jitter      (TIJ):    0.000ns
    Discrete Jitter          (DJ):    0.000ns
    Phase Error              (PE):    0.000ns

    Location             Delay type                Incr(ns)  Path(ns)    Netlist Resource(s)
  -------------------------------------------------------------------    -------------------
                         (clock ap_clk rise edge)     0.000     0.000 r  
                                                      0.000     0.000 r  ap_clk (IN)
                         net (fo=410, unset)          0.973     0.973    bd_0_i/hls_inst/inst/rozmycie_U0/ap_clk
                         FDRE                                         r  bd_0_i/hls_inst/inst/rozmycie_U0/okno_val_2_0_s_fu_124_reg[0]/C
  -------------------------------------------------------------------    -------------------
                         FDRE (Prop_fdre_C_Q)         0.496     1.469 f  bd_0_i/hls_inst/inst/rozmycie_U0/okno_val_2_0_s_fu_124_reg[0]/Q
                         net (fo=5, unplaced)         0.339     1.808    bd_0_i/hls_inst/inst/rozmycie_U0/filtr_Gauss_mac_muladd_6ns_8ns_14ns_14_1_1_U13/filtr_Gauss_mac_muladd_6ns_8ns_14ns_14_1_1_DSP48_0_U/C[0]
                         LUT1 (Prop_lut1_I0_O)        0.295     2.103 r  bd_0_i/hls_inst/inst/rozmycie_U0/filtr_Gauss_mac_muladd_6ns_8ns_14ns_14_1_1_U13/filtr_Gauss_mac_muladd_6ns_8ns_14ns_14_1_1_DSP48_0_U/grp_fu_631_p2_carry_i_1/O
                         net (fo=1, unplaced)         0.333     2.436    bd_0_i/hls_inst/inst/rozmycie_U0/filtr_Gauss_mac_muladd_6ns_8ns_14ns_14_1_1_U13_n_29
                         CARRY4 (Prop_carry4_CYINIT_CO[3])
                                                      0.580     3.016 r  bd_0_i/hls_inst/inst/rozmycie_U0/grp_fu_631_p2_carry/CO[3]
                         net (fo=1, unplaced)         0.000     3.016    bd_0_i/hls_inst/inst/rozmycie_U0/grp_fu_631_p2_carry_n_2
                         CARRY4 (Prop_carry4_CI_CO[3])
                                                      0.114     3.130 r  bd_0_i/hls_inst/inst/rozmycie_U0/grp_fu_631_p2_carry__0/CO[3]
                         net (fo=1, unplaced)         0.000     3.130    bd_0_i/hls_inst/inst/rozmycie_U0/grp_fu_631_p2_carry__0_n_2
                         CARRY4 (Prop_carry4_CI_O[1])
                                                      0.348     3.478 r  bd_0_i/hls_inst/inst/rozmycie_U0/grp_fu_631_p2_carry__1/O[1]
                         net (fo=1, unplaced)         0.800     4.278    bd_0_i/hls_inst/inst/rozmycie_U0/filtr_Gauss_mac_muladd_6ns_8ns_14ns_14_1_1_U13/filtr_Gauss_mac_muladd_6ns_8ns_14ns_14_1_1_DSP48_0_U/C[10]
                         DSP48E1 (Prop_dsp48e1_C[10]_P[0])
                                                      1.999     6.277 r  bd_0_i/hls_inst/inst/rozmycie_U0/filtr_Gauss_mac_muladd_6ns_8ns_14ns_14_1_1_U13/filtr_Gauss_mac_muladd_6ns_8ns_14ns_14_1_1_DSP48_0_U/p/P[0]
                         net (fo=1, unplaced)         0.800     7.076    bd_0_i/hls_inst/inst/rozmycie_U0/filtr_Gauss_mac_muladd_6ns_8ns_14ns_14_1_1_U13_n_15
                         DSP48E1                                      r  bd_0_i/hls_inst/inst/rozmycie_U0/tmp10_reg_774_reg/C[0]
  -------------------------------------------------------------------    -------------------

                         (clock ap_clk rise edge)    10.000    10.000 r  
                                                      0.000    10.000 r  ap_clk (IN)
                         net (fo=410, unset)          0.924    10.924    bd_0_i/hls_inst/inst/rozmycie_U0/ap_clk
                         DSP48E1                                      r  bd_0_i/hls_inst/inst/rozmycie_U0/tmp10_reg_774_reg/CLK
                         clock pessimism              0.000    10.924    
                         clock uncertainty           -0.035    10.889    
                         DSP48E1 (Setup_dsp48e1_CLK_C[0])
                                                     -1.701     9.188    bd_0_i/hls_inst/inst/rozmycie_U0/tmp10_reg_774_reg
  -------------------------------------------------------------------
                         required time                          9.188    
                         arrival time                          -7.076    
  -------------------------------------------------------------------
                         slack                                  2.112    





Min Delay Paths
--------------------------------------------------------------------------------------
Slack (MET) :             0.254ns  (arrival time - required time)
  Source:                 bd_0_i/hls_inst/inst/AXIvideo2Mat_U0/axi_data_V_3_reg_227_reg[0]/C
                            (rising edge-triggered cell FDRE clocked by ap_clk  {rise@0.000ns fall@5.000ns period=10.000ns})
  Destination:            bd_0_i/hls_inst/inst/AXIvideo2Mat_U0/axi_data_V1_reg_123_reg[0]/D
                            (rising edge-triggered cell FDRE clocked by ap_clk  {rise@0.000ns fall@5.000ns period=10.000ns})
  Path Group:             ap_clk
  Path Type:              Hold (Min at Fast Process Corner)
  Requirement:            0.000ns  (ap_clk rise@0.000ns - ap_clk rise@0.000ns)
  Data Path Delay:        0.387ns  (logic 0.256ns (66.134%)  route 0.131ns (33.866%))
  Logic Levels:           1  (LUT3=1)
  Clock Path Skew:        0.022ns (DCD - SCD - CPR)
    Destination Clock Delay (DCD):    0.432ns
    Source Clock Delay      (SCD):    0.410ns
    Clock Pessimism Removal (CPR):    -0.000ns

    Location             Delay type                Incr(ns)  Path(ns)    Netlist Resource(s)
  -------------------------------------------------------------------    -------------------
                         (clock ap_clk rise edge)     0.000     0.000 r  
                                                      0.000     0.000 r  ap_clk (IN)
                         net (fo=410, unset)          0.410     0.410    bd_0_i/hls_inst/inst/AXIvideo2Mat_U0/ap_clk
                         FDRE                                         r  bd_0_i/hls_inst/inst/AXIvideo2Mat_U0/axi_data_V_3_reg_227_reg[0]/C
  -------------------------------------------------------------------    -------------------
                         FDRE (Prop_fdre_C_Q)         0.158     0.568 r  bd_0_i/hls_inst/inst/AXIvideo2Mat_U0/axi_data_V_3_reg_227_reg[0]/Q
                         net (fo=1, unplaced)         0.131     0.699    bd_0_i/hls_inst/inst/AXIvideo2Mat_U0/axi_data_V_3_reg_227[0]
                         LUT3 (Prop_lut3_I2_O)        0.098     0.797 r  bd_0_i/hls_inst/inst/AXIvideo2Mat_U0/axi_data_V1_reg_123[0]_i_1/O
                         net (fo=1, unplaced)         0.000     0.797    bd_0_i/hls_inst/inst/AXIvideo2Mat_U0/axi_data_V1_reg_123[0]_i_1_n_2
                         FDRE                                         r  bd_0_i/hls_inst/inst/AXIvideo2Mat_U0/axi_data_V1_reg_123_reg[0]/D
  -------------------------------------------------------------------    -------------------

                         (clock ap_clk rise edge)     0.000     0.000 r  
                                                      0.000     0.000 r  ap_clk (IN)
                         net (fo=410, unset)          0.432     0.432    bd_0_i/hls_inst/inst/AXIvideo2Mat_U0/ap_clk
                         FDRE                                         r  bd_0_i/hls_inst/inst/AXIvideo2Mat_U0/axi_data_V1_reg_123_reg[0]/C
                         clock pessimism              0.000     0.432    
                         FDRE (Hold_fdre_C_D)         0.112     0.544    bd_0_i/hls_inst/inst/AXIvideo2Mat_U0/axi_data_V1_reg_123_reg[0]
  -------------------------------------------------------------------
                         required time                         -0.544    
                         arrival time                           0.797    
  -------------------------------------------------------------------
                         slack                                  0.254    





Pulse Width Checks
--------------------------------------------------------------------------------------
Clock Name:         ap_clk
Waveform(ns):       { 0.000 5.000 }
Period(ns):         10.000
Sources:            { ap_clk }

Check Type        Corner  Lib Pin      Reference Pin  Required(ns)  Actual(ns)  Slack(ns)  Location  Pin
Min Period        n/a     DSP48E1/CLK  n/a            3.884         10.000      6.116                bd_0_i/hls_inst/inst/rozmycie_U0/tmp7_reg_764_reg/CLK
Low Pulse Width   Fast    FDRE/C       n/a            0.500         5.000       4.500                bd_0_i/hls_inst/inst/AXIvideo2Mat_U0/AXI_video_strm_V_data_V_0_payload_A_reg[0]/C
High Pulse Width  Slow    FDRE/C       n/a            0.500         5.000       4.500                bd_0_i/hls_inst/inst/AXIvideo2Mat_U0/AXI_video_strm_V_data_V_0_payload_A_reg[0]/C



