#-----------------------------------------------------------
# Vivado v2018.3 (64-bit)
# SW Build 2405991 on Thu Dec  6 23:38:27 MST 2018
# IP Build 2404404 on Fri Dec  7 01:43:56 MST 2018
# Start of session at: Tue Oct 22 23:50:25 2019
# Process ID: 38832
# Current directory: D:/HLS/LAB1_FIR/FIR_solution3/.autopilot/db/ip_tmp
# Command line: vivado.exe  -notrace -mode batch -source run_vivado_gen_ip.tcl
# Log file: D:/HLS/LAB1_FIR/FIR_solution3/.autopilot/db/ip_tmp/vivado.log
# Journal file: D:/HLS/LAB1_FIR/FIR_solution3/.autopilot/db/ip_tmp\vivado.jou
#-----------------------------------------------------------
source run_vivado_gen_ip.tcl -notrace
INFO: [IP_Flow 19-234] Refreshing IP repositories
INFO: [IP_Flow 19-1704] No user IP repositories specified
INFO: [IP_Flow 19-2313] Loaded Vivado IP repository 'C:/Xilinx/Vivado/2018.3/data/ip'.
create_ip: Time (s): cpu = 00:00:05 ; elapsed = 00:00:07 . Memory (MB): peak = 308.020 ; gain = 40.945
INFO: [IP_Flow 19-1686] Generating 'Synthesis' target for IP 'fir_ap_dadd_3_full_dsp_64'...
INFO: [IP_Flow 19-1686] Generating 'Simulation' target for IP 'fir_ap_dadd_3_full_dsp_64'...
INFO: [IP_Flow 19-1686] Generating 'Synthesis' target for IP 'fir_ap_dmul_4_max_dsp_64'...
INFO: [IP_Flow 19-1686] Generating 'Simulation' target for IP 'fir_ap_dmul_4_max_dsp_64'...
INFO: [IP_Flow 19-1686] Generating 'Synthesis' target for IP 'fir_ap_sitodp_4_no_dsp_32'...
INFO: [IP_Flow 19-1686] Generating 'Simulation' target for IP 'fir_ap_sitodp_4_no_dsp_32'...
INFO: [Common 17-206] Exiting Vivado at Tue Oct 22 23:50:53 2019...
