

================================================================
== Vivado HLS Report for 'gauss'
================================================================
* Date:           Wed Jan 15 10:53:24 2020

* Version:        2018.3 (Build 2405991 on Thu Dec 06 23:56:15 MST 2018)
* Project:        GAUSS
* Solution:       Gauss_Solution_1
* Product family: zynq
* Target device:  xc7z010clg400-1


================================================================
== Performance Estimates
================================================================
+ Timing (ns): 
    * Summary: 
    +--------+-------+----------+------------+
    |  Clock | Target| Estimated| Uncertainty|
    +--------+-------+----------+------------+
    |ap_clk  |  10.00|     7.628|        1.25|
    +--------+-------+----------+------------+

+ Latency (clock cycles): 
    * Summary: 
    +--------+--------+--------+--------+----------+
    |     Latency     |     Interval    | Pipeline |
    |   min  |   max  |   min  |   max  |   Type   |
    +--------+--------+--------+--------+----------+
    |  928652|  928652|  928650|  928650| dataflow |
    +--------+--------+--------+--------+----------+

    + Detail: 
        * Instance: 
        +-----------------+--------------+--------+--------+--------+--------+---------+
        |                 |              |     Latency     |     Interval    | Pipeline|
        |     Instance    |    Module    |   min  |   max  |   min  |   max  |   Type  |
        +-----------------+--------------+--------+--------+--------+--------+---------+
        |gauss_blur_U0    |gauss_blur    |  928649|  928649|  928649|  928649|   none  |
        |AXIvideo2Mat_U0  |AXIvideo2Mat  |  925203|  925203|  925203|  925203|   none  |
        |Mat2AXIvideo_U0  |Mat2AXIvideo  |  924481|  924481|  924481|  924481|   none  |
        +-----------------+--------------+--------+--------+--------+--------+---------+

        * Loop: 
        N/A



================================================================
== Utilization Estimates
================================================================
* Summary: 
+-----------------+---------+-------+-------+-------+
|       Name      | BRAM_18K| DSP48E|   FF  |  LUT  |
+-----------------+---------+-------+-------+-------+
|DSP              |        -|      -|      -|      -|
|Expression       |        -|      -|      0|      2|
|FIFO             |        0|      -|     10|     40|
|Instance         |        2|      6|    865|   1490|
|Memory           |        -|      -|      -|      -|
|Multiplexer      |        -|      -|      -|      -|
|Register         |        -|      -|      -|      -|
+-----------------+---------+-------+-------+-------+
|Total            |        2|      6|    875|   1532|
+-----------------+---------+-------+-------+-------+
|Available        |      120|     80|  35200|  17600|
+-----------------+---------+-------+-------+-------+
|Utilization (%)  |        1|      7|      2|      8|
+-----------------+---------+-------+-------+-------+

+ Detail: 
    * Instance: 
    +---------------------+-------------------+---------+-------+-----+-----+
    |       Instance      |       Module      | BRAM_18K| DSP48E|  FF | LUT |
    +---------------------+-------------------+---------+-------+-----+-----+
    |AXIvideo2Mat_U0      |AXIvideo2Mat       |        0|      0|  126|  438|
    |Mat2AXIvideo_U0      |Mat2AXIvideo       |        0|      0|   87|  342|
    |gauss_blur_U0        |gauss_blur         |        2|      6|  616|  670|
    |gauss_bun_1_s_axi_U  |gauss_bun_1_s_axi  |        0|      0|   36|   40|
    +---------------------+-------------------+---------+-------+-----+-----+
    |Total                |                   |        2|      6|  865| 1490|
    +---------------------+-------------------+---------+-------+-----+-----+

    * DSP48: 
    N/A

    * Memory: 
    N/A

    * FIFO: 
    +-------------------------+---------+---+----+------+-----+---------+
    |           Name          | BRAM_18K| FF| LUT| Depth| Bits| Size:D*B|
    +-------------------------+---------+---+----+------+-----+---------+
    |img_in_data_stream_0_U   |        0|  5|  20|     2|    8|       16|
    |img_out_data_stream_s_U  |        0|  5|  20|     2|    8|       16|
    +-------------------------+---------+---+----+------+-----+---------+
    |Total                    |        0| 10|  40|     4|   16|       32|
    +-------------------------+---------+---+----+------+-----+---------+

    * Expression: 
    +--------------+----------+-------+---+----+------------+------------+
    | Variable Name| Operation| DSP48E| FF| LUT| Bitwidth P0| Bitwidth P1|
    +--------------+----------+-------+---+----+------------+------------+
    |ap_idle       |    and   |      0|  0|   2|           1|           1|
    +--------------+----------+-------+---+----+------------+------------+
    |Total         |          |      0|  0|   2|           1|           1|
    +--------------+----------+-------+---+----+------------+------------+

    * Multiplexer: 
    N/A

    * Register: 
    N/A



================================================================
== Interface
================================================================
* Summary: 
+----------------------+-----+-----+------------+------------------------+--------------+
|       RTL Ports      | Dir | Bits|  Protocol  |      Source Object     |    C Type    |
+----------------------+-----+-----+------------+------------------------+--------------+
|s_axi_bun_1_AWVALID   |  in |    1|    s_axi   |          bun_1         |  return void |
|s_axi_bun_1_AWREADY   | out |    1|    s_axi   |          bun_1         |  return void |
|s_axi_bun_1_AWADDR    |  in |    4|    s_axi   |          bun_1         |  return void |
|s_axi_bun_1_WVALID    |  in |    1|    s_axi   |          bun_1         |  return void |
|s_axi_bun_1_WREADY    | out |    1|    s_axi   |          bun_1         |  return void |
|s_axi_bun_1_WDATA     |  in |   32|    s_axi   |          bun_1         |  return void |
|s_axi_bun_1_WSTRB     |  in |    4|    s_axi   |          bun_1         |  return void |
|s_axi_bun_1_ARVALID   |  in |    1|    s_axi   |          bun_1         |  return void |
|s_axi_bun_1_ARREADY   | out |    1|    s_axi   |          bun_1         |  return void |
|s_axi_bun_1_ARADDR    |  in |    4|    s_axi   |          bun_1         |  return void |
|s_axi_bun_1_RVALID    | out |    1|    s_axi   |          bun_1         |  return void |
|s_axi_bun_1_RREADY    |  in |    1|    s_axi   |          bun_1         |  return void |
|s_axi_bun_1_RDATA     | out |   32|    s_axi   |          bun_1         |  return void |
|s_axi_bun_1_RRESP     | out |    2|    s_axi   |          bun_1         |  return void |
|s_axi_bun_1_BVALID    | out |    1|    s_axi   |          bun_1         |  return void |
|s_axi_bun_1_BREADY    |  in |    1|    s_axi   |          bun_1         |  return void |
|s_axi_bun_1_BRESP     | out |    2|    s_axi   |          bun_1         |  return void |
|ap_clk                |  in |    1| ap_ctrl_hs |          gauss         | return value |
|ap_rst_n              |  in |    1| ap_ctrl_hs |          gauss         | return value |
|interrupt             | out |    1| ap_ctrl_hs |          gauss         | return value |
|input_stream_TDATA    |  in |    8|    axis    |  input_stream_V_data_V |    pointer   |
|input_stream_TKEEP    |  in |    1|    axis    |  input_stream_V_keep_V |    pointer   |
|input_stream_TSTRB    |  in |    1|    axis    |  input_stream_V_strb_V |    pointer   |
|input_stream_TUSER    |  in |    1|    axis    |  input_stream_V_user_V |    pointer   |
|input_stream_TLAST    |  in |    1|    axis    |  input_stream_V_last_V |    pointer   |
|input_stream_TID      |  in |    1|    axis    |   input_stream_V_id_V  |    pointer   |
|input_stream_TDEST    |  in |    1|    axis    |  input_stream_V_dest_V |    pointer   |
|input_stream_TVALID   |  in |    1|    axis    |  input_stream_V_dest_V |    pointer   |
|input_stream_TREADY   | out |    1|    axis    |  input_stream_V_dest_V |    pointer   |
|output_stream_TDATA   | out |    8|    axis    | output_stream_V_data_V |    pointer   |
|output_stream_TKEEP   | out |    1|    axis    | output_stream_V_keep_V |    pointer   |
|output_stream_TSTRB   | out |    1|    axis    | output_stream_V_strb_V |    pointer   |
|output_stream_TUSER   | out |    1|    axis    | output_stream_V_user_V |    pointer   |
|output_stream_TLAST   | out |    1|    axis    | output_stream_V_last_V |    pointer   |
|output_stream_TID     | out |    1|    axis    |  output_stream_V_id_V  |    pointer   |
|output_stream_TDEST   | out |    1|    axis    | output_stream_V_dest_V |    pointer   |
|output_stream_TVALID  | out |    1|    axis    | output_stream_V_dest_V |    pointer   |
|output_stream_TREADY  |  in |    1|    axis    | output_stream_V_dest_V |    pointer   |
+----------------------+-----+-----+------------+------------------------+--------------+

