

================================================================
== Vivado HLS Report for 'fir'
================================================================
* Date:           Wed Oct 16 10:50:58 2019

* Version:        2018.3 (Build 2405991 on Thu Dec 06 23:56:15 MST 2018)
* Project:        LAB1_FIR
* Solution:       FIR_solution2
* Product family: zynq
* Target device:  xc7z010clg400-1


================================================================
== Performance Estimates
================================================================
+ Timing (ns): 
    * Summary: 
    +--------+-------+----------+------------+
    |  Clock | Target| Estimated| Uncertainty|
    +--------+-------+----------+------------+
    |ap_clk  |  10.00|     8.232|        1.25|
    +--------+-------+----------+------------+

+ Latency (clock cycles): 
    * Summary: 
    +-----+-----+-----+-----+---------+
    |  Latency  |  Interval | Pipeline|
    | min | max | min | max |   Type  |
    +-----+-----+-----+-----+---------+
    |  190|  190|  190|  190|   none  |
    +-----+-----+-----+-----+---------+

    + Detail: 
        * Instance: 
        N/A

        * Loop: 
        +---------------+-----+-----+----------+-----------+-----------+------+----------+
        |               |  Latency  | Iteration|  Initiation Interval  | Trip |          |
        |   Loop Name   | min | max |  Latency |  achieved |   target  | Count| Pipelined|
        +---------------+-----+-----+----------+-----------+-----------+------+----------+
        |- FILTER_LOOP  |  171|  171|        19|          -|          -|     9|    no    |
        +---------------+-----+-----+----------+-----------+-----------+------+----------+

============================================================
+ Verbose Summary: Synthesis Manager
============================================================
InlineROM: 1
ExposeGlobal: 0
============================================================
+ Verbose Summary: CDFG Model
============================================================
IsTopModel: 1
ResetActiveHigh: 1
IsCombinational: 0
IsDatapathOnly: 0
HasWiredReturn: 1
HasMFsm: 0
HasVarLatency: 1
IsPipeline: 0
IsRtlPipelined: 0
IsInstanceOverlapped: 0
IsDontTouch: 0
HasImplIP: 0
IsGatedGlobalClock: 0


============================================================
+ Verbose Summary: Schedule
============================================================
* Number of FSM states : 38
* Pipeline : 0
* Dataflow Pipeline: 0

* FSM state transitions: 
1 --> 
	2  / true
2 --> 
	21  / (tmp)
	3  / (!tmp)
3 --> 
	4  / true
4 --> 
	5  / true
5 --> 
	6  / true
6 --> 
	7  / true
7 --> 
	8  / true
8 --> 
	9  / true
9 --> 
	10  / true
10 --> 
	11  / true
11 --> 
	12  / true
12 --> 
	13  / true
13 --> 
	14  / true
14 --> 
	15  / true
15 --> 
	16  / true
16 --> 
	17  / true
17 --> 
	18  / true
18 --> 
	19  / true
19 --> 
	20  / true
20 --> 
	2  / true
21 --> 
	22  / true
22 --> 
	23  / true
23 --> 
	24  / true
24 --> 
	25  / true
25 --> 
	26  / true
26 --> 
	27  / true
27 --> 
	28  / true
28 --> 
	29  / true
29 --> 
	30  / true
30 --> 
	31  / true
31 --> 
	32  / true
32 --> 
	33  / true
33 --> 
	34  / true
34 --> 
	35  / true
35 --> 
	36  / true
36 --> 
	37  / true
37 --> 
	38  / true
38 --> 

* FSM state operations: 

State 1 <SV = 0> <Delay = 1.76>
ST_1 : Operation 39 [1/1] (0.00ns)   --->   "call void (...)* @_ssdm_op_SpecBitsMap(double %probe_in) nounwind, !map !7"   --->   Operation 39 'specbitsmap' <Predicate = true> <Delay = 0.00>
ST_1 : Operation 40 [1/1] (0.00ns)   --->   "call void (...)* @_ssdm_op_SpecBitsMap(double* %out_r) nounwind, !map !13"   --->   Operation 40 'specbitsmap' <Predicate = true> <Delay = 0.00>
ST_1 : Operation 41 [1/1] (0.00ns)   --->   "call void (...)* @_ssdm_op_SpecBitsMap([10 x i32]* %coeff) nounwind, !map !19"   --->   Operation 41 'specbitsmap' <Predicate = true> <Delay = 0.00>
ST_1 : Operation 42 [1/1] (0.00ns)   --->   "%probe_in_read = call double @_ssdm_op_Read.ap_vld.double(double %probe_in) nounwind" [LAB1_FIR/.settings/fir.c:5]   --->   Operation 42 'read' 'probe_in_read' <Predicate = true> <Delay = 0.00>
ST_1 : Operation 43 [1/1] (0.00ns)   --->   "%coeff_addr = getelementptr [10 x i32]* %coeff, i64 0, i64 0" [LAB1_FIR/.settings/fir.c:5]   --->   Operation 43 'getelementptr' 'coeff_addr' <Predicate = true> <Delay = 0.00>
ST_1 : Operation 44 [1/1] (0.00ns)   --->   "call void (...)* @_ssdm_op_SpecTopModule([4 x i8]* @fir_str) nounwind"   --->   Operation 44 'spectopmodule' <Predicate = true> <Delay = 0.00>
ST_1 : Operation 45 [1/1] (0.00ns)   --->   "call void (...)* @_ssdm_op_SpecMemCore([10 x i32]* %coeff, [1 x i8]* @p_str, [12 x i8]* @p_str1, [1 x i8]* @p_str, i32 -1, [1 x i8]* @p_str, [1 x i8]* @p_str, [1 x i8]* @p_str, [1 x i8]* @p_str, [1 x i8]* @p_str) nounwind" [LAB1_FIR/.settings/fir.c:7]   --->   Operation 45 'specmemcore' <Predicate = true> <Delay = 0.00>
ST_1 : Operation 46 [1/1] (0.00ns)   --->   "call void (...)* @_ssdm_op_SpecInterface(double* %out_r, [7 x i8]* @p_str2, i32 0, i32 0, [1 x i8]* @p_str, i32 0, i32 0, [1 x i8]* @p_str, [1 x i8]* @p_str, [1 x i8]* @p_str, i32 0, i32 0, i32 0, i32 0, [1 x i8]* @p_str, [1 x i8]* @p_str) nounwind" [LAB1_FIR/.settings/fir.c:8]   --->   Operation 46 'specinterface' <Predicate = true> <Delay = 0.00>
ST_1 : Operation 47 [1/1] (0.00ns)   --->   "call void (...)* @_ssdm_op_SpecInterface(double %probe_in, [7 x i8]* @p_str2, i32 0, i32 0, [1 x i8]* @p_str, i32 0, i32 0, [1 x i8]* @p_str, [1 x i8]* @p_str, [1 x i8]* @p_str, i32 0, i32 0, i32 0, i32 0, [1 x i8]* @p_str, [1 x i8]* @p_str) nounwind" [LAB1_FIR/.settings/fir.c:9]   --->   Operation 47 'specinterface' <Predicate = true> <Delay = 0.00>
ST_1 : Operation 48 [1/1] (1.76ns)   --->   "br label %1" [LAB1_FIR/.settings/fir.c:15]   --->   Operation 48 'br' <Predicate = true> <Delay = 1.76>

State 2 <SV = 1> <Delay = 3.25>
ST_2 : Operation 49 [1/1] (0.00ns)   --->   "%acc = phi double [ 0.000000e+00, %0 ], [ %acc_1, %branch9 ]"   --->   Operation 49 'phi' 'acc' <Predicate = true> <Delay = 0.00>
ST_2 : Operation 50 [1/1] (0.00ns)   --->   "%i = phi i4 [ -7, %0 ], [ %i_1, %branch9 ]"   --->   Operation 50 'phi' 'i' <Predicate = true> <Delay = 0.00>
ST_2 : Operation 51 [1/1] (1.30ns)   --->   "%tmp = icmp eq i4 %i, 0" [LAB1_FIR/.settings/fir.c:15]   --->   Operation 51 'icmp' 'tmp' <Predicate = true> <Delay = 1.30> <Core = "Cmp">   --->   Core 25 'Cmp' <Latency = 0> <II = 1> <Delay = 1.30> <FuncUnit> <Opcode : 'icmp'> <InPorts = 2> <OutPorts = 1>
ST_2 : Operation 52 [1/1] (0.00ns)   --->   "%empty = call i32 (...)* @_ssdm_op_SpecLoopTripCount(i64 9, i64 9, i64 9) nounwind"   --->   Operation 52 'speclooptripcount' 'empty' <Predicate = true> <Delay = 0.00>
ST_2 : Operation 53 [1/1] (0.00ns)   --->   "br i1 %tmp, label %4, label %2" [LAB1_FIR/.settings/fir.c:15]   --->   Operation 53 'br' <Predicate = true> <Delay = 0.00>
ST_2 : Operation 54 [1/1] (0.00ns)   --->   "call void (...)* @_ssdm_op_SpecLoopName([12 x i8]* @p_str4) nounwind" [LAB1_FIR/.settings/fir.c:16]   --->   Operation 54 'specloopname' <Predicate = (!tmp)> <Delay = 0.00>
ST_2 : Operation 55 [1/1] (1.73ns)   --->   "%i_1 = add i4 %i, -1" [LAB1_FIR/.settings/fir.c:17]   --->   Operation 55 'add' 'i_1' <Predicate = (!tmp)> <Delay = 1.73> <Core = "AddSub">   --->   Core 14 'AddSub' <Latency = 0> <II = 1> <Delay = 1.73> <FuncUnit> <Opcode : 'add' 'sub'> <InPorts = 2> <OutPorts = 1>
ST_2 : Operation 56 [1/1] (1.36ns)   --->   "switch i4 %i, label %branch18 [
    i4 1, label %branch10
    i4 2, label %branch11
    i4 3, label %branch12
    i4 4, label %branch13
    i4 5, label %branch14
    i4 6, label %branch15
    i4 7, label %branch16
    i4 -8, label %branch17
  ]" [LAB1_FIR/.settings/fir.c:17]   --->   Operation 56 'switch' <Predicate = (!tmp)> <Delay = 1.36>
ST_2 : Operation 57 [1/1] (0.00ns)   --->   "%data_in_7_load = load double* @data_in_7, align 8" [LAB1_FIR/.settings/fir.c:17]   --->   Operation 57 'load' 'data_in_7_load' <Predicate = (!tmp & i == 8)> <Delay = 0.00>
ST_2 : Operation 58 [1/1] (2.02ns)   --->   "br label %3" [LAB1_FIR/.settings/fir.c:17]   --->   Operation 58 'br' <Predicate = (!tmp & i == 8)> <Delay = 2.02>
ST_2 : Operation 59 [1/1] (0.00ns)   --->   "%data_in_6_load = load double* @data_in_6, align 8" [LAB1_FIR/.settings/fir.c:17]   --->   Operation 59 'load' 'data_in_6_load' <Predicate = (!tmp & i == 7)> <Delay = 0.00>
ST_2 : Operation 60 [1/1] (2.02ns)   --->   "br label %3" [LAB1_FIR/.settings/fir.c:17]   --->   Operation 60 'br' <Predicate = (!tmp & i == 7)> <Delay = 2.02>
ST_2 : Operation 61 [1/1] (0.00ns)   --->   "%data_in_5_load = load double* @data_in_5, align 8" [LAB1_FIR/.settings/fir.c:17]   --->   Operation 61 'load' 'data_in_5_load' <Predicate = (!tmp & i == 6)> <Delay = 0.00>
ST_2 : Operation 62 [1/1] (2.02ns)   --->   "br label %3" [LAB1_FIR/.settings/fir.c:17]   --->   Operation 62 'br' <Predicate = (!tmp & i == 6)> <Delay = 2.02>
ST_2 : Operation 63 [1/1] (0.00ns)   --->   "%data_in_4_load = load double* @data_in_4, align 8" [LAB1_FIR/.settings/fir.c:17]   --->   Operation 63 'load' 'data_in_4_load' <Predicate = (!tmp & i == 5)> <Delay = 0.00>
ST_2 : Operation 64 [1/1] (2.02ns)   --->   "br label %3" [LAB1_FIR/.settings/fir.c:17]   --->   Operation 64 'br' <Predicate = (!tmp & i == 5)> <Delay = 2.02>
ST_2 : Operation 65 [1/1] (0.00ns)   --->   "%data_in_3_load = load double* @data_in_3, align 8" [LAB1_FIR/.settings/fir.c:17]   --->   Operation 65 'load' 'data_in_3_load' <Predicate = (!tmp & i == 4)> <Delay = 0.00>
ST_2 : Operation 66 [1/1] (2.02ns)   --->   "br label %3" [LAB1_FIR/.settings/fir.c:17]   --->   Operation 66 'br' <Predicate = (!tmp & i == 4)> <Delay = 2.02>
ST_2 : Operation 67 [1/1] (0.00ns)   --->   "%data_in_2_load = load double* @data_in_2, align 8" [LAB1_FIR/.settings/fir.c:17]   --->   Operation 67 'load' 'data_in_2_load' <Predicate = (!tmp & i == 3)> <Delay = 0.00>
ST_2 : Operation 68 [1/1] (2.02ns)   --->   "br label %3" [LAB1_FIR/.settings/fir.c:17]   --->   Operation 68 'br' <Predicate = (!tmp & i == 3)> <Delay = 2.02>
ST_2 : Operation 69 [1/1] (0.00ns)   --->   "%data_in_1_load = load double* @data_in_1, align 8" [LAB1_FIR/.settings/fir.c:17]   --->   Operation 69 'load' 'data_in_1_load' <Predicate = (!tmp & i == 2)> <Delay = 0.00>
ST_2 : Operation 70 [1/1] (2.02ns)   --->   "br label %3" [LAB1_FIR/.settings/fir.c:17]   --->   Operation 70 'br' <Predicate = (!tmp & i == 2)> <Delay = 2.02>
ST_2 : Operation 71 [1/1] (0.00ns)   --->   "%data_in_0_load = load double* @data_in_0, align 8" [LAB1_FIR/.settings/fir.c:17]   --->   Operation 71 'load' 'data_in_0_load' <Predicate = (!tmp & i == 1)> <Delay = 0.00>
ST_2 : Operation 72 [1/1] (2.02ns)   --->   "br label %3" [LAB1_FIR/.settings/fir.c:17]   --->   Operation 72 'br' <Predicate = (!tmp & i == 1)> <Delay = 2.02>
ST_2 : Operation 73 [1/1] (0.00ns)   --->   "%data_in_8_load = load double* @data_in_8, align 8" [LAB1_FIR/.settings/fir.c:17]   --->   Operation 73 'load' 'data_in_8_load' <Predicate = (!tmp & i != 1 & i != 2 & i != 3 & i != 4 & i != 5 & i != 6 & i != 7 & i != 8)> <Delay = 0.00>
ST_2 : Operation 74 [1/1] (2.02ns)   --->   "br label %3" [LAB1_FIR/.settings/fir.c:17]   --->   Operation 74 'br' <Predicate = (!tmp & i != 1 & i != 2 & i != 3 & i != 4 & i != 5 & i != 6 & i != 7 & i != 8)> <Delay = 2.02>
ST_2 : Operation 75 [1/1] (0.00ns)   --->   "%data_in_load_phi = phi double [ %data_in_0_load, %branch10 ], [ %data_in_1_load, %branch11 ], [ %data_in_2_load, %branch12 ], [ %data_in_3_load, %branch13 ], [ %data_in_4_load, %branch14 ], [ %data_in_5_load, %branch15 ], [ %data_in_6_load, %branch16 ], [ %data_in_7_load, %branch17 ], [ %data_in_8_load, %branch18 ]" [LAB1_FIR/.settings/fir.c:17]   --->   Operation 75 'phi' 'data_in_load_phi' <Predicate = (!tmp)> <Delay = 0.00>
ST_2 : Operation 76 [1/1] (0.00ns)   --->   "%tmp_3 = zext i4 %i to i64" [LAB1_FIR/.settings/fir.c:17]   --->   Operation 76 'zext' 'tmp_3' <Predicate = (!tmp)> <Delay = 0.00>
ST_2 : Operation 77 [1/1] (1.36ns)   --->   "switch i4 %i, label %branch9 [
    i4 1, label %branch1
    i4 2, label %branch2
    i4 3, label %branch3
    i4 4, label %branch4
    i4 5, label %branch5
    i4 6, label %branch6
    i4 7, label %branch7
    i4 -8, label %branch8
  ]" [LAB1_FIR/.settings/fir.c:17]   --->   Operation 77 'switch' <Predicate = (!tmp)> <Delay = 1.36>
ST_2 : Operation 78 [1/1] (0.00ns)   --->   "store double %data_in_load_phi, double* @data_in_8, align 8" [LAB1_FIR/.settings/fir.c:17]   --->   Operation 78 'store' <Predicate = (!tmp & i == 8)> <Delay = 0.00>
ST_2 : Operation 79 [1/1] (0.00ns)   --->   "br label %branch9" [LAB1_FIR/.settings/fir.c:17]   --->   Operation 79 'br' <Predicate = (!tmp & i == 8)> <Delay = 0.00>
ST_2 : Operation 80 [1/1] (0.00ns)   --->   "store double %data_in_load_phi, double* @data_in_7, align 8" [LAB1_FIR/.settings/fir.c:17]   --->   Operation 80 'store' <Predicate = (!tmp & i == 7)> <Delay = 0.00>
ST_2 : Operation 81 [1/1] (0.00ns)   --->   "br label %branch9" [LAB1_FIR/.settings/fir.c:17]   --->   Operation 81 'br' <Predicate = (!tmp & i == 7)> <Delay = 0.00>
ST_2 : Operation 82 [1/1] (0.00ns)   --->   "store double %data_in_load_phi, double* @data_in_6, align 8" [LAB1_FIR/.settings/fir.c:17]   --->   Operation 82 'store' <Predicate = (!tmp & i == 6)> <Delay = 0.00>
ST_2 : Operation 83 [1/1] (0.00ns)   --->   "br label %branch9" [LAB1_FIR/.settings/fir.c:17]   --->   Operation 83 'br' <Predicate = (!tmp & i == 6)> <Delay = 0.00>
ST_2 : Operation 84 [1/1] (0.00ns)   --->   "store double %data_in_load_phi, double* @data_in_5, align 8" [LAB1_FIR/.settings/fir.c:17]   --->   Operation 84 'store' <Predicate = (!tmp & i == 5)> <Delay = 0.00>
ST_2 : Operation 85 [1/1] (0.00ns)   --->   "br label %branch9" [LAB1_FIR/.settings/fir.c:17]   --->   Operation 85 'br' <Predicate = (!tmp & i == 5)> <Delay = 0.00>
ST_2 : Operation 86 [1/1] (0.00ns)   --->   "store double %data_in_load_phi, double* @data_in_4, align 8" [LAB1_FIR/.settings/fir.c:17]   --->   Operation 86 'store' <Predicate = (!tmp & i == 4)> <Delay = 0.00>
ST_2 : Operation 87 [1/1] (0.00ns)   --->   "br label %branch9" [LAB1_FIR/.settings/fir.c:17]   --->   Operation 87 'br' <Predicate = (!tmp & i == 4)> <Delay = 0.00>
ST_2 : Operation 88 [1/1] (0.00ns)   --->   "store double %data_in_load_phi, double* @data_in_3, align 8" [LAB1_FIR/.settings/fir.c:17]   --->   Operation 88 'store' <Predicate = (!tmp & i == 3)> <Delay = 0.00>
ST_2 : Operation 89 [1/1] (0.00ns)   --->   "br label %branch9" [LAB1_FIR/.settings/fir.c:17]   --->   Operation 89 'br' <Predicate = (!tmp & i == 3)> <Delay = 0.00>
ST_2 : Operation 90 [1/1] (0.00ns)   --->   "store double %data_in_load_phi, double* @data_in_2, align 8" [LAB1_FIR/.settings/fir.c:17]   --->   Operation 90 'store' <Predicate = (!tmp & i == 2)> <Delay = 0.00>
ST_2 : Operation 91 [1/1] (0.00ns)   --->   "br label %branch9" [LAB1_FIR/.settings/fir.c:17]   --->   Operation 91 'br' <Predicate = (!tmp & i == 2)> <Delay = 0.00>
ST_2 : Operation 92 [1/1] (0.00ns)   --->   "store double %data_in_load_phi, double* @data_in_1, align 8" [LAB1_FIR/.settings/fir.c:17]   --->   Operation 92 'store' <Predicate = (!tmp & i == 1)> <Delay = 0.00>
ST_2 : Operation 93 [1/1] (0.00ns)   --->   "br label %branch9" [LAB1_FIR/.settings/fir.c:17]   --->   Operation 93 'br' <Predicate = (!tmp & i == 1)> <Delay = 0.00>
ST_2 : Operation 94 [1/1] (0.00ns)   --->   "%coeff_addr_1 = getelementptr [10 x i32]* %coeff, i64 0, i64 %tmp_3" [LAB1_FIR/.settings/fir.c:18]   --->   Operation 94 'getelementptr' 'coeff_addr_1' <Predicate = (!tmp)> <Delay = 0.00>
ST_2 : Operation 95 [2/2] (3.25ns)   --->   "%coeff_load = load i32* %coeff_addr_1, align 4" [LAB1_FIR/.settings/fir.c:18]   --->   Operation 95 'load' 'coeff_load' <Predicate = (!tmp)> <Delay = 3.25> <Core = "RAM_1P_BRAM">   --->   Core 46 'RAM_1P_BRAM' <Latency = 1> <II = 1> <Delay = 3.25> <Storage> <Opcode : 'load' 'store'> <Ports = 1> <Width = 32> <Depth = 10> <RAM>
ST_2 : Operation 96 [1/1] (0.00ns)   --->   "store double %probe_in_read, double* @data_in_0, align 16" [LAB1_FIR/.settings/fir.c:20]   --->   Operation 96 'store' <Predicate = (tmp)> <Delay = 0.00>
ST_2 : Operation 97 [2/2] (3.25ns)   --->   "%coeff_load_1 = load i32* %coeff_addr, align 4" [LAB1_FIR/.settings/fir.c:21]   --->   Operation 97 'load' 'coeff_load_1' <Predicate = (tmp)> <Delay = 3.25> <Core = "RAM_1P_BRAM">   --->   Core 46 'RAM_1P_BRAM' <Latency = 1> <II = 1> <Delay = 3.25> <Storage> <Opcode : 'load' 'store'> <Ports = 1> <Width = 32> <Depth = 10> <RAM>

State 3 <SV = 2> <Delay = 3.25>
ST_3 : Operation 98 [1/2] (3.25ns)   --->   "%coeff_load = load i32* %coeff_addr_1, align 4" [LAB1_FIR/.settings/fir.c:18]   --->   Operation 98 'load' 'coeff_load' <Predicate = true> <Delay = 3.25> <Core = "RAM_1P_BRAM">   --->   Core 46 'RAM_1P_BRAM' <Latency = 1> <II = 1> <Delay = 3.25> <Storage> <Opcode : 'load' 'store'> <Ports = 1> <Width = 32> <Depth = 10> <RAM>

State 4 <SV = 3> <Delay = 6.28>
ST_4 : Operation 99 [6/6] (6.28ns)   --->   "%tmp_4 = sitofp i32 %coeff_load to double" [LAB1_FIR/.settings/fir.c:18]   --->   Operation 99 'sitodp' 'tmp_4' <Predicate = true> <Delay = 6.28> <Core = "Int2Double">   --->   Core 121 'Int2Double' <Latency = 5> <II = 1> <Delay = 6.28> <FuncUnit> <Opcode : 'sitodp' 'uitodp'> <InPorts = 1> <OutPorts = 1>

State 5 <SV = 4> <Delay = 6.28>
ST_5 : Operation 100 [5/6] (6.28ns)   --->   "%tmp_4 = sitofp i32 %coeff_load to double" [LAB1_FIR/.settings/fir.c:18]   --->   Operation 100 'sitodp' 'tmp_4' <Predicate = true> <Delay = 6.28> <Core = "Int2Double">   --->   Core 121 'Int2Double' <Latency = 5> <II = 1> <Delay = 6.28> <FuncUnit> <Opcode : 'sitodp' 'uitodp'> <InPorts = 1> <OutPorts = 1>

State 6 <SV = 5> <Delay = 6.28>
ST_6 : Operation 101 [4/6] (6.28ns)   --->   "%tmp_4 = sitofp i32 %coeff_load to double" [LAB1_FIR/.settings/fir.c:18]   --->   Operation 101 'sitodp' 'tmp_4' <Predicate = true> <Delay = 6.28> <Core = "Int2Double">   --->   Core 121 'Int2Double' <Latency = 5> <II = 1> <Delay = 6.28> <FuncUnit> <Opcode : 'sitodp' 'uitodp'> <InPorts = 1> <OutPorts = 1>

State 7 <SV = 6> <Delay = 6.28>
ST_7 : Operation 102 [3/6] (6.28ns)   --->   "%tmp_4 = sitofp i32 %coeff_load to double" [LAB1_FIR/.settings/fir.c:18]   --->   Operation 102 'sitodp' 'tmp_4' <Predicate = true> <Delay = 6.28> <Core = "Int2Double">   --->   Core 121 'Int2Double' <Latency = 5> <II = 1> <Delay = 6.28> <FuncUnit> <Opcode : 'sitodp' 'uitodp'> <InPorts = 1> <OutPorts = 1>

State 8 <SV = 7> <Delay = 6.28>
ST_8 : Operation 103 [2/6] (6.28ns)   --->   "%tmp_4 = sitofp i32 %coeff_load to double" [LAB1_FIR/.settings/fir.c:18]   --->   Operation 103 'sitodp' 'tmp_4' <Predicate = true> <Delay = 6.28> <Core = "Int2Double">   --->   Core 121 'Int2Double' <Latency = 5> <II = 1> <Delay = 6.28> <FuncUnit> <Opcode : 'sitodp' 'uitodp'> <InPorts = 1> <OutPorts = 1>

State 9 <SV = 8> <Delay = 6.28>
ST_9 : Operation 104 [1/6] (6.28ns)   --->   "%tmp_4 = sitofp i32 %coeff_load to double" [LAB1_FIR/.settings/fir.c:18]   --->   Operation 104 'sitodp' 'tmp_4' <Predicate = true> <Delay = 6.28> <Core = "Int2Double">   --->   Core 121 'Int2Double' <Latency = 5> <II = 1> <Delay = 6.28> <FuncUnit> <Opcode : 'sitodp' 'uitodp'> <InPorts = 1> <OutPorts = 1>

State 10 <SV = 9> <Delay = 7.78>
ST_10 : Operation 105 [6/6] (7.78ns)   --->   "%tmp_5 = fmul double %data_in_load_phi, %tmp_4" [LAB1_FIR/.settings/fir.c:18]   --->   Operation 105 'dmul' 'tmp_5' <Predicate = true> <Delay = 7.78> <Core = "DMul">   --->   Core 115 'DMul' <Latency = 5> <II = 1> <Delay = 7.78> <FuncUnit> <Opcode : 'dmul'> <InPorts = 2> <OutPorts = 1>

State 11 <SV = 10> <Delay = 7.78>
ST_11 : Operation 106 [5/6] (7.78ns)   --->   "%tmp_5 = fmul double %data_in_load_phi, %tmp_4" [LAB1_FIR/.settings/fir.c:18]   --->   Operation 106 'dmul' 'tmp_5' <Predicate = true> <Delay = 7.78> <Core = "DMul">   --->   Core 115 'DMul' <Latency = 5> <II = 1> <Delay = 7.78> <FuncUnit> <Opcode : 'dmul'> <InPorts = 2> <OutPorts = 1>

State 12 <SV = 11> <Delay = 7.78>
ST_12 : Operation 107 [4/6] (7.78ns)   --->   "%tmp_5 = fmul double %data_in_load_phi, %tmp_4" [LAB1_FIR/.settings/fir.c:18]   --->   Operation 107 'dmul' 'tmp_5' <Predicate = true> <Delay = 7.78> <Core = "DMul">   --->   Core 115 'DMul' <Latency = 5> <II = 1> <Delay = 7.78> <FuncUnit> <Opcode : 'dmul'> <InPorts = 2> <OutPorts = 1>

State 13 <SV = 12> <Delay = 7.78>
ST_13 : Operation 108 [3/6] (7.78ns)   --->   "%tmp_5 = fmul double %data_in_load_phi, %tmp_4" [LAB1_FIR/.settings/fir.c:18]   --->   Operation 108 'dmul' 'tmp_5' <Predicate = true> <Delay = 7.78> <Core = "DMul">   --->   Core 115 'DMul' <Latency = 5> <II = 1> <Delay = 7.78> <FuncUnit> <Opcode : 'dmul'> <InPorts = 2> <OutPorts = 1>

State 14 <SV = 13> <Delay = 7.78>
ST_14 : Operation 109 [2/6] (7.78ns)   --->   "%tmp_5 = fmul double %data_in_load_phi, %tmp_4" [LAB1_FIR/.settings/fir.c:18]   --->   Operation 109 'dmul' 'tmp_5' <Predicate = true> <Delay = 7.78> <Core = "DMul">   --->   Core 115 'DMul' <Latency = 5> <II = 1> <Delay = 7.78> <FuncUnit> <Opcode : 'dmul'> <InPorts = 2> <OutPorts = 1>

State 15 <SV = 14> <Delay = 7.78>
ST_15 : Operation 110 [1/6] (7.78ns)   --->   "%tmp_5 = fmul double %data_in_load_phi, %tmp_4" [LAB1_FIR/.settings/fir.c:18]   --->   Operation 110 'dmul' 'tmp_5' <Predicate = true> <Delay = 7.78> <Core = "DMul">   --->   Core 115 'DMul' <Latency = 5> <II = 1> <Delay = 7.78> <FuncUnit> <Opcode : 'dmul'> <InPorts = 2> <OutPorts = 1>

State 16 <SV = 15> <Delay = 8.23>
ST_16 : Operation 111 [5/5] (8.23ns)   --->   "%acc_1 = fadd double %acc, %tmp_5" [LAB1_FIR/.settings/fir.c:18]   --->   Operation 111 'dadd' 'acc_1' <Predicate = true> <Delay = 8.23> <Core = "DAddSub">   --->   Core 114 'DAddSub' <Latency = 4> <II = 1> <Delay = 8.23> <FuncUnit> <Opcode : 'dadd' 'dsub'> <InPorts = 2> <OutPorts = 1>

State 17 <SV = 16> <Delay = 8.23>
ST_17 : Operation 112 [4/5] (8.23ns)   --->   "%acc_1 = fadd double %acc, %tmp_5" [LAB1_FIR/.settings/fir.c:18]   --->   Operation 112 'dadd' 'acc_1' <Predicate = true> <Delay = 8.23> <Core = "DAddSub">   --->   Core 114 'DAddSub' <Latency = 4> <II = 1> <Delay = 8.23> <FuncUnit> <Opcode : 'dadd' 'dsub'> <InPorts = 2> <OutPorts = 1>

State 18 <SV = 17> <Delay = 8.23>
ST_18 : Operation 113 [3/5] (8.23ns)   --->   "%acc_1 = fadd double %acc, %tmp_5" [LAB1_FIR/.settings/fir.c:18]   --->   Operation 113 'dadd' 'acc_1' <Predicate = true> <Delay = 8.23> <Core = "DAddSub">   --->   Core 114 'DAddSub' <Latency = 4> <II = 1> <Delay = 8.23> <FuncUnit> <Opcode : 'dadd' 'dsub'> <InPorts = 2> <OutPorts = 1>

State 19 <SV = 18> <Delay = 8.23>
ST_19 : Operation 114 [2/5] (8.23ns)   --->   "%acc_1 = fadd double %acc, %tmp_5" [LAB1_FIR/.settings/fir.c:18]   --->   Operation 114 'dadd' 'acc_1' <Predicate = true> <Delay = 8.23> <Core = "DAddSub">   --->   Core 114 'DAddSub' <Latency = 4> <II = 1> <Delay = 8.23> <FuncUnit> <Opcode : 'dadd' 'dsub'> <InPorts = 2> <OutPorts = 1>

State 20 <SV = 19> <Delay = 8.23>
ST_20 : Operation 115 [1/5] (8.23ns)   --->   "%acc_1 = fadd double %acc, %tmp_5" [LAB1_FIR/.settings/fir.c:18]   --->   Operation 115 'dadd' 'acc_1' <Predicate = true> <Delay = 8.23> <Core = "DAddSub">   --->   Core 114 'DAddSub' <Latency = 4> <II = 1> <Delay = 8.23> <FuncUnit> <Opcode : 'dadd' 'dsub'> <InPorts = 2> <OutPorts = 1>
ST_20 : Operation 116 [1/1] (0.00ns)   --->   "br label %1" [LAB1_FIR/.settings/fir.c:15]   --->   Operation 116 'br' <Predicate = true> <Delay = 0.00>

State 21 <SV = 2> <Delay = 3.25>
ST_21 : Operation 117 [1/2] (3.25ns)   --->   "%coeff_load_1 = load i32* %coeff_addr, align 4" [LAB1_FIR/.settings/fir.c:21]   --->   Operation 117 'load' 'coeff_load_1' <Predicate = true> <Delay = 3.25> <Core = "RAM_1P_BRAM">   --->   Core 46 'RAM_1P_BRAM' <Latency = 1> <II = 1> <Delay = 3.25> <Storage> <Opcode : 'load' 'store'> <Ports = 1> <Width = 32> <Depth = 10> <RAM>

State 22 <SV = 3> <Delay = 6.28>
ST_22 : Operation 118 [6/6] (6.28ns)   --->   "%tmp_7 = sitofp i32 %coeff_load_1 to double" [LAB1_FIR/.settings/fir.c:21]   --->   Operation 118 'sitodp' 'tmp_7' <Predicate = true> <Delay = 6.28> <Core = "Int2Double">   --->   Core 121 'Int2Double' <Latency = 5> <II = 1> <Delay = 6.28> <FuncUnit> <Opcode : 'sitodp' 'uitodp'> <InPorts = 1> <OutPorts = 1>

State 23 <SV = 4> <Delay = 6.28>
ST_23 : Operation 119 [5/6] (6.28ns)   --->   "%tmp_7 = sitofp i32 %coeff_load_1 to double" [LAB1_FIR/.settings/fir.c:21]   --->   Operation 119 'sitodp' 'tmp_7' <Predicate = true> <Delay = 6.28> <Core = "Int2Double">   --->   Core 121 'Int2Double' <Latency = 5> <II = 1> <Delay = 6.28> <FuncUnit> <Opcode : 'sitodp' 'uitodp'> <InPorts = 1> <OutPorts = 1>

State 24 <SV = 5> <Delay = 6.28>
ST_24 : Operation 120 [4/6] (6.28ns)   --->   "%tmp_7 = sitofp i32 %coeff_load_1 to double" [LAB1_FIR/.settings/fir.c:21]   --->   Operation 120 'sitodp' 'tmp_7' <Predicate = true> <Delay = 6.28> <Core = "Int2Double">   --->   Core 121 'Int2Double' <Latency = 5> <II = 1> <Delay = 6.28> <FuncUnit> <Opcode : 'sitodp' 'uitodp'> <InPorts = 1> <OutPorts = 1>

State 25 <SV = 6> <Delay = 6.28>
ST_25 : Operation 121 [3/6] (6.28ns)   --->   "%tmp_7 = sitofp i32 %coeff_load_1 to double" [LAB1_FIR/.settings/fir.c:21]   --->   Operation 121 'sitodp' 'tmp_7' <Predicate = true> <Delay = 6.28> <Core = "Int2Double">   --->   Core 121 'Int2Double' <Latency = 5> <II = 1> <Delay = 6.28> <FuncUnit> <Opcode : 'sitodp' 'uitodp'> <InPorts = 1> <OutPorts = 1>

State 26 <SV = 7> <Delay = 6.28>
ST_26 : Operation 122 [2/6] (6.28ns)   --->   "%tmp_7 = sitofp i32 %coeff_load_1 to double" [LAB1_FIR/.settings/fir.c:21]   --->   Operation 122 'sitodp' 'tmp_7' <Predicate = true> <Delay = 6.28> <Core = "Int2Double">   --->   Core 121 'Int2Double' <Latency = 5> <II = 1> <Delay = 6.28> <FuncUnit> <Opcode : 'sitodp' 'uitodp'> <InPorts = 1> <OutPorts = 1>

State 27 <SV = 8> <Delay = 6.28>
ST_27 : Operation 123 [1/6] (6.28ns)   --->   "%tmp_7 = sitofp i32 %coeff_load_1 to double" [LAB1_FIR/.settings/fir.c:21]   --->   Operation 123 'sitodp' 'tmp_7' <Predicate = true> <Delay = 6.28> <Core = "Int2Double">   --->   Core 121 'Int2Double' <Latency = 5> <II = 1> <Delay = 6.28> <FuncUnit> <Opcode : 'sitodp' 'uitodp'> <InPorts = 1> <OutPorts = 1>

State 28 <SV = 9> <Delay = 7.78>
ST_28 : Operation 124 [6/6] (7.78ns)   --->   "%tmp_8 = fmul double %tmp_7, %probe_in_read" [LAB1_FIR/.settings/fir.c:21]   --->   Operation 124 'dmul' 'tmp_8' <Predicate = true> <Delay = 7.78> <Core = "DMul">   --->   Core 115 'DMul' <Latency = 5> <II = 1> <Delay = 7.78> <FuncUnit> <Opcode : 'dmul'> <InPorts = 2> <OutPorts = 1>

State 29 <SV = 10> <Delay = 7.78>
ST_29 : Operation 125 [5/6] (7.78ns)   --->   "%tmp_8 = fmul double %tmp_7, %probe_in_read" [LAB1_FIR/.settings/fir.c:21]   --->   Operation 125 'dmul' 'tmp_8' <Predicate = true> <Delay = 7.78> <Core = "DMul">   --->   Core 115 'DMul' <Latency = 5> <II = 1> <Delay = 7.78> <FuncUnit> <Opcode : 'dmul'> <InPorts = 2> <OutPorts = 1>

State 30 <SV = 11> <Delay = 7.78>
ST_30 : Operation 126 [4/6] (7.78ns)   --->   "%tmp_8 = fmul double %tmp_7, %probe_in_read" [LAB1_FIR/.settings/fir.c:21]   --->   Operation 126 'dmul' 'tmp_8' <Predicate = true> <Delay = 7.78> <Core = "DMul">   --->   Core 115 'DMul' <Latency = 5> <II = 1> <Delay = 7.78> <FuncUnit> <Opcode : 'dmul'> <InPorts = 2> <OutPorts = 1>

State 31 <SV = 12> <Delay = 7.78>
ST_31 : Operation 127 [3/6] (7.78ns)   --->   "%tmp_8 = fmul double %tmp_7, %probe_in_read" [LAB1_FIR/.settings/fir.c:21]   --->   Operation 127 'dmul' 'tmp_8' <Predicate = true> <Delay = 7.78> <Core = "DMul">   --->   Core 115 'DMul' <Latency = 5> <II = 1> <Delay = 7.78> <FuncUnit> <Opcode : 'dmul'> <InPorts = 2> <OutPorts = 1>

State 32 <SV = 13> <Delay = 7.78>
ST_32 : Operation 128 [2/6] (7.78ns)   --->   "%tmp_8 = fmul double %tmp_7, %probe_in_read" [LAB1_FIR/.settings/fir.c:21]   --->   Operation 128 'dmul' 'tmp_8' <Predicate = true> <Delay = 7.78> <Core = "DMul">   --->   Core 115 'DMul' <Latency = 5> <II = 1> <Delay = 7.78> <FuncUnit> <Opcode : 'dmul'> <InPorts = 2> <OutPorts = 1>

State 33 <SV = 14> <Delay = 7.78>
ST_33 : Operation 129 [1/6] (7.78ns)   --->   "%tmp_8 = fmul double %tmp_7, %probe_in_read" [LAB1_FIR/.settings/fir.c:21]   --->   Operation 129 'dmul' 'tmp_8' <Predicate = true> <Delay = 7.78> <Core = "DMul">   --->   Core 115 'DMul' <Latency = 5> <II = 1> <Delay = 7.78> <FuncUnit> <Opcode : 'dmul'> <InPorts = 2> <OutPorts = 1>

State 34 <SV = 15> <Delay = 8.23>
ST_34 : Operation 130 [5/5] (8.23ns)   --->   "%acc_2 = fadd double %acc, %tmp_8" [LAB1_FIR/.settings/fir.c:21]   --->   Operation 130 'dadd' 'acc_2' <Predicate = true> <Delay = 8.23> <Core = "DAddSub">   --->   Core 114 'DAddSub' <Latency = 4> <II = 1> <Delay = 8.23> <FuncUnit> <Opcode : 'dadd' 'dsub'> <InPorts = 2> <OutPorts = 1>

State 35 <SV = 16> <Delay = 8.23>
ST_35 : Operation 131 [4/5] (8.23ns)   --->   "%acc_2 = fadd double %acc, %tmp_8" [LAB1_FIR/.settings/fir.c:21]   --->   Operation 131 'dadd' 'acc_2' <Predicate = true> <Delay = 8.23> <Core = "DAddSub">   --->   Core 114 'DAddSub' <Latency = 4> <II = 1> <Delay = 8.23> <FuncUnit> <Opcode : 'dadd' 'dsub'> <InPorts = 2> <OutPorts = 1>

State 36 <SV = 17> <Delay = 8.23>
ST_36 : Operation 132 [3/5] (8.23ns)   --->   "%acc_2 = fadd double %acc, %tmp_8" [LAB1_FIR/.settings/fir.c:21]   --->   Operation 132 'dadd' 'acc_2' <Predicate = true> <Delay = 8.23> <Core = "DAddSub">   --->   Core 114 'DAddSub' <Latency = 4> <II = 1> <Delay = 8.23> <FuncUnit> <Opcode : 'dadd' 'dsub'> <InPorts = 2> <OutPorts = 1>

State 37 <SV = 18> <Delay = 8.23>
ST_37 : Operation 133 [2/5] (8.23ns)   --->   "%acc_2 = fadd double %acc, %tmp_8" [LAB1_FIR/.settings/fir.c:21]   --->   Operation 133 'dadd' 'acc_2' <Predicate = true> <Delay = 8.23> <Core = "DAddSub">   --->   Core 114 'DAddSub' <Latency = 4> <II = 1> <Delay = 8.23> <FuncUnit> <Opcode : 'dadd' 'dsub'> <InPorts = 2> <OutPorts = 1>

State 38 <SV = 19> <Delay = 8.23>
ST_38 : Operation 134 [1/5] (8.23ns)   --->   "%acc_2 = fadd double %acc, %tmp_8" [LAB1_FIR/.settings/fir.c:21]   --->   Operation 134 'dadd' 'acc_2' <Predicate = true> <Delay = 8.23> <Core = "DAddSub">   --->   Core 114 'DAddSub' <Latency = 4> <II = 1> <Delay = 8.23> <FuncUnit> <Opcode : 'dadd' 'dsub'> <InPorts = 2> <OutPorts = 1>
ST_38 : Operation 135 [1/1] (0.00ns)   --->   "call void @_ssdm_op_Write.ap_vld.doubleP(double* %out_r, double %acc_2) nounwind" [LAB1_FIR/.settings/fir.c:23]   --->   Operation 135 'write' <Predicate = true> <Delay = 0.00>
ST_38 : Operation 136 [1/1] (0.00ns)   --->   "ret void" [LAB1_FIR/.settings/fir.c:24]   --->   Operation 136 'ret' <Predicate = true> <Delay = 0.00>


============================================================
+ Verbose Summary: Binding
============================================================
STG Binding: 
---------------- STG Properties BEGIN ----------------
- Is combinational: 0
- Is one-state seq: 0
- Is datapath-only: 0
- Is pipelined: 0
- Is top level: 1
Port [ Return ] is wired: 1; IO mode=ap_ctrl_hs:ce=0
Port [ probe_in]:  wired=1; compound=0; hidden=0; nouse=0; global=0; static=0; extern=0; dir=0; type=0; pingpong=0; private_global=0; IO mode=ap_vld:ce=0
Port [ out_r]:  wired=1; compound=0; hidden=0; nouse=0; global=0; static=0; extern=0; dir=1; type=0; pingpong=0; private_global=0; IO mode=ap_vld:ce=0
Port [ coeff]:  wired=1; compound=1; hidden=0; nouse=0; global=0; static=0; extern=0; dir=0; type=1; pingpong=0; private_global=0; MemPort=[1]; IO mode=ap_memory:ce=0
Port [ data_in_0]:  wired=0; compound=0; hidden=1; nouse=0; global=1; static=1; extern=0; dir=2; type=0; pingpong=0; private_global=1; linkage=7; visibility=0; IO mode=ap_ovld:ce=0
Port [ data_in_1]:  wired=0; compound=0; hidden=1; nouse=0; global=1; static=1; extern=0; dir=2; type=0; pingpong=0; private_global=1; linkage=7; visibility=0; IO mode=ap_ovld:ce=0
Port [ data_in_2]:  wired=0; compound=0; hidden=1; nouse=0; global=1; static=1; extern=0; dir=2; type=0; pingpong=0; private_global=1; linkage=7; visibility=0; IO mode=ap_ovld:ce=0
Port [ data_in_3]:  wired=0; compound=0; hidden=1; nouse=0; global=1; static=1; extern=0; dir=2; type=0; pingpong=0; private_global=1; linkage=7; visibility=0; IO mode=ap_ovld:ce=0
Port [ data_in_4]:  wired=0; compound=0; hidden=1; nouse=0; global=1; static=1; extern=0; dir=2; type=0; pingpong=0; private_global=1; linkage=7; visibility=0; IO mode=ap_ovld:ce=0
Port [ data_in_5]:  wired=0; compound=0; hidden=1; nouse=0; global=1; static=1; extern=0; dir=2; type=0; pingpong=0; private_global=1; linkage=7; visibility=0; IO mode=ap_ovld:ce=0
Port [ data_in_6]:  wired=0; compound=0; hidden=1; nouse=0; global=1; static=1; extern=0; dir=2; type=0; pingpong=0; private_global=1; linkage=7; visibility=0; IO mode=ap_ovld:ce=0
Port [ data_in_7]:  wired=0; compound=0; hidden=1; nouse=0; global=1; static=1; extern=0; dir=2; type=0; pingpong=0; private_global=1; linkage=7; visibility=0; IO mode=ap_ovld:ce=0
Port [ data_in_8]:  wired=0; compound=0; hidden=1; nouse=0; global=1; static=1; extern=0; dir=2; type=0; pingpong=0; private_global=1; linkage=7; visibility=0; IO mode=ap_ovld:ce=0
---------------- STG Properties END ------------------

---------------- Datapath Model BEGIN ----------------

<LifeTime>
<method=bitvector/>
StgValue_39      (specbitsmap      ) [ 000000000000000000000000000000000000000]
StgValue_40      (specbitsmap      ) [ 000000000000000000000000000000000000000]
StgValue_41      (specbitsmap      ) [ 000000000000000000000000000000000000000]
probe_in_read    (read             ) [ 001111111111111111111111111111111100000]
coeff_addr       (getelementptr    ) [ 001111111111111111111100000000000000000]
StgValue_44      (spectopmodule    ) [ 000000000000000000000000000000000000000]
StgValue_45      (specmemcore      ) [ 000000000000000000000000000000000000000]
StgValue_46      (specinterface    ) [ 000000000000000000000000000000000000000]
StgValue_47      (specinterface    ) [ 000000000000000000000000000000000000000]
StgValue_48      (br               ) [ 011111111111111111111000000000000000000]
acc              (phi              ) [ 001111111111111111111111111111111111111]
i                (phi              ) [ 001111111111111111111000000000000000000]
tmp              (icmp             ) [ 001111111111111111111000000000000000000]
empty            (speclooptripcount) [ 000000000000000000000000000000000000000]
StgValue_53      (br               ) [ 000000000000000000000000000000000000000]
StgValue_54      (specloopname     ) [ 000000000000000000000000000000000000000]
i_1              (add              ) [ 011111111111111111111000000000000000000]
StgValue_56      (switch           ) [ 000000000000000000000000000000000000000]
data_in_7_load   (load             ) [ 000000000000000000000000000000000000000]
StgValue_58      (br               ) [ 000000000000000000000000000000000000000]
data_in_6_load   (load             ) [ 000000000000000000000000000000000000000]
StgValue_60      (br               ) [ 000000000000000000000000000000000000000]
data_in_5_load   (load             ) [ 000000000000000000000000000000000000000]
StgValue_62      (br               ) [ 000000000000000000000000000000000000000]
data_in_4_load   (load             ) [ 000000000000000000000000000000000000000]
StgValue_64      (br               ) [ 000000000000000000000000000000000000000]
data_in_3_load   (load             ) [ 000000000000000000000000000000000000000]
StgValue_66      (br               ) [ 000000000000000000000000000000000000000]
data_in_2_load   (load             ) [ 000000000000000000000000000000000000000]
StgValue_68      (br               ) [ 000000000000000000000000000000000000000]
data_in_1_load   (load             ) [ 000000000000000000000000000000000000000]
StgValue_70      (br               ) [ 000000000000000000000000000000000000000]
data_in_0_load   (load             ) [ 000000000000000000000000000000000000000]
StgValue_72      (br               ) [ 000000000000000000000000000000000000000]
data_in_8_load   (load             ) [ 000000000000000000000000000000000000000]
StgValue_74      (br               ) [ 000000000000000000000000000000000000000]
data_in_load_phi (phi              ) [ 000111111111111100000000000000000000000]
tmp_3            (zext             ) [ 000000000000000000000000000000000000000]
StgValue_77      (switch           ) [ 000000000000000000000000000000000000000]
StgValue_78      (store            ) [ 000000000000000000000000000000000000000]
StgValue_79      (br               ) [ 000000000000000000000000000000000000000]
StgValue_80      (store            ) [ 000000000000000000000000000000000000000]
StgValue_81      (br               ) [ 000000000000000000000000000000000000000]
StgValue_82      (store            ) [ 000000000000000000000000000000000000000]
StgValue_83      (br               ) [ 000000000000000000000000000000000000000]
StgValue_84      (store            ) [ 000000000000000000000000000000000000000]
StgValue_85      (br               ) [ 000000000000000000000000000000000000000]
StgValue_86      (store            ) [ 000000000000000000000000000000000000000]
StgValue_87      (br               ) [ 000000000000000000000000000000000000000]
StgValue_88      (store            ) [ 000000000000000000000000000000000000000]
StgValue_89      (br               ) [ 000000000000000000000000000000000000000]
StgValue_90      (store            ) [ 000000000000000000000000000000000000000]
StgValue_91      (br               ) [ 000000000000000000000000000000000000000]
StgValue_92      (store            ) [ 000000000000000000000000000000000000000]
StgValue_93      (br               ) [ 000000000000000000000000000000000000000]
coeff_addr_1     (getelementptr    ) [ 000100000000000000000000000000000000000]
StgValue_96      (store            ) [ 000000000000000000000000000000000000000]
coeff_load       (load             ) [ 000011111100000000000000000000000000000]
tmp_4            (sitodp           ) [ 000000000011111100000000000000000000000]
tmp_5            (dmul             ) [ 000000000000000011111000000000000000000]
acc_1            (dadd             ) [ 011111111111111111111000000000000000000]
StgValue_116     (br               ) [ 011111111111111111111000000000000000000]
coeff_load_1     (load             ) [ 000000000000000000000011111100000000000]
tmp_7            (sitodp           ) [ 000000000000000000000000000011111100000]
tmp_8            (dmul             ) [ 000000000000000000000000000000000011111]
acc_2            (dadd             ) [ 000000000000000000000000000000000000000]
StgValue_135     (write            ) [ 000000000000000000000000000000000000000]
StgValue_136     (ret              ) [ 000000000000000000000000000000000000000]
</LifeTime>

<model>

<comp_list>
<comp id="0" class="1000" name="probe_in">
<pin_list>
<pin id="1" dir="1" index="0" bw="1" slack="0"/>
</pin_list>
<bind>
<StgValue><ssdm name="probe_in"/></StgValue>
</bind>
</comp>

<comp id="2" class="1000" name="out_r">
<pin_list>
<pin id="3" dir="1" index="0" bw="1" slack="0"/>
</pin_list>
<bind>
<StgValue><ssdm name="out_r"/></StgValue>
</bind>
</comp>

<comp id="4" class="1000" name="coeff">
<pin_list>
<pin id="5" dir="1" index="0" bw="1" slack="0"/>
</pin_list>
<bind>
<StgValue><ssdm name="coeff"/><MemPortTyVec>1 </MemPortTyVec>
</StgValue>
</bind>
</comp>

<comp id="6" class="1000" name="data_in_0">
<pin_list>
<pin id="7" dir="1" index="0" bw="1" slack="0"/>
</pin_list>
<bind>
<StgValue><ssdm name="data_in_0"/></StgValue>
</bind>
</comp>

<comp id="8" class="1000" name="data_in_1">
<pin_list>
<pin id="9" dir="1" index="0" bw="1" slack="0"/>
</pin_list>
<bind>
<StgValue><ssdm name="data_in_1"/></StgValue>
</bind>
</comp>

<comp id="10" class="1000" name="data_in_2">
<pin_list>
<pin id="11" dir="1" index="0" bw="1" slack="0"/>
</pin_list>
<bind>
<StgValue><ssdm name="data_in_2"/></StgValue>
</bind>
</comp>

<comp id="12" class="1000" name="data_in_3">
<pin_list>
<pin id="13" dir="1" index="0" bw="1" slack="0"/>
</pin_list>
<bind>
<StgValue><ssdm name="data_in_3"/></StgValue>
</bind>
</comp>

<comp id="14" class="1000" name="data_in_4">
<pin_list>
<pin id="15" dir="1" index="0" bw="1" slack="0"/>
</pin_list>
<bind>
<StgValue><ssdm name="data_in_4"/></StgValue>
</bind>
</comp>

<comp id="16" class="1000" name="data_in_5">
<pin_list>
<pin id="17" dir="1" index="0" bw="1" slack="0"/>
</pin_list>
<bind>
<StgValue><ssdm name="data_in_5"/></StgValue>
</bind>
</comp>

<comp id="18" class="1000" name="data_in_6">
<pin_list>
<pin id="19" dir="1" index="0" bw="1" slack="0"/>
</pin_list>
<bind>
<StgValue><ssdm name="data_in_6"/></StgValue>
</bind>
</comp>

<comp id="20" class="1000" name="data_in_7">
<pin_list>
<pin id="21" dir="1" index="0" bw="1" slack="0"/>
</pin_list>
<bind>
<StgValue><ssdm name="data_in_7"/></StgValue>
</bind>
</comp>

<comp id="22" class="1000" name="data_in_8">
<pin_list>
<pin id="23" dir="1" index="0" bw="1" slack="0"/>
</pin_list>
<bind>
<StgValue><ssdm name="data_in_8"/></StgValue>
</bind>
</comp>

<comp id="24" class="1001" name="const_24">
<pin_list>
<pin id="25" dir="1" index="0" bw="1" slack="2147483647"/>
</pin_list>
<bind>
<StgValue><ssdm name="_ssdm_op_SpecBitsMap"/></StgValue>
</bind>
</comp>

<comp id="26" class="1001" name="const_26">
<pin_list>
<pin id="27" dir="1" index="0" bw="1" slack="0"/>
</pin_list>
<bind>
<StgValue><ssdm name="_ssdm_op_Read.ap_vld.double"/></StgValue>
</bind>
</comp>

<comp id="28" class="1001" name="const_28">
<pin_list>
<pin id="29" dir="1" index="0" bw="1" slack="0"/>
</pin_list>
<bind>
<StgValue><ssdm name=""/></StgValue>
</bind>
</comp>

<comp id="30" class="1001" name="const_30">
<pin_list>
<pin id="31" dir="1" index="0" bw="1" slack="2147483647"/>
</pin_list>
<bind>
<StgValue><ssdm name="_ssdm_op_SpecTopModule"/></StgValue>
</bind>
</comp>

<comp id="32" class="1001" name="const_32">
<pin_list>
<pin id="33" dir="1" index="0" bw="1" slack="2147483647"/>
</pin_list>
<bind>
<StgValue><ssdm name="fir_str"/></StgValue>
</bind>
</comp>

<comp id="34" class="1001" name="const_34">
<pin_list>
<pin id="35" dir="1" index="0" bw="1" slack="2147483647"/>
</pin_list>
<bind>
<StgValue><ssdm name="_ssdm_op_SpecMemCore"/></StgValue>
</bind>
</comp>

<comp id="36" class="1001" name="const_36">
<pin_list>
<pin id="37" dir="1" index="0" bw="1" slack="2147483647"/>
</pin_list>
<bind>
<StgValue><ssdm name="p_str"/></StgValue>
</bind>
</comp>

<comp id="38" class="1001" name="const_38">
<pin_list>
<pin id="39" dir="1" index="0" bw="1" slack="2147483647"/>
</pin_list>
<bind>
<StgValue><ssdm name="p_str1"/></StgValue>
</bind>
</comp>

<comp id="40" class="1001" name="const_40">
<pin_list>
<pin id="41" dir="1" index="0" bw="1" slack="2147483647"/>
</pin_list>
<bind>
<StgValue><ssdm name=""/></StgValue>
</bind>
</comp>

<comp id="42" class="1001" name="const_42">
<pin_list>
<pin id="43" dir="1" index="0" bw="1" slack="2147483647"/>
</pin_list>
<bind>
<StgValue><ssdm name="_ssdm_op_SpecInterface"/></StgValue>
</bind>
</comp>

<comp id="44" class="1001" name="const_44">
<pin_list>
<pin id="45" dir="1" index="0" bw="1" slack="2147483647"/>
</pin_list>
<bind>
<StgValue><ssdm name="p_str2"/></StgValue>
</bind>
</comp>

<comp id="46" class="1001" name="const_46">
<pin_list>
<pin id="47" dir="1" index="0" bw="1" slack="2147483647"/>
</pin_list>
<bind>
<StgValue><ssdm name=""/></StgValue>
</bind>
</comp>

<comp id="48" class="1001" name="const_48">
<pin_list>
<pin id="49" dir="1" index="0" bw="1" slack="1"/>
</pin_list>
<bind>
<StgValue><ssdm name=""/></StgValue>
</bind>
</comp>

<comp id="50" class="1001" name="const_50">
<pin_list>
<pin id="51" dir="1" index="0" bw="1" slack="1"/>
</pin_list>
<bind>
<StgValue><ssdm name=""/></StgValue>
</bind>
</comp>

<comp id="52" class="1001" name="const_52">
<pin_list>
<pin id="53" dir="1" index="0" bw="1" slack="0"/>
</pin_list>
<bind>
<StgValue><ssdm name=""/></StgValue>
</bind>
</comp>

<comp id="54" class="1001" name="const_54">
<pin_list>
<pin id="55" dir="1" index="0" bw="1" slack="2147483647"/>
</pin_list>
<bind>
<StgValue><ssdm name="_ssdm_op_SpecLoopTripCount"/></StgValue>
</bind>
</comp>

<comp id="56" class="1001" name="const_56">
<pin_list>
<pin id="57" dir="1" index="0" bw="1" slack="2147483647"/>
</pin_list>
<bind>
<StgValue><ssdm name=""/></StgValue>
</bind>
</comp>

<comp id="58" class="1001" name="const_58">
<pin_list>
<pin id="59" dir="1" index="0" bw="1" slack="2147483647"/>
</pin_list>
<bind>
<StgValue><ssdm name="_ssdm_op_SpecLoopName"/></StgValue>
</bind>
</comp>

<comp id="60" class="1001" name="const_60">
<pin_list>
<pin id="61" dir="1" index="0" bw="1" slack="2147483647"/>
</pin_list>
<bind>
<StgValue><ssdm name="p_str4"/></StgValue>
</bind>
</comp>

<comp id="62" class="1001" name="const_62">
<pin_list>
<pin id="63" dir="1" index="0" bw="1" slack="0"/>
</pin_list>
<bind>
<StgValue><ssdm name=""/></StgValue>
</bind>
</comp>

<comp id="64" class="1001" name="const_64">
<pin_list>
<pin id="65" dir="1" index="0" bw="1" slack="2147483647"/>
</pin_list>
<bind>
<StgValue><ssdm name=""/></StgValue>
</bind>
</comp>

<comp id="66" class="1001" name="const_66">
<pin_list>
<pin id="67" dir="1" index="0" bw="1" slack="2147483647"/>
</pin_list>
<bind>
<StgValue><ssdm name=""/></StgValue>
</bind>
</comp>

<comp id="68" class="1001" name="const_68">
<pin_list>
<pin id="69" dir="1" index="0" bw="1" slack="2147483647"/>
</pin_list>
<bind>
<StgValue><ssdm name=""/></StgValue>
</bind>
</comp>

<comp id="70" class="1001" name="const_70">
<pin_list>
<pin id="71" dir="1" index="0" bw="1" slack="2147483647"/>
</pin_list>
<bind>
<StgValue><ssdm name=""/></StgValue>
</bind>
</comp>

<comp id="72" class="1001" name="const_72">
<pin_list>
<pin id="73" dir="1" index="0" bw="1" slack="2147483647"/>
</pin_list>
<bind>
<StgValue><ssdm name=""/></StgValue>
</bind>
</comp>

<comp id="74" class="1001" name="const_74">
<pin_list>
<pin id="75" dir="1" index="0" bw="1" slack="2147483647"/>
</pin_list>
<bind>
<StgValue><ssdm name=""/></StgValue>
</bind>
</comp>

<comp id="76" class="1001" name="const_76">
<pin_list>
<pin id="77" dir="1" index="0" bw="1" slack="2147483647"/>
</pin_list>
<bind>
<StgValue><ssdm name=""/></StgValue>
</bind>
</comp>

<comp id="78" class="1001" name="const_78">
<pin_list>
<pin id="79" dir="1" index="0" bw="1" slack="2147483647"/>
</pin_list>
<bind>
<StgValue><ssdm name=""/></StgValue>
</bind>
</comp>

<comp id="80" class="1001" name="const_80">
<pin_list>
<pin id="81" dir="1" index="0" bw="1" slack="0"/>
</pin_list>
<bind>
<StgValue><ssdm name="_ssdm_op_Write.ap_vld.doubleP"/></StgValue>
</bind>
</comp>

<comp id="82" class="1004" name="probe_in_read_read_fu_82">
<pin_list>
<pin id="83" dir="0" index="0" bw="64" slack="0"/>
<pin id="84" dir="0" index="1" bw="64" slack="0"/>
<pin id="85" dir="1" index="2" bw="64" slack="1"/>
</pin_list>
<bind>
<opcode="read(1150) " fcode="read"/>
<opset="probe_in_read/1 "/>
</bind>
</comp>

<comp id="88" class="1004" name="StgValue_135_write_fu_88">
<pin_list>
<pin id="89" dir="0" index="0" bw="0" slack="0"/>
<pin id="90" dir="0" index="1" bw="64" slack="0"/>
<pin id="91" dir="0" index="2" bw="64" slack="0"/>
<pin id="92" dir="1" index="3" bw="0" slack="2147483647"/>
</pin_list>
<bind>
<opcode="write(1151) " fcode="write"/>
<opset="StgValue_135/38 "/>
</bind>
</comp>

<comp id="95" class="1004" name="coeff_addr_gep_fu_95">
<pin_list>
<pin id="96" dir="0" index="0" bw="32" slack="0"/>
<pin id="97" dir="0" index="1" bw="1" slack="0"/>
<pin id="98" dir="0" index="2" bw="1" slack="0"/>
<pin id="99" dir="1" index="3" bw="4" slack="1"/>
</pin_list>
<bind>
<opcode="getelementptr(29) " fcode="getelementptr"/>
<opset="coeff_addr/1 "/>
</bind>
</comp>

<comp id="103" class="1004" name="coeff_addr_1_gep_fu_103">
<pin_list>
<pin id="104" dir="0" index="0" bw="32" slack="0"/>
<pin id="105" dir="0" index="1" bw="1" slack="0"/>
<pin id="106" dir="0" index="2" bw="4" slack="0"/>
<pin id="107" dir="1" index="3" bw="4" slack="0"/>
</pin_list>
<bind>
<opcode="getelementptr(29) " fcode="getelementptr"/>
<opset="coeff_addr_1/2 "/>
</bind>
</comp>

<comp id="110" class="1004" name="grp_access_fu_110">
<pin_list>
<pin id="111" dir="0" index="0" bw="4" slack="0"/>
<pin id="112" dir="0" index="1" bw="32" slack="2147483647"/>
<pin id="113" dir="0" index="2" bw="0" slack="2147483647"/>
<pin id="114" dir="1" index="3" bw="32" slack="1"/>
</pin_list>
<bind>
<opcode="load(27) " fcode="load"/>
<opset="coeff_load/2 coeff_load_1/2 "/>
</bind>
</comp>

<comp id="116" class="1005" name="acc_reg_116">
<pin_list>
<pin id="117" dir="0" index="0" bw="64" slack="1"/>
<pin id="118" dir="1" index="1" bw="64" slack="1"/>
</pin_list>
<bind>
<opset="acc (phireg) "/>
</bind>
</comp>

<comp id="120" class="1004" name="acc_phi_fu_120">
<pin_list>
<pin id="121" dir="0" index="0" bw="64" slack="1"/>
<pin id="122" dir="0" index="1" bw="0" slack="2147483647"/>
<pin id="123" dir="0" index="2" bw="64" slack="1"/>
<pin id="124" dir="0" index="3" bw="0" slack="2147483647"/>
<pin id="125" dir="1" index="4" bw="64" slack="14"/>
</pin_list>
<bind>
<opcode="phi(47) " fcode="phi"/>
<opset="acc/2 "/>
</bind>
</comp>

<comp id="128" class="1005" name="i_reg_128">
<pin_list>
<pin id="129" dir="0" index="0" bw="4" slack="1"/>
<pin id="130" dir="1" index="1" bw="4" slack="1"/>
</pin_list>
<bind>
<opset="i (phireg) "/>
</bind>
</comp>

<comp id="132" class="1004" name="i_phi_fu_132">
<pin_list>
<pin id="133" dir="0" index="0" bw="4" slack="1"/>
<pin id="134" dir="0" index="1" bw="0" slack="2147483647"/>
<pin id="135" dir="0" index="2" bw="4" slack="0"/>
<pin id="136" dir="0" index="3" bw="0" slack="2147483647"/>
<pin id="137" dir="1" index="4" bw="4" slack="0"/>
</pin_list>
<bind>
<opcode="phi(47) " fcode="phi"/>
<opset="i/2 "/>
</bind>
</comp>

<comp id="139" class="1005" name="data_in_load_phi_reg_139">
<pin_list>
<pin id="140" dir="0" index="0" bw="64" slack="8"/>
<pin id="141" dir="1" index="1" bw="64" slack="8"/>
</pin_list>
<bind>
<opset="data_in_load_phi (phireg) "/>
</bind>
</comp>

<comp id="142" class="1004" name="data_in_load_phi_phi_fu_142">
<pin_list>
<pin id="143" dir="0" index="0" bw="64" slack="0"/>
<pin id="144" dir="0" index="1" bw="0" slack="2147483647"/>
<pin id="145" dir="0" index="2" bw="64" slack="0"/>
<pin id="146" dir="0" index="3" bw="0" slack="2147483647"/>
<pin id="147" dir="0" index="4" bw="64" slack="0"/>
<pin id="148" dir="0" index="5" bw="0" slack="2147483647"/>
<pin id="149" dir="0" index="6" bw="64" slack="0"/>
<pin id="150" dir="0" index="7" bw="0" slack="2147483647"/>
<pin id="151" dir="0" index="8" bw="64" slack="0"/>
<pin id="152" dir="0" index="9" bw="0" slack="2147483647"/>
<pin id="153" dir="0" index="10" bw="64" slack="0"/>
<pin id="154" dir="0" index="11" bw="0" slack="2147483647"/>
<pin id="155" dir="0" index="12" bw="64" slack="0"/>
<pin id="156" dir="0" index="13" bw="0" slack="2147483647"/>
<pin id="157" dir="0" index="14" bw="64" slack="0"/>
<pin id="158" dir="0" index="15" bw="0" slack="2147483647"/>
<pin id="159" dir="0" index="16" bw="64" slack="0"/>
<pin id="160" dir="0" index="17" bw="0" slack="2147483647"/>
<pin id="161" dir="1" index="18" bw="64" slack="0"/>
</pin_list>
<bind>
<opcode="phi(47) " fcode="phi"/>
<opset="data_in_load_phi/2 "/>
</bind>
</comp>

<comp id="163" class="1004" name="grp_fu_163">
<pin_list>
<pin id="164" dir="0" index="0" bw="64" slack="14"/>
<pin id="165" dir="0" index="1" bw="64" slack="1"/>
<pin id="166" dir="1" index="2" bw="64" slack="0"/>
</pin_list>
<bind>
<opcode="dadd(508) " fcode="dadd"/>
<opset="acc_1/16 acc_2/34 "/>
</bind>
</comp>

<comp id="169" class="1004" name="grp_fu_169">
<pin_list>
<pin id="170" dir="0" index="0" bw="64" slack="1"/>
<pin id="171" dir="0" index="1" bw="64" slack="1"/>
<pin id="172" dir="1" index="2" bw="64" slack="1"/>
</pin_list>
<bind>
<opcode="dmul(510) " fcode="dmul"/>
<opset="tmp_5/10 tmp_8/28 "/>
</bind>
</comp>

<comp id="174" class="1004" name="grp_fu_174">
<pin_list>
<pin id="175" dir="0" index="0" bw="32" slack="1"/>
<pin id="176" dir="1" index="1" bw="64" slack="1"/>
</pin_list>
<bind>
<opcode="sitodp(517) " fcode="sitodp"/>
<opset="tmp_4/4 tmp_7/22 "/>
</bind>
</comp>

<comp id="177" class="1005" name="reg_177">
<pin_list>
<pin id="178" dir="0" index="0" bw="32" slack="1"/>
<pin id="179" dir="1" index="1" bw="32" slack="1"/>
</pin_list>
<bind>
<opset="coeff_load coeff_load_1 "/>
</bind>
</comp>

<comp id="182" class="1005" name="reg_182">
<pin_list>
<pin id="183" dir="0" index="0" bw="64" slack="1"/>
<pin id="184" dir="1" index="1" bw="64" slack="1"/>
</pin_list>
<bind>
<opset="tmp_4 tmp_7 "/>
</bind>
</comp>

<comp id="188" class="1005" name="reg_188">
<pin_list>
<pin id="189" dir="0" index="0" bw="64" slack="1"/>
<pin id="190" dir="1" index="1" bw="64" slack="1"/>
</pin_list>
<bind>
<opset="tmp_5 tmp_8 "/>
</bind>
</comp>

<comp id="193" class="1004" name="tmp_fu_193">
<pin_list>
<pin id="194" dir="0" index="0" bw="4" slack="0"/>
<pin id="195" dir="0" index="1" bw="1" slack="0"/>
<pin id="196" dir="1" index="2" bw="1" slack="2147483647"/>
</pin_list>
<bind>
<opcode="icmp(45) " fcode="icmp"/>
<opset="tmp/2 "/>
</bind>
</comp>

<comp id="199" class="1004" name="i_1_fu_199">
<pin_list>
<pin id="200" dir="0" index="0" bw="4" slack="0"/>
<pin id="201" dir="0" index="1" bw="1" slack="0"/>
<pin id="202" dir="1" index="2" bw="4" slack="0"/>
</pin_list>
<bind>
<opcode="add(8) " fcode="add"/>
<opset="i_1/2 "/>
</bind>
</comp>

<comp id="205" class="1004" name="data_in_7_load_load_fu_205">
<pin_list>
<pin id="206" dir="0" index="0" bw="64" slack="0"/>
<pin id="207" dir="1" index="1" bw="64" slack="0"/>
</pin_list>
<bind>
<opcode="load(27) " fcode="load"/>
<opset="data_in_7_load/2 "/>
</bind>
</comp>

<comp id="210" class="1004" name="data_in_6_load_load_fu_210">
<pin_list>
<pin id="211" dir="0" index="0" bw="64" slack="0"/>
<pin id="212" dir="1" index="1" bw="64" slack="0"/>
</pin_list>
<bind>
<opcode="load(27) " fcode="load"/>
<opset="data_in_6_load/2 "/>
</bind>
</comp>

<comp id="215" class="1004" name="data_in_5_load_load_fu_215">
<pin_list>
<pin id="216" dir="0" index="0" bw="64" slack="0"/>
<pin id="217" dir="1" index="1" bw="64" slack="0"/>
</pin_list>
<bind>
<opcode="load(27) " fcode="load"/>
<opset="data_in_5_load/2 "/>
</bind>
</comp>

<comp id="220" class="1004" name="data_in_4_load_load_fu_220">
<pin_list>
<pin id="221" dir="0" index="0" bw="64" slack="0"/>
<pin id="222" dir="1" index="1" bw="64" slack="0"/>
</pin_list>
<bind>
<opcode="load(27) " fcode="load"/>
<opset="data_in_4_load/2 "/>
</bind>
</comp>

<comp id="225" class="1004" name="data_in_3_load_load_fu_225">
<pin_list>
<pin id="226" dir="0" index="0" bw="64" slack="0"/>
<pin id="227" dir="1" index="1" bw="64" slack="0"/>
</pin_list>
<bind>
<opcode="load(27) " fcode="load"/>
<opset="data_in_3_load/2 "/>
</bind>
</comp>

<comp id="230" class="1004" name="data_in_2_load_load_fu_230">
<pin_list>
<pin id="231" dir="0" index="0" bw="64" slack="0"/>
<pin id="232" dir="1" index="1" bw="64" slack="0"/>
</pin_list>
<bind>
<opcode="load(27) " fcode="load"/>
<opset="data_in_2_load/2 "/>
</bind>
</comp>

<comp id="235" class="1004" name="data_in_1_load_load_fu_235">
<pin_list>
<pin id="236" dir="0" index="0" bw="64" slack="0"/>
<pin id="237" dir="1" index="1" bw="64" slack="0"/>
</pin_list>
<bind>
<opcode="load(27) " fcode="load"/>
<opset="data_in_1_load/2 "/>
</bind>
</comp>

<comp id="240" class="1004" name="data_in_0_load_load_fu_240">
<pin_list>
<pin id="241" dir="0" index="0" bw="64" slack="0"/>
<pin id="242" dir="1" index="1" bw="64" slack="0"/>
</pin_list>
<bind>
<opcode="load(27) " fcode="load"/>
<opset="data_in_0_load/2 "/>
</bind>
</comp>

<comp id="245" class="1004" name="data_in_8_load_load_fu_245">
<pin_list>
<pin id="246" dir="0" index="0" bw="64" slack="0"/>
<pin id="247" dir="1" index="1" bw="64" slack="0"/>
</pin_list>
<bind>
<opcode="load(27) " fcode="load"/>
<opset="data_in_8_load/2 "/>
</bind>
</comp>

<comp id="250" class="1004" name="tmp_3_fu_250">
<pin_list>
<pin id="251" dir="0" index="0" bw="4" slack="0"/>
<pin id="252" dir="1" index="1" bw="64" slack="0"/>
</pin_list>
<bind>
<opcode="zext(34) " fcode="zext"/>
<opset="tmp_3/2 "/>
</bind>
</comp>

<comp id="255" class="1004" name="StgValue_78_store_fu_255">
<pin_list>
<pin id="256" dir="0" index="0" bw="64" slack="0"/>
<pin id="257" dir="0" index="1" bw="64" slack="0"/>
<pin id="258" dir="1" index="2" bw="0" slack="2147483647"/>
</pin_list>
<bind>
<opcode="store(28) " fcode="store"/>
<opset="StgValue_78/2 "/>
</bind>
</comp>

<comp id="261" class="1004" name="StgValue_80_store_fu_261">
<pin_list>
<pin id="262" dir="0" index="0" bw="64" slack="0"/>
<pin id="263" dir="0" index="1" bw="64" slack="0"/>
<pin id="264" dir="1" index="2" bw="0" slack="2147483647"/>
</pin_list>
<bind>
<opcode="store(28) " fcode="store"/>
<opset="StgValue_80/2 "/>
</bind>
</comp>

<comp id="267" class="1004" name="StgValue_82_store_fu_267">
<pin_list>
<pin id="268" dir="0" index="0" bw="64" slack="0"/>
<pin id="269" dir="0" index="1" bw="64" slack="0"/>
<pin id="270" dir="1" index="2" bw="0" slack="2147483647"/>
</pin_list>
<bind>
<opcode="store(28) " fcode="store"/>
<opset="StgValue_82/2 "/>
</bind>
</comp>

<comp id="273" class="1004" name="StgValue_84_store_fu_273">
<pin_list>
<pin id="274" dir="0" index="0" bw="64" slack="0"/>
<pin id="275" dir="0" index="1" bw="64" slack="0"/>
<pin id="276" dir="1" index="2" bw="0" slack="2147483647"/>
</pin_list>
<bind>
<opcode="store(28) " fcode="store"/>
<opset="StgValue_84/2 "/>
</bind>
</comp>

<comp id="279" class="1004" name="StgValue_86_store_fu_279">
<pin_list>
<pin id="280" dir="0" index="0" bw="64" slack="0"/>
<pin id="281" dir="0" index="1" bw="64" slack="0"/>
<pin id="282" dir="1" index="2" bw="0" slack="2147483647"/>
</pin_list>
<bind>
<opcode="store(28) " fcode="store"/>
<opset="StgValue_86/2 "/>
</bind>
</comp>

<comp id="285" class="1004" name="StgValue_88_store_fu_285">
<pin_list>
<pin id="286" dir="0" index="0" bw="64" slack="0"/>
<pin id="287" dir="0" index="1" bw="64" slack="0"/>
<pin id="288" dir="1" index="2" bw="0" slack="2147483647"/>
</pin_list>
<bind>
<opcode="store(28) " fcode="store"/>
<opset="StgValue_88/2 "/>
</bind>
</comp>

<comp id="291" class="1004" name="StgValue_90_store_fu_291">
<pin_list>
<pin id="292" dir="0" index="0" bw="64" slack="0"/>
<pin id="293" dir="0" index="1" bw="64" slack="0"/>
<pin id="294" dir="1" index="2" bw="0" slack="2147483647"/>
</pin_list>
<bind>
<opcode="store(28) " fcode="store"/>
<opset="StgValue_90/2 "/>
</bind>
</comp>

<comp id="297" class="1004" name="StgValue_92_store_fu_297">
<pin_list>
<pin id="298" dir="0" index="0" bw="64" slack="0"/>
<pin id="299" dir="0" index="1" bw="64" slack="0"/>
<pin id="300" dir="1" index="2" bw="0" slack="2147483647"/>
</pin_list>
<bind>
<opcode="store(28) " fcode="store"/>
<opset="StgValue_92/2 "/>
</bind>
</comp>

<comp id="303" class="1004" name="StgValue_96_store_fu_303">
<pin_list>
<pin id="304" dir="0" index="0" bw="64" slack="1"/>
<pin id="305" dir="0" index="1" bw="64" slack="0"/>
<pin id="306" dir="1" index="2" bw="0" slack="2147483647"/>
</pin_list>
<bind>
<opcode="store(28) " fcode="store"/>
<opset="StgValue_96/2 "/>
</bind>
</comp>

<comp id="308" class="1005" name="probe_in_read_reg_308">
<pin_list>
<pin id="309" dir="0" index="0" bw="64" slack="1"/>
<pin id="310" dir="1" index="1" bw="64" slack="1"/>
</pin_list>
<bind>
<opset="probe_in_read "/>
</bind>
</comp>

<comp id="314" class="1005" name="coeff_addr_reg_314">
<pin_list>
<pin id="315" dir="0" index="0" bw="4" slack="1"/>
<pin id="316" dir="1" index="1" bw="4" slack="1"/>
</pin_list>
<bind>
<opset="coeff_addr "/>
</bind>
</comp>

<comp id="322" class="1005" name="i_1_reg_322">
<pin_list>
<pin id="323" dir="0" index="0" bw="4" slack="0"/>
<pin id="324" dir="1" index="1" bw="4" slack="0"/>
</pin_list>
<bind>
<opset="i_1 "/>
</bind>
</comp>

<comp id="327" class="1005" name="coeff_addr_1_reg_327">
<pin_list>
<pin id="328" dir="0" index="0" bw="4" slack="1"/>
<pin id="329" dir="1" index="1" bw="4" slack="1"/>
</pin_list>
<bind>
<opset="coeff_addr_1 "/>
</bind>
</comp>

<comp id="332" class="1005" name="acc_1_reg_332">
<pin_list>
<pin id="333" dir="0" index="0" bw="64" slack="1"/>
<pin id="334" dir="1" index="1" bw="64" slack="1"/>
</pin_list>
<bind>
<opset="acc_1 "/>
</bind>
</comp>

</comp_list>

<net_list>
<net id="86"><net_src comp="26" pin="0"/><net_sink comp="82" pin=0"/></net>

<net id="87"><net_src comp="0" pin="0"/><net_sink comp="82" pin=1"/></net>

<net id="93"><net_src comp="80" pin="0"/><net_sink comp="88" pin=0"/></net>

<net id="94"><net_src comp="2" pin="0"/><net_sink comp="88" pin=1"/></net>

<net id="100"><net_src comp="4" pin="0"/><net_sink comp="95" pin=0"/></net>

<net id="101"><net_src comp="28" pin="0"/><net_sink comp="95" pin=1"/></net>

<net id="102"><net_src comp="28" pin="0"/><net_sink comp="95" pin=2"/></net>

<net id="108"><net_src comp="4" pin="0"/><net_sink comp="103" pin=0"/></net>

<net id="109"><net_src comp="28" pin="0"/><net_sink comp="103" pin=1"/></net>

<net id="115"><net_src comp="103" pin="3"/><net_sink comp="110" pin=0"/></net>

<net id="119"><net_src comp="48" pin="0"/><net_sink comp="116" pin=0"/></net>

<net id="126"><net_src comp="116" pin="1"/><net_sink comp="120" pin=0"/></net>

<net id="127"><net_src comp="120" pin="4"/><net_sink comp="116" pin=0"/></net>

<net id="131"><net_src comp="50" pin="0"/><net_sink comp="128" pin=0"/></net>

<net id="138"><net_src comp="128" pin="1"/><net_sink comp="132" pin=0"/></net>

<net id="162"><net_src comp="142" pin="18"/><net_sink comp="139" pin=0"/></net>

<net id="167"><net_src comp="116" pin="1"/><net_sink comp="163" pin=0"/></net>

<net id="168"><net_src comp="163" pin="2"/><net_sink comp="88" pin=2"/></net>

<net id="173"><net_src comp="139" pin="1"/><net_sink comp="169" pin=0"/></net>

<net id="180"><net_src comp="110" pin="3"/><net_sink comp="177" pin=0"/></net>

<net id="181"><net_src comp="177" pin="1"/><net_sink comp="174" pin=0"/></net>

<net id="185"><net_src comp="174" pin="1"/><net_sink comp="182" pin=0"/></net>

<net id="186"><net_src comp="182" pin="1"/><net_sink comp="169" pin=1"/></net>

<net id="187"><net_src comp="182" pin="1"/><net_sink comp="169" pin=0"/></net>

<net id="191"><net_src comp="169" pin="2"/><net_sink comp="188" pin=0"/></net>

<net id="192"><net_src comp="188" pin="1"/><net_sink comp="163" pin=1"/></net>

<net id="197"><net_src comp="132" pin="4"/><net_sink comp="193" pin=0"/></net>

<net id="198"><net_src comp="52" pin="0"/><net_sink comp="193" pin=1"/></net>

<net id="203"><net_src comp="132" pin="4"/><net_sink comp="199" pin=0"/></net>

<net id="204"><net_src comp="62" pin="0"/><net_sink comp="199" pin=1"/></net>

<net id="208"><net_src comp="20" pin="0"/><net_sink comp="205" pin=0"/></net>

<net id="209"><net_src comp="205" pin="1"/><net_sink comp="142" pin=14"/></net>

<net id="213"><net_src comp="18" pin="0"/><net_sink comp="210" pin=0"/></net>

<net id="214"><net_src comp="210" pin="1"/><net_sink comp="142" pin=12"/></net>

<net id="218"><net_src comp="16" pin="0"/><net_sink comp="215" pin=0"/></net>

<net id="219"><net_src comp="215" pin="1"/><net_sink comp="142" pin=10"/></net>

<net id="223"><net_src comp="14" pin="0"/><net_sink comp="220" pin=0"/></net>

<net id="224"><net_src comp="220" pin="1"/><net_sink comp="142" pin=8"/></net>

<net id="228"><net_src comp="12" pin="0"/><net_sink comp="225" pin=0"/></net>

<net id="229"><net_src comp="225" pin="1"/><net_sink comp="142" pin=6"/></net>

<net id="233"><net_src comp="10" pin="0"/><net_sink comp="230" pin=0"/></net>

<net id="234"><net_src comp="230" pin="1"/><net_sink comp="142" pin=4"/></net>

<net id="238"><net_src comp="8" pin="0"/><net_sink comp="235" pin=0"/></net>

<net id="239"><net_src comp="235" pin="1"/><net_sink comp="142" pin=2"/></net>

<net id="243"><net_src comp="6" pin="0"/><net_sink comp="240" pin=0"/></net>

<net id="244"><net_src comp="240" pin="1"/><net_sink comp="142" pin=0"/></net>

<net id="248"><net_src comp="22" pin="0"/><net_sink comp="245" pin=0"/></net>

<net id="249"><net_src comp="245" pin="1"/><net_sink comp="142" pin=16"/></net>

<net id="253"><net_src comp="132" pin="4"/><net_sink comp="250" pin=0"/></net>

<net id="254"><net_src comp="250" pin="1"/><net_sink comp="103" pin=2"/></net>

<net id="259"><net_src comp="142" pin="18"/><net_sink comp="255" pin=0"/></net>

<net id="260"><net_src comp="22" pin="0"/><net_sink comp="255" pin=1"/></net>

<net id="265"><net_src comp="142" pin="18"/><net_sink comp="261" pin=0"/></net>

<net id="266"><net_src comp="20" pin="0"/><net_sink comp="261" pin=1"/></net>

<net id="271"><net_src comp="142" pin="18"/><net_sink comp="267" pin=0"/></net>

<net id="272"><net_src comp="18" pin="0"/><net_sink comp="267" pin=1"/></net>

<net id="277"><net_src comp="142" pin="18"/><net_sink comp="273" pin=0"/></net>

<net id="278"><net_src comp="16" pin="0"/><net_sink comp="273" pin=1"/></net>

<net id="283"><net_src comp="142" pin="18"/><net_sink comp="279" pin=0"/></net>

<net id="284"><net_src comp="14" pin="0"/><net_sink comp="279" pin=1"/></net>

<net id="289"><net_src comp="142" pin="18"/><net_sink comp="285" pin=0"/></net>

<net id="290"><net_src comp="12" pin="0"/><net_sink comp="285" pin=1"/></net>

<net id="295"><net_src comp="142" pin="18"/><net_sink comp="291" pin=0"/></net>

<net id="296"><net_src comp="10" pin="0"/><net_sink comp="291" pin=1"/></net>

<net id="301"><net_src comp="142" pin="18"/><net_sink comp="297" pin=0"/></net>

<net id="302"><net_src comp="8" pin="0"/><net_sink comp="297" pin=1"/></net>

<net id="307"><net_src comp="6" pin="0"/><net_sink comp="303" pin=1"/></net>

<net id="311"><net_src comp="82" pin="2"/><net_sink comp="308" pin=0"/></net>

<net id="312"><net_src comp="308" pin="1"/><net_sink comp="303" pin=0"/></net>

<net id="313"><net_src comp="308" pin="1"/><net_sink comp="169" pin=1"/></net>

<net id="317"><net_src comp="95" pin="3"/><net_sink comp="314" pin=0"/></net>

<net id="318"><net_src comp="314" pin="1"/><net_sink comp="110" pin=0"/></net>

<net id="325"><net_src comp="199" pin="2"/><net_sink comp="322" pin=0"/></net>

<net id="326"><net_src comp="322" pin="1"/><net_sink comp="132" pin=2"/></net>

<net id="330"><net_src comp="103" pin="3"/><net_sink comp="327" pin=0"/></net>

<net id="331"><net_src comp="327" pin="1"/><net_sink comp="110" pin=0"/></net>

<net id="335"><net_src comp="163" pin="2"/><net_sink comp="332" pin=0"/></net>

<net id="336"><net_src comp="332" pin="1"/><net_sink comp="120" pin=2"/></net>

</net_list>

</model> 
---------------- Datapath Model END ------------------

* FSMD analyzer results:
  - Output states:
	Port: out_r | {38 }
	Port: data_in_0 | {2 }
	Port: data_in_1 | {2 }
	Port: data_in_2 | {2 }
	Port: data_in_3 | {2 }
	Port: data_in_4 | {2 }
	Port: data_in_5 | {2 }
	Port: data_in_6 | {2 }
	Port: data_in_7 | {2 }
	Port: data_in_8 | {2 }
 - Input state : 
	Port: fir : probe_in | {1 }
	Port: fir : coeff | {2 3 21 }
	Port: fir : data_in_0 | {2 }
	Port: fir : data_in_1 | {2 }
	Port: fir : data_in_2 | {2 }
	Port: fir : data_in_3 | {2 }
	Port: fir : data_in_4 | {2 }
	Port: fir : data_in_5 | {2 }
	Port: fir : data_in_6 | {2 }
	Port: fir : data_in_7 | {2 }
	Port: fir : data_in_8 | {2 }
  - Chain level:
	State 1
	State 2
		tmp : 1
		StgValue_53 : 2
		i_1 : 1
		StgValue_56 : 1
		data_in_load_phi : 1
		tmp_3 : 1
		StgValue_77 : 1
		StgValue_78 : 2
		StgValue_80 : 2
		StgValue_82 : 2
		StgValue_84 : 2
		StgValue_86 : 2
		StgValue_88 : 2
		StgValue_90 : 2
		StgValue_92 : 2
		coeff_addr_1 : 2
		coeff_load : 3
	State 3
	State 4
	State 5
	State 6
	State 7
	State 8
	State 9
	State 10
	State 11
	State 12
	State 13
	State 14
	State 15
	State 16
	State 17
	State 18
	State 19
	State 20
	State 21
	State 22
	State 23
	State 24
	State 25
	State 26
	State 27
	State 28
	State 29
	State 30
	State 31
	State 32
	State 33
	State 34
	State 35
	State 36
	State 37
	State 38
		StgValue_135 : 1


============================================================
+ Verbose Summary: Datapath Resource usage 
============================================================

* Functional unit list:
|----------|--------------------------|---------|---------|---------|
| Operation|      Functional Unit     |  DSP48E |    FF   |   LUT   |
|----------|--------------------------|---------|---------|---------|
|   dadd   |        grp_fu_163        |    3    |   445   |   1149  |
|----------|--------------------------|---------|---------|---------|
|  sitodp  |        grp_fu_174        |    0    |   412   |   645   |
|----------|--------------------------|---------|---------|---------|
|   dmul   |        grp_fu_169        |    11   |   317   |   578   |
|----------|--------------------------|---------|---------|---------|
|    add   |        i_1_fu_199        |    0    |    0    |    13   |
|----------|--------------------------|---------|---------|---------|
|   icmp   |        tmp_fu_193        |    0    |    0    |    9    |
|----------|--------------------------|---------|---------|---------|
|   read   | probe_in_read_read_fu_82 |    0    |    0    |    0    |
|----------|--------------------------|---------|---------|---------|
|   write  | StgValue_135_write_fu_88 |    0    |    0    |    0    |
|----------|--------------------------|---------|---------|---------|
|   zext   |       tmp_3_fu_250       |    0    |    0    |    0    |
|----------|--------------------------|---------|---------|---------|
|   Total  |                          |    14   |   1174  |   2394  |
|----------|--------------------------|---------|---------|---------|

Memories:
N/A

* Register list:
+------------------------+--------+
|                        |   FF   |
+------------------------+--------+
|      acc_1_reg_332     |   64   |
|       acc_reg_116      |   64   |
|  coeff_addr_1_reg_327  |    4   |
|   coeff_addr_reg_314   |    4   |
|data_in_load_phi_reg_139|   64   |
|       i_1_reg_322      |    4   |
|        i_reg_128       |    4   |
|  probe_in_read_reg_308 |   64   |
|         reg_177        |   32   |
|         reg_182        |   64   |
|         reg_188        |   64   |
+------------------------+--------+
|          Total         |   432  |
+------------------------+--------+

* Multiplexer (MUX) list: 
|-------------------|------|------|------|--------||---------||---------|
|        Comp       |  Pin | Size |  BW  | S x BW ||  Delay  ||   LUT   |
|-------------------|------|------|------|--------||---------||---------|
| grp_access_fu_110 |  p0  |   3  |   4  |   12   ||    15   |
|    acc_reg_116    |  p0  |   2  |  64  |   128  ||    9    |
|     grp_fu_169    |  p0  |   2  |  64  |   128  ||    9    |
|     grp_fu_169    |  p1  |   2  |  64  |   128  ||    9    |
|-------------------|------|------|------|--------||---------||---------|
|       Total       |      |      |      |   396  || 7.12175 ||    42   |
|-------------------|------|------|------|--------||---------||---------|



* Summary:
+-----------+--------+--------+--------+--------+
|           | DSP48E |  Delay |   FF   |   LUT  |
+-----------+--------+--------+--------+--------+
|  Function |   14   |    -   |  1174  |  2394  |
|   Memory  |    -   |    -   |    -   |    -   |
|Multiplexer|    -   |    7   |    -   |   42   |
|  Register |    -   |    -   |   432  |    -   |
+-----------+--------+--------+--------+--------+
|   Total   |   14   |    7   |  1606  |  2436  |
+-----------+--------+--------+--------+--------+
